<?xml version="1.0" encoding="UTF-8"?>
<coverage generated="1775245141070" clover="3.2.0">
  <project timestamp="1775245141070" name="All files">
    <metrics statements="1620" coveredstatements="1448" conditionals="1282" coveredconditionals="970" methods="319" coveredmethods="252" elements="3221" coveredelements="2670" complexity="0" loc="1620" ncloc="1620" packages="8" files="21" classes="21"/>
    <package name="api">
      <metrics statements="63" coveredstatements="62" conditionals="23" coveredconditionals="23" methods="22" coveredmethods="22"/>
      <file name="client.ts" path="/Users/kennethstott/PycharmProjects/constat/constat-ui/src/api/client.ts">
        <metrics statements="63" coveredstatements="62" conditionals="23" coveredconditionals="23" methods="22" coveredmethods="22"/>
        <line num="15" count="2" type="stmt"/>
        <line num="18" count="2" type="stmt"/>
        <line num="19" count="2" type="stmt"/>
        <line num="20" count="2" type="stmt"/>
        <line num="24" count="18" type="stmt"/>
        <line num="25" count="18" type="stmt"/>
        <line num="26" count="18" type="stmt"/>
        <line num="28" count="18" type="stmt"/>
        <line num="29" count="18" type="stmt"/>
        <line num="34" count="20" type="stmt"/>
        <line num="35" count="20" type="stmt"/>
        <line num="40" count="15" type="cond" truecount="4" falsecount="0"/>
        <line num="41" count="1" type="stmt"/>
        <line num="44" count="14" type="cond" truecount="4" falsecount="0"/>
        <line num="45" count="5" type="stmt"/>
        <line num="47" count="9" type="stmt"/>
        <line num="51" count="6" type="stmt"/>
        <line num="60" count="22" type="stmt"/>
        <line num="61" count="28" type="stmt"/>
        <line num="62" count="28" type="stmt"/>
        <line num="63" count="27" type="stmt"/>
        <line num="65" count="16" type="stmt"/>
        <line num="66" count="16" type="cond" truecount="4" falsecount="0"/>
        <line num="67" count="6" type="stmt"/>
        <line num="68" count="6" type="stmt"/>
        <line num="69" count="6" type="stmt"/>
        <line num="71" count="10" type="stmt"/>
        <line num="75" count="0" type="stmt"/>
        <line num="79" count="27" type="cond" truecount="2" falsecount="0"/>
        <line num="81" count="15" type="cond" truecount="4" falsecount="0"/>
        <line num="82" count="1" type="stmt"/>
        <line num="85" count="15" type="stmt"/>
        <line num="86" count="15" type="stmt"/>
        <line num="90" count="15" type="stmt"/>
        <line num="93" count="12" type="cond" truecount="2" falsecount="0"/>
        <line num="94" count="1" type="stmt"/>
        <line num="96" count="11" type="stmt"/>
        <line num="100" count="14" type="stmt"/>
        <line num="101" count="14" type="stmt"/>
        <line num="102" count="20" type="stmt"/>
        <line num="108" count="2" type="stmt"/>
        <line num="109" count="2" type="stmt"/>
        <line num="110" count="2" type="stmt"/>
        <line num="120" count="1" type="stmt"/>
        <line num="121" count="1" type="stmt"/>
        <line num="122" count="1" type="stmt"/>
        <line num="132" count="1" type="stmt"/>
        <line num="133" count="1" type="stmt"/>
        <line num="134" count="1" type="stmt"/>
        <line num="144" count="2" type="stmt"/>
        <line num="145" count="2" type="stmt"/>
        <line num="146" count="2" type="stmt"/>
        <line num="155" count="1" type="stmt"/>
        <line num="156" count="1" type="stmt"/>
        <line num="159" count="1" type="stmt"/>
        <line num="161" count="1" type="stmt"/>
        <line num="162" count="1" type="stmt"/>
        <line num="175" count="1" type="stmt"/>
        <line num="176" count="1" type="stmt"/>
        <line num="177" count="2" type="stmt"/>
        <line num="181" count="1" type="stmt"/>
        <line num="183" count="1" type="stmt"/>
        <line num="184" count="1" type="stmt"/>
      </file>
    </package>
    <package name="config">
      <metrics statements="70" coveredstatements="70" conditionals="59" coveredconditionals="58" methods="13" coveredmethods="13"/>
      <file name="auth-helpers.ts" path="/Users/kennethstott/PycharmProjects/constat/constat-ui/src/config/auth-helpers.ts">
        <metrics statements="7" coveredstatements="7" conditionals="6" coveredconditionals="6" methods="2" coveredmethods="2"/>
        <line num="18" count="5" type="cond" truecount="2" falsecount="0"/>
        <line num="19" count="4" type="stmt"/>
        <line num="24" count="3" type="stmt"/>
        <line num="25" count="3" type="cond" truecount="2" falsecount="0"/>
        <line num="26" count="2" type="stmt"/>
        <line num="27" count="2" type="cond" truecount="2" falsecount="0"/>
        <line num="29" count="3" type="stmt"/>
      </file>
      <file name="firebase.ts" path="/Users/kennethstott/PycharmProjects/constat/constat-ui/src/config/firebase.ts">
        <metrics statements="63" coveredstatements="63" conditionals="53" coveredconditionals="52" methods="11" coveredmethods="11"/>
        <line num="32" count="28" type="stmt"/>
        <line num="42" count="28" type="stmt"/>
        <line num="45" count="28" type="stmt"/>
        <line num="46" count="28" type="stmt"/>
        <line num="47" count="28" type="stmt"/>
        <line num="49" count="28" type="cond" truecount="4" falsecount="0"/>
        <line num="50" count="16" type="stmt"/>
        <line num="51" count="16" type="stmt"/>
        <line num="52" count="16" type="stmt"/>
        <line num="57" count="2" type="cond" truecount="5" falsecount="0"/>
        <line num="58" count="1" type="stmt"/>
        <line num="59" count="1" type="stmt"/>
        <line num="61" count="1" type="stmt"/>
        <line num="62" count="1" type="stmt"/>
        <line num="66" count="2" type="cond" truecount="4" falsecount="0"/>
        <line num="67" count="1" type="stmt"/>
        <line num="68" count="1" type="stmt"/>
        <line num="70" count="1" type="stmt"/>
        <line num="71" count="1" type="stmt"/>
        <line num="75" count="2" type="cond" truecount="4" falsecount="0"/>
        <line num="76" count="1" type="stmt"/>
        <line num="77" count="1" type="stmt"/>
        <line num="79" count="1" type="stmt"/>
        <line num="81" count="1" type="cond" truecount="1" falsecount="1"/>
        <line num="82" count="1" type="stmt"/>
        <line num="84" count="1" type="stmt"/>
        <line num="88" count="2" type="cond" truecount="4" falsecount="0"/>
        <line num="89" count="1" type="stmt"/>
        <line num="90" count="1" type="stmt"/>
        <line num="92" count="1" type="stmt"/>
        <line num="97" count="2" type="cond" truecount="4" falsecount="0"/>
        <line num="98" count="1" type="stmt"/>
        <line num="99" count="1" type="stmt"/>
        <line num="102" count="1" type="stmt"/>
        <line num="108" count="1" type="stmt"/>
        <line num="110" count="1" type="stmt"/>
        <line num="114" count="2" type="cond" truecount="4" falsecount="0"/>
        <line num="115" count="1" type="stmt"/>
        <line num="117" count="1" type="stmt"/>
        <line num="121" count="5" type="cond" truecount="4" falsecount="0"/>
        <line num="122" count="1" type="stmt"/>
        <line num="123" count="1" type="stmt"/>
        <line num="126" count="4" type="cond" truecount="2" falsecount="0"/>
        <line num="127" count="1" type="stmt"/>
        <line num="131" count="3" type="cond" truecount="2" falsecount="0"/>
        <line num="132" count="5" type="cond" truecount="2" falsecount="0"/>
        <line num="133" count="1" type="stmt"/>
        <line num="136" count="2" type="stmt"/>
        <line num="138" count="2" type="stmt"/>
        <line num="139" count="2" type="stmt"/>
        <line num="143" count="2" type="cond" truecount="4" falsecount="0"/>
        <line num="144" count="1" type="stmt"/>
        <line num="146" count="1" type="stmt"/>
        <line num="150" count="3" type="cond" truecount="2" falsecount="0"/>
        <line num="151" count="1" type="stmt"/>
        <line num="153" count="2" type="stmt"/>
        <line num="154" count="3" type="cond" truecount="2" falsecount="0"/>
        <line num="155" count="1" type="stmt"/>
        <line num="157" count="1" type="stmt"/>
        <line num="161" count="2" type="cond" truecount="4" falsecount="0"/>
        <line num="163" count="1" type="stmt"/>
        <line num="164" count="1" type="stmt"/>
        <line num="166" count="1" type="stmt"/>
      </file>
    </package>
    <package name="contexts">
      <metrics statements="477" coveredstatements="401" conditionals="288" coveredconditionals="175" methods="86" coveredmethods="62"/>
      <file name="AuthContext.tsx" path="/Users/kennethstott/PycharmProjects/constat/constat-ui/src/contexts/AuthContext.tsx">
        <metrics statements="160" coveredstatements="155" conditionals="83" coveredconditionals="66" methods="20" coveredmethods="20"/>
        <line num="31" count="2" type="stmt"/>
        <line num="75" count="2" type="stmt"/>
        <line num="78" count="89" type="stmt"/>
        <line num="79" count="89" type="stmt"/>
        <line num="80" count="89" type="stmt"/>
        <line num="81" count="89" type="stmt"/>
        <line num="82" count="89" type="stmt"/>
        <line num="83" count="89" type="stmt"/>
        <line num="85" count="89" type="stmt"/>
        <line num="86" count="89" type="stmt"/>
        <line num="89" count="89" type="stmt"/>
        <line num="93" count="89" type="cond" truecount="2" falsecount="0"/>
        <line num="96" count="89" type="stmt"/>
        <line num="97" count="52" type="cond" truecount="2" falsecount="0"/>
        <line num="98" count="15" type="stmt"/>
        <line num="99" count="2" type="stmt"/>
        <line num="100" count="2" type="cond" truecount="2" falsecount="0"/>
        <line num="101" count="1" type="stmt"/>
        <line num="102" count="1" type="stmt"/>
        <line num="104" count="1" type="stmt"/>
        <line num="106" count="2" type="stmt"/>
        <line num="107" count="2" type="stmt"/>
        <line num="109" count="15" type="stmt"/>
        <line num="112" count="89" type="stmt"/>
        <line num="113" count="5" type="stmt"/>
        <line num="115" count="89" type="stmt"/>
        <line num="116" count="2" type="stmt"/>
        <line num="117" count="2" type="stmt"/>
        <line num="118" count="2" type="stmt"/>
        <line num="119" count="2" type="stmt"/>
        <line num="120" count="1" type="stmt"/>
        <line num="122" count="1" type="cond" truecount="1" falsecount="1"/>
        <line num="123" count="1" type="stmt"/>
        <line num="124" count="1" type="stmt"/>
        <line num="126" count="2" type="stmt"/>
        <line num="130" count="89" type="stmt"/>
        <line num="131" count="2" type="stmt"/>
        <line num="132" count="2" type="stmt"/>
        <line num="133" count="2" type="stmt"/>
        <line num="134" count="2" type="stmt"/>
        <line num="135" count="2" type="stmt"/>
        <line num="139" count="1" type="stmt"/>
        <line num="141" count="1" type="cond" truecount="1" falsecount="1"/>
        <line num="142" count="1" type="stmt"/>
        <line num="143" count="1" type="stmt"/>
        <line num="145" count="2" type="stmt"/>
        <line num="149" count="89" type="stmt"/>
        <line num="150" count="3" type="cond" truecount="2" falsecount="0"/>
        <line num="151" count="2" type="stmt"/>
        <line num="152" count="2" type="stmt"/>
        <line num="153" count="2" type="stmt"/>
        <line num="154" count="2" type="stmt"/>
        <line num="156" count="1" type="cond" truecount="1" falsecount="1"/>
        <line num="157" count="1" type="stmt"/>
        <line num="158" count="1" type="stmt"/>
        <line num="162" count="89" type="stmt"/>
        <line num="163" count="1" type="stmt"/>
        <line num="164" count="1" type="stmt"/>
        <line num="165" count="1" type="stmt"/>
        <line num="167" count="1" type="stmt"/>
        <line num="168" count="1" type="stmt"/>
        <line num="169" count="1" type="stmt"/>
        <line num="170" count="1" type="cond" truecount="2" falsecount="0"/>
        <line num="171" count="1" type="cond" truecount="1" falsecount="1"/>
        <line num="173" count="0" type="stmt"/>
        <line num="174" count="0" type="stmt"/>
        <line num="176" count="0" type="stmt"/>
        <line num="177" count="0" type="stmt"/>
        <line num="181" count="0" type="stmt"/>
        <line num="183" count="1" type="cond" truecount="1" falsecount="1"/>
        <line num="184" count="1" type="stmt"/>
        <line num="185" count="1" type="stmt"/>
        <line num="187" count="1" type="stmt"/>
        <line num="191" count="89" type="stmt"/>
        <line num="192" count="3" type="cond" truecount="2" falsecount="0"/>
        <line num="193" count="2" type="stmt"/>
        <line num="194" count="2" type="stmt"/>
        <line num="195" count="2" type="stmt"/>
        <line num="196" count="2" type="stmt"/>
        <line num="197" count="1" type="cond" truecount="3" falsecount="1"/>
        <line num="198" count="1" type="stmt"/>
        <line num="199" count="1" type="stmt"/>
        <line num="200" count="1" type="stmt"/>
        <line num="201" count="1" type="stmt"/>
        <line num="204" count="1" type="cond" truecount="1" falsecount="1"/>
        <line num="205" count="1" type="cond" truecount="1" falsecount="1"/>
        <line num="206" count="1" type="stmt"/>
        <line num="207" count="1" type="stmt"/>
        <line num="211" count="89" type="stmt"/>
        <line num="212" count="3" type="cond" truecount="2" falsecount="0"/>
        <line num="213" count="2" type="stmt"/>
        <line num="214" count="2" type="stmt"/>
        <line num="215" count="2" type="stmt"/>
        <line num="216" count="2" type="stmt"/>
        <line num="217" count="1" type="stmt"/>
        <line num="218" count="1" type="stmt"/>
        <line num="220" count="1" type="cond" truecount="1" falsecount="1"/>
        <line num="221" count="1" type="cond" truecount="1" falsecount="1"/>
        <line num="222" count="1" type="stmt"/>
        <line num="223" count="1" type="stmt"/>
        <line num="227" count="89" type="stmt"/>
        <line num="228" count="3" type="cond" truecount="2" falsecount="0"/>
        <line num="229" count="2" type="stmt"/>
        <line num="230" count="2" type="stmt"/>
        <line num="231" count="2" type="stmt"/>
        <line num="232" count="2" type="stmt"/>
        <line num="233" count="1" type="stmt"/>
        <line num="235" count="1" type="cond" truecount="1" falsecount="1"/>
        <line num="236" count="1" type="cond" truecount="1" falsecount="1"/>
        <line num="237" count="1" type="stmt"/>
        <line num="238" count="1" type="stmt"/>
        <line num="242" count="89" type="stmt"/>
        <line num="243" count="3" type="cond" truecount="2" falsecount="0"/>
        <line num="244" count="2" type="stmt"/>
        <line num="245" count="2" type="stmt"/>
        <line num="246" count="2" type="stmt"/>
        <line num="247" count="2" type="stmt"/>
        <line num="248" count="1" type="stmt"/>
        <line num="250" count="1" type="cond" truecount="1" falsecount="1"/>
        <line num="251" count="1" type="cond" truecount="1" falsecount="1"/>
        <line num="252" count="1" type="stmt"/>
        <line num="253" count="1" type="stmt"/>
        <line num="257" count="89" type="stmt"/>
        <line num="258" count="2" type="cond" truecount="2" falsecount="0"/>
        <line num="259" count="1" type="stmt"/>
        <line num="260" count="1" type="stmt"/>
        <line num="261" count="1" type="stmt"/>
        <line num="262" count="1" type="stmt"/>
        <line num="264" count="1" type="cond" truecount="1" falsecount="1"/>
        <line num="265" count="1" type="cond" truecount="1" falsecount="1"/>
        <line num="266" count="1" type="stmt"/>
        <line num="267" count="1" type="stmt"/>
        <line num="271" count="89" type="stmt"/>
        <line num="272" count="2" type="cond" truecount="2" falsecount="0"/>
        <line num="273" count="1" type="stmt"/>
        <line num="276" count="89" type="stmt"/>
        <line num="277" count="3" type="stmt"/>
        <line num="278" count="3" type="stmt"/>
        <line num="279" count="3" type="stmt"/>
        <line num="280" count="3" type="stmt"/>
        <line num="281" count="2" type="cond" truecount="2" falsecount="0"/>
        <line num="282" count="1" type="stmt"/>
        <line num="284" count="2" type="stmt"/>
        <line num="285" count="2" type="stmt"/>
        <line num="287" count="1" type="cond" truecount="1" falsecount="1"/>
        <line num="288" count="1" type="stmt"/>
        <line num="290" count="3" type="stmt"/>
        <line num="294" count="89" type="stmt"/>
        <line num="295" count="90" type="cond" truecount="2" falsecount="0"/>
        <line num="296" count="30" type="cond" truecount="2" falsecount="0"/>
        <line num="299" count="89" type="stmt"/>
        <line num="300" count="64" type="cond" truecount="2" falsecount="0"/>
        <line num="301" count="19" type="cond" truecount="2" falsecount="0"/>
        <line num="304" count="89" type="stmt"/>
        <line num="305" count="89" type="stmt"/>
        <line num="307" count="89" type="stmt"/>
        <line num="335" count="89" type="stmt"/>
        <line num="339" count="92" type="stmt"/>
        <line num="340" count="92" type="cond" truecount="2" falsecount="0"/>
        <line num="341" count="87" type="stmt"/>
      </file>
      <file name="SessionContext.tsx" path="/Users/kennethstott/PycharmProjects/constat/constat-ui/src/contexts/SessionContext.tsx">
        <metrics statements="317" coveredstatements="246" conditionals="205" coveredconditionals="109" methods="66" coveredmethods="42"/>
        <line num="188" count="2" type="stmt"/>
        <line num="191" count="98" type="stmt"/>
        <line num="194" count="98" type="stmt"/>
        <line num="195" count="98" type="stmt"/>
        <line num="196" count="98" type="stmt"/>
        <line num="197" count="98" type="stmt"/>
        <line num="198" count="98" type="stmt"/>
        <line num="199" count="98" type="stmt"/>
        <line num="202" count="98" type="stmt"/>
        <line num="205" count="98" type="stmt"/>
        <line num="206" count="98" type="stmt"/>
        <line num="207" count="98" type="stmt"/>
        <line num="208" count="98" type="stmt"/>
        <line num="209" count="98" type="stmt"/>
        <line num="210" count="98" type="stmt"/>
        <line num="213" count="98" type="stmt"/>
        <line num="214" count="98" type="stmt"/>
        <line num="215" count="98" type="stmt"/>
        <line num="218" count="98" type="stmt"/>
        <line num="219" count="98" type="stmt"/>
        <line num="220" count="98" type="stmt"/>
        <line num="221" count="98" type="stmt"/>
        <line num="222" count="98" type="stmt"/>
        <line num="223" count="98" type="stmt"/>
        <line num="224" count="98" type="stmt"/>
        <line num="227" count="98" type="stmt"/>
        <line num="233" count="98" type="stmt"/>
        <line num="234" count="79" type="stmt"/>
        <line num="235" count="79" type="stmt"/>
        <line num="236" count="79" type="cond" truecount="2" falsecount="0"/>
        <line num="237" count="29" type="stmt"/>
        <line num="238" count="29" type="stmt"/>
        <line num="242" count="98" type="stmt"/>
        <line num="243" count="29" type="stmt"/>
        <line num="250" count="0" type="cond" truecount="0" falsecount="2"/>
        <line num="251" count="0" type="stmt"/>
        <line num="254" count="0" type="cond" truecount="0" falsecount="2"/>
        <line num="255" count="0" type="stmt"/>
        <line num="259" count="0" type="stmt"/>
        <line num="262" count="0" type="stmt"/>
        <line num="265" count="0" type="cond" truecount="0" falsecount="2"/>
        <line num="270" count="0" type="stmt"/>
        <line num="271" count="0" type="stmt"/>
        <line num="272" count="0" type="cond" truecount="0" falsecount="2"/>
        <line num="273" count="0" type="stmt"/>
        <line num="274" count="0" type="stmt"/>
        <line num="276" count="0" type="stmt"/>
        <line num="282" count="0" type="stmt"/>
        <line num="283" count="0" type="stmt"/>
        <line num="286" count="29" type="stmt"/>
        <line num="288" count="29" type="stmt"/>
        <line num="289" count="0" type="stmt"/>
        <line num="294" count="0" type="stmt"/>
        <line num="304" count="98" type="stmt"/>
        <line num="306" count="98" type="stmt"/>
        <line num="307" count="0" type="cond" truecount="0" falsecount="1"/>
        <line num="315" count="98" type="cond" truecount="1" falsecount="0"/>
        <line num="316" count="25" type="cond" truecount="2" falsecount="1"/>
        <line num="317" count="25" type="stmt"/>
        <line num="318" count="25" type="stmt"/>
        <line num="319" count="25" type="stmt"/>
        <line num="321" count="25" type="cond" truecount="2" falsecount="0"/>
        <line num="325" count="25" type="stmt"/>
        <line num="329" count="25" type="stmt"/>
        <line num="331" count="25" type="stmt"/>
        <line num="332" count="25" type="cond" truecount="2" falsecount="0"/>
        <line num="333" count="24" type="stmt"/>
        <line num="336" count="24" type="stmt"/>
        <line num="339" count="24" type="stmt"/>
        <line num="347" count="24" type="cond" truecount="1" falsecount="1"/>
        <line num="348" count="24" type="stmt"/>
        <line num="349" count="24" type="cond" truecount="4" falsecount="0"/>
        <line num="350" count="1" type="stmt"/>
        <line num="361" count="1" type="stmt"/>
        <line num="364" count="0" type="stmt"/>
        <line num="367" count="24" type="cond" truecount="2" falsecount="0"/>
        <line num="368" count="22" type="stmt"/>
        <line num="369" count="22" type="cond" truecount="4" falsecount="0"/>
        <line num="370" count="1" type="stmt"/>
        <line num="371" count="1" type="stmt"/>
        <line num="374" count="2" type="stmt"/>
        <line num="377" count="24" type="cond" truecount="1" falsecount="1"/>
        <line num="378" count="24" type="stmt"/>
        <line num="380" count="0" type="stmt"/>
        <line num="384" count="25" type="cond" truecount="1" falsecount="1"/>
        <line num="386" count="25" type="stmt"/>
        <line num="387" count="25" type="stmt"/>
        <line num="388" count="25" type="stmt"/>
        <line num="389" count="25" type="stmt"/>
        <line num="391" count="25" type="stmt"/>
        <line num="393" count="25" type="cond" truecount="2" falsecount="0"/>
        <line num="394" count="1" type="stmt"/>
        <line num="402" count="98" type="stmt"/>
        <line num="404" count="4" type="stmt"/>
        <line num="405" count="4" type="cond" truecount="2" falsecount="0"/>
        <line num="406" count="3" type="cond" truecount="2" falsecount="0"/>
        <line num="407" count="2" type="stmt"/>
        <line num="409" count="3" type="stmt"/>
        <line num="410" count="3" type="stmt"/>
        <line num="412" count="1" type="stmt"/>
        <line num="414" count="4" type="stmt"/>
        <line num="415" count="4" type="cond" truecount="2" falsecount="0"/>
        <line num="416" count="3" type="stmt"/>
        <line num="426" count="98" type="stmt"/>
        <line num="427" count="2" type="cond" truecount="1" falsecount="1"/>
        <line num="434" count="98" type="stmt"/>
        <line num="435" count="1" type="stmt"/>
        <line num="436" count="1" type="cond" truecount="1" falsecount="1"/>
        <line num="437" count="1" type="stmt"/>
        <line num="441" count="1" type="stmt"/>
        <line num="448" count="98" type="cond" truecount="1" falsecount="0"/>
        <line num="449" count="4" type="stmt"/>
        <line num="450" count="4" type="cond" truecount="2" falsecount="0"/>
        <line num="452" count="3" type="stmt"/>
        <line num="455" count="3" type="stmt"/>
        <line num="456" count="3" type="stmt"/>
        <line num="457" count="3" type="cond" truecount="2" falsecount="2"/>
        <line num="458" count="0" type="stmt"/>
        <line num="459" count="0" type="cond" truecount="0" falsecount="4"/>
        <line num="460" count="0" type="stmt"/>
        <line num="465" count="3" type="stmt"/>
        <line num="466" count="3" type="cond" truecount="2" falsecount="0"/>
        <line num="467" count="1" type="stmt"/>
        <line num="471" count="3" type="cond" truecount="2" falsecount="0"/>
        <line num="472" count="4" type="cond" truecount="1" falsecount="1"/>
        <line num="473" count="0" type="stmt"/>
        <line num="474" count="0" type="stmt"/>
        <line num="484" count="0" type="stmt"/>
        <line num="485" count="0" type="stmt"/>
        <line num="486" count="0" type="stmt"/>
        <line num="497" count="0" type="cond" truecount="0" falsecount="2"/>
        <line num="498" count="0" type="stmt"/>
        <line num="503" count="0" type="stmt"/>
        <line num="507" count="3" type="cond" truecount="2" falsecount="3"/>
        <line num="508" count="0" type="stmt"/>
        <line num="513" count="3" type="cond" truecount="4" falsecount="0"/>
        <line num="518" count="4" type="cond" truecount="1" falsecount="1"/>
        <line num="519" count="0" type="stmt"/>
        <line num="527" count="0" type="stmt"/>
        <line num="531" count="3" type="stmt"/>
        <line num="542" count="4" type="stmt"/>
        <line num="543" count="4" type="cond" truecount="2" falsecount="0"/>
        <line num="544" count="4" type="stmt"/>
        <line num="546" count="4" type="stmt"/>
        <line num="553" count="3" type="stmt"/>
        <line num="556" count="3" type="cond" truecount="5" falsecount="0"/>
        <line num="558" count="2" type="stmt"/>
        <line num="560" count="2" type="stmt"/>
        <line num="561" count="2" type="cond" truecount="4" falsecount="0"/>
        <line num="562" count="1" type="stmt"/>
        <line num="563" count="1" type="cond" truecount="1" falsecount="1"/>
        <line num="564" count="1" type="stmt"/>
        <line num="565" count="1" type="stmt"/>
        <line num="568" count="2" type="stmt"/>
        <line num="578" count="2" type="stmt"/>
        <line num="587" count="98" type="stmt"/>
        <line num="588" count="49" type="stmt"/>
        <line num="592" count="98" type="stmt"/>
        <line num="593" count="0" type="stmt"/>
        <line num="596" count="98" type="stmt"/>
        <line num="597" count="0" type="stmt"/>
        <line num="601" count="98" type="stmt"/>
        <line num="602" count="2" type="stmt"/>
        <line num="603" count="2" type="cond" truecount="2" falsecount="0"/>
        <line num="604" count="1" type="stmt"/>
        <line num="608" count="1" type="stmt"/>
        <line num="611" count="98" type="stmt"/>
        <line num="612" count="49" type="stmt"/>
        <line num="619" count="98" type="stmt"/>
        <line num="620" count="1" type="stmt"/>
        <line num="621" count="1" type="cond" truecount="1" falsecount="1"/>
        <line num="622" count="1" type="stmt"/>
        <line num="626" count="1" type="stmt"/>
        <line num="633" count="98" type="stmt"/>
        <line num="638" count="2" type="stmt"/>
        <line num="639" count="2" type="cond" truecount="1" falsecount="1"/>
        <line num="640" count="2" type="stmt"/>
        <line num="649" count="2" type="cond" truecount="4" falsecount="0"/>
        <line num="650" count="1" type="stmt"/>
        <line num="652" count="1" type="cond" truecount="2" falsecount="0"/>
        <line num="653" count="1" type="cond" truecount="2" falsecount="0"/>
        <line num="654" count="1" type="stmt"/>
        <line num="656" count="0" type="cond" truecount="0" falsecount="2"/>
        <line num="657" count="0" type="stmt"/>
        <line num="659" count="0" type="stmt"/>
        <line num="668" count="2" type="stmt"/>
        <line num="671" count="0" type="cond" truecount="0" falsecount="3"/>
        <line num="673" count="0" type="stmt"/>
        <line num="675" count="2" type="stmt"/>
        <line num="676" count="2" type="stmt"/>
        <line num="677" count="1" type="stmt"/>
        <line num="679" count="1" type="stmt"/>
        <line num="680" count="1" type="stmt"/>
        <line num="681" count="1" type="stmt"/>
        <line num="696" count="2" type="cond" truecount="0" falsecount="4"/>
        <line num="698" count="2" type="stmt"/>
        <line num="706" count="2" type="cond" truecount="1" falsecount="1"/>
        <line num="707" count="0" type="stmt"/>
        <line num="710" count="2" type="stmt"/>
        <line num="719" count="98" type="stmt"/>
        <line num="721" count="2" type="stmt"/>
        <line num="722" count="2" type="cond" truecount="1" falsecount="1"/>
        <line num="724" count="2" type="cond" truecount="4" falsecount="0"/>
        <line num="725" count="1" type="stmt"/>
        <line num="734" count="1" type="stmt"/>
        <line num="741" count="1" type="stmt"/>
        <line num="743" count="1" type="stmt"/>
        <line num="752" count="1" type="stmt"/>
        <line num="759" count="1" type="stmt"/>
        <line num="769" count="98" type="stmt"/>
        <line num="771" count="0" type="stmt"/>
        <line num="772" count="0" type="cond" truecount="0" falsecount="2"/>
        <line num="775" count="0" type="cond" truecount="0" falsecount="3"/>
        <line num="777" count="0" type="cond" truecount="0" falsecount="2"/>
        <line num="778" count="0" type="stmt"/>
        <line num="779" count="0" type="stmt"/>
        <line num="780" count="0" type="stmt"/>
        <line num="781" count="0" type="stmt"/>
        <line num="782" count="0" type="cond" truecount="0" falsecount="2"/>
        <line num="783" count="0" type="stmt"/>
        <line num="784" count="0" type="cond" truecount="0" falsecount="2"/>
        <line num="785" count="0" type="stmt"/>
        <line num="790" count="0" type="cond" truecount="0" falsecount="2"/>
        <line num="791" count="0" type="stmt"/>
        <line num="792" count="0" type="cond" truecount="0" falsecount="2"/>
        <line num="793" count="0" type="stmt"/>
        <line num="802" count="0" type="stmt"/>
        <line num="805" count="0" type="stmt"/>
        <line num="807" count="0" type="cond" truecount="0" falsecount="2"/>
        <line num="809" count="0" type="cond" truecount="0" falsecount="2"/>
        <line num="813" count="0" type="stmt"/>
        <line num="820" count="0" type="cond" truecount="0" falsecount="2"/>
        <line num="822" count="0" type="stmt"/>
        <line num="836" count="98" type="stmt"/>
        <line num="837" count="1" type="stmt"/>
        <line num="838" count="1" type="stmt"/>
        <line num="839" count="1" type="cond" truecount="1" falsecount="1"/>
        <line num="840" count="0" type="stmt"/>
        <line num="845" count="0" type="stmt"/>
        <line num="847" count="1" type="stmt"/>
        <line num="848" count="1" type="cond" truecount="1" falsecount="1"/>
        <line num="855" count="98" type="stmt"/>
        <line num="856" count="1" type="stmt"/>
        <line num="859" count="98" type="stmt"/>
        <line num="860" count="1" type="stmt"/>
        <line num="863" count="98" type="stmt"/>
        <line num="864" count="1" type="stmt"/>
        <line num="871" count="98" type="stmt"/>
        <line num="872" count="1" type="stmt"/>
        <line num="879" count="98" type="stmt"/>
        <line num="882" count="1" type="stmt"/>
        <line num="892" count="1" type="stmt"/>
        <line num="893" count="1" type="cond" truecount="1" falsecount="1"/>
        <line num="894" count="1" type="stmt"/>
        <line num="899" count="0" type="stmt"/>
        <line num="909" count="98" type="stmt"/>
        <line num="910" count="1" type="stmt"/>
        <line num="911" count="1" type="stmt"/>
        <line num="912" count="1" type="cond" truecount="1" falsecount="1"/>
        <line num="913" count="1" type="stmt"/>
        <line num="918" count="0" type="stmt"/>
        <line num="922" count="98" type="stmt"/>
        <line num="923" count="1" type="stmt"/>
        <line num="924" count="1" type="stmt"/>
        <line num="925" count="1" type="cond" truecount="1" falsecount="1"/>
        <line num="926" count="1" type="stmt"/>
        <line num="931" count="0" type="stmt"/>
        <line num="939" count="98" type="stmt"/>
        <line num="940" count="2" type="stmt"/>
        <line num="941" count="2" type="cond" truecount="1" falsecount="1"/>
        <line num="942" count="2" type="stmt"/>
        <line num="943" count="2" type="stmt"/>
        <line num="944" count="2" type="stmt"/>
        <line num="945" count="2" type="stmt"/>
        <line num="949" count="1" type="cond" truecount="1" falsecount="1"/>
        <line num="950" count="1" type="stmt"/>
        <line num="951" count="1" type="cond" truecount="1" falsecount="1"/>
        <line num="952" count="1" type="cond" truecount="2" falsecount="0"/>
        <line num="955" count="1" type="stmt"/>
        <line num="959" count="98" type="stmt"/>
        <line num="960" count="2" type="stmt"/>
        <line num="961" count="2" type="cond" truecount="1" falsecount="1"/>
        <line num="962" count="2" type="stmt"/>
        <line num="963" count="2" type="stmt"/>
        <line num="967" count="1" type="stmt"/>
        <line num="968" count="1" type="stmt"/>
        <line num="969" count="1" type="stmt"/>
        <line num="970" count="1" type="stmt"/>
        <line num="972" count="1" type="stmt"/>
        <line num="974" count="1" type="stmt"/>
        <line num="982" count="98" type="stmt"/>
        <line num="983" count="2" type="stmt"/>
        <line num="984" count="2" type="cond" truecount="2" falsecount="0"/>
        <line num="986" count="1" type="stmt"/>
        <line num="987" count="1" type="stmt"/>
        <line num="990" count="1" type="stmt"/>
        <line num="996" count="1" type="stmt"/>
        <line num="999" count="0" type="stmt"/>
        <line num="1002" count="1" type="stmt"/>
        <line num="1003" count="1" type="cond" truecount="1" falsecount="1"/>
        <line num="1015" count="2" type="stmt"/>
        <line num="1016" count="2" type="stmt"/>
        <line num="1017" count="2" type="stmt"/>
        <line num="1018" count="2" type="cond" truecount="1" falsecount="1"/>
        <line num="1021" count="2" type="stmt"/>
        <line num="1024" count="2" type="stmt"/>
        <line num="1025" count="1" type="stmt"/>
        <line num="1028" count="1" type="stmt"/>
        <line num="1038" count="98" type="stmt"/>
        <line num="1039" count="49" type="stmt"/>
        <line num="1040" count="49" type="stmt"/>
        <line num="1048" count="98" type="stmt"/>
        <line num="1049" count="94" type="stmt"/>
        <line num="1141" count="98" type="stmt"/>
        <line num="1145" count="99" type="stmt"/>
        <line num="1146" count="99" type="cond" truecount="2" falsecount="0"/>
        <line num="1147" count="94" type="stmt"/>
      </file>
    </package>
    <package name="events">
      <metrics statements="429" coveredstatements="404" conditionals="499" coveredconditionals="395" methods="69" coveredmethods="59"/>
      <file name="sessionEventHandler.ts" path="/Users/kennethstott/PycharmProjects/constat/constat-ui/src/events/sessionEventHandler.ts">
        <metrics statements="428" coveredstatements="403" conditionals="499" coveredconditionals="395" methods="69" coveredmethods="59"/>
        <line num="54" count="9" type="stmt"/>
        <line num="55" count="9" type="stmt"/>
        <line num="59" count="9" type="stmt"/>
        <line num="61" count="18" type="stmt"/>
        <line num="63" count="9" type="stmt"/>
        <line num="76" count="11" type="stmt"/>
        <line num="77" count="11" type="cond" truecount="2" falsecount="0"/>
        <line num="78" count="10" type="stmt"/>
        <line num="81" count="10" type="cond" truecount="1" falsecount="1"/>
        <line num="93" count="5" type="cond" truecount="2" falsecount="0"/>
        <line num="94" count="5" type="cond" truecount="2" falsecount="0"/>
        <line num="95" count="1" type="stmt"/>
        <line num="98" count="1" type="cond" truecount="1" falsecount="1"/>
        <line num="101" count="1" type="cond" truecount="3" falsecount="1"/>
        <line num="102" count="1" type="stmt"/>
        <line num="104" count="0" type="stmt"/>
        <line num="106" count="4" type="stmt"/>
        <line num="107" count="4" type="stmt"/>
        <line num="114" count="4" type="stmt"/>
        <line num="123" count="19" type="stmt"/>
        <line num="124" count="19" type="cond" truecount="2" falsecount="0"/>
        <line num="125" count="1" type="stmt"/>
        <line num="127" count="2" type="stmt"/>
        <line num="132" count="19" type="cond" truecount="2" falsecount="0"/>
        <line num="133" count="1" type="stmt"/>
        <line num="135" count="1" type="stmt"/>
        <line num="139" count="19" type="stmt"/>
        <line num="143" count="13" type="stmt"/>
        <line num="146" count="8" type="cond" truecount="4" falsecount="0"/>
        <line num="162" count="111" type="cond" truecount="21" falsecount="1"/>
        <line num="164" count="1" type="stmt"/>
        <line num="171" count="1" type="stmt"/>
        <line num="189" count="1" type="stmt"/>
        <line num="198" count="2" type="stmt"/>
        <line num="202" count="1" type="cond" truecount="4" falsecount="1"/>
        <line num="217" count="2" type="cond" truecount="2" falsecount="0"/>
        <line num="218" count="1" type="stmt"/>
        <line num="220" count="1" type="stmt"/>
        <line num="224" count="3" type="stmt"/>
        <line num="229" count="3" type="cond" truecount="1" falsecount="1"/>
        <line num="230" count="3" type="cond" truecount="2" falsecount="0"/>
        <line num="231" count="1" type="stmt"/>
        <line num="232" count="1" type="cond" truecount="1" falsecount="1"/>
        <line num="233" count="1" type="stmt"/>
        <line num="234" count="1" type="stmt"/>
        <line num="235" count="1" type="cond" truecount="1" falsecount="1"/>
        <line num="236" count="1" type="stmt"/>
        <line num="237" count="1" type="stmt"/>
        <line num="240" count="1" type="stmt"/>
        <line num="241" count="1" type="stmt"/>
        <line num="242" count="1" type="stmt"/>
        <line num="245" count="2" type="stmt"/>
        <line num="247" count="0" type="stmt"/>
        <line num="251" count="2" type="stmt"/>
        <line num="258" count="2" type="stmt"/>
        <line num="266" count="2" type="stmt"/>
        <line num="274" count="1" type="stmt"/>
        <line num="282" count="1" type="stmt"/>
        <line num="285" count="1" type="stmt"/>
        <line num="288" count="1" type="cond" truecount="1" falsecount="1"/>
        <line num="293" count="1" type="stmt"/>
        <line num="295" count="1" type="stmt"/>
        <line num="300" count="1" type="stmt"/>
        <line num="303" count="2" type="stmt"/>
        <line num="311" count="1" type="stmt"/>
        <line num="314" count="1" type="stmt"/>
        <line num="317" count="1" type="stmt"/>
        <line num="320" count="1" type="stmt"/>
        <line num="322" count="1" type="stmt"/>
        <line num="326" count="1" type="stmt"/>
        <line num="329" count="2" type="stmt"/>
        <line num="349" count="82" type="stmt"/>
        <line num="352" count="0" type="stmt"/>
        <line num="361" count="82" type="cond" truecount="53" falsecount="0"/>
        <line num="364" count="1" type="stmt"/>
        <line num="367" count="3" type="stmt"/>
        <line num="368" count="3" type="cond" truecount="2" falsecount="0"/>
        <line num="370" count="2" type="stmt"/>
        <line num="372" count="1" type="stmt"/>
        <line num="376" count="2" type="stmt"/>
        <line num="377" count="2" type="cond" truecount="4" falsecount="0"/>
        <line num="380" count="2" type="cond" truecount="1" falsecount="1"/>
        <line num="384" count="3" type="stmt"/>
        <line num="387" count="1" type="stmt"/>
        <line num="388" count="1" type="stmt"/>
        <line num="391" count="3" type="cond" truecount="4" falsecount="0"/>
        <line num="400" count="1" type="stmt"/>
        <line num="403" count="1" type="stmt"/>
        <line num="406" count="3" type="stmt"/>
        <line num="407" count="3" type="stmt"/>
        <line num="408" count="3" type="stmt"/>
        <line num="410" count="3" type="stmt"/>
        <line num="411" count="3" type="cond" truecount="1" falsecount="1"/>
        <line num="412" count="3" type="cond" truecount="4" falsecount="0"/>
        <line num="414" count="3" type="cond" truecount="1" falsecount="1"/>
        <line num="415" count="3" type="cond" truecount="2" falsecount="0"/>
        <line num="416" count="3" type="cond" truecount="2" falsecount="0"/>
        <line num="417" count="2" type="stmt"/>
        <line num="420" count="2" type="cond" truecount="1" falsecount="1"/>
        <line num="425" count="3" type="stmt"/>
        <line num="429" count="3" type="stmt"/>
        <line num="430" count="3" type="stmt"/>
        <line num="431" count="3" type="cond" truecount="2" falsecount="0"/>
        <line num="432" count="1" type="stmt"/>
        <line num="434" count="2" type="cond" truecount="1" falsecount="1"/>
        <line num="435" count="3" type="stmt"/>
        <line num="436" count="1" type="cond" truecount="3" falsecount="0"/>
        <line num="438" count="3" type="stmt"/>
        <line num="439" count="3" type="stmt"/>
        <line num="440" count="4" type="stmt"/>
        <line num="442" count="3" type="stmt"/>
        <line num="443" count="3" type="stmt"/>
        <line num="444" count="3" type="stmt"/>
        <line num="455" count="3" type="cond" truecount="2" falsecount="2"/>
        <line num="456" count="3" type="stmt"/>
        <line num="468" count="1" type="stmt"/>
        <line num="469" count="1" type="cond" truecount="1" falsecount="1"/>
        <line num="470" count="3" type="stmt"/>
        <line num="471" count="1" type="stmt"/>
        <line num="472" count="3" type="cond" truecount="4" falsecount="0"/>
        <line num="473" count="1" type="stmt"/>
        <line num="475" count="1" type="stmt"/>
        <line num="476" count="1" type="cond" truecount="1" falsecount="1"/>
        <line num="477" count="3" type="stmt"/>
        <line num="478" count="1" type="stmt"/>
        <line num="479" count="3" type="cond" truecount="2" falsecount="0"/>
        <line num="480" count="1" type="stmt"/>
        <line num="485" count="1" type="stmt"/>
        <line num="486" count="3" type="cond" truecount="2" falsecount="0"/>
        <line num="488" count="1" type="cond" truecount="1" falsecount="1"/>
        <line num="489" count="1" type="stmt"/>
        <line num="490" count="1" type="stmt"/>
        <line num="491" count="1" type="stmt"/>
        <line num="492" count="1" type="stmt"/>
        <line num="503" count="1" type="stmt"/>
        <line num="505" count="1" type="stmt"/>
        <line num="509" count="3" type="cond" truecount="1" falsecount="1"/>
        <line num="510" count="3" type="stmt"/>
        <line num="511" count="3" type="stmt"/>
        <line num="513" count="3" type="stmt"/>
        <line num="514" count="3" type="cond" truecount="1" falsecount="1"/>
        <line num="515" count="3" type="stmt"/>
        <line num="516" count="3" type="stmt"/>
        <line num="517" count="3" type="cond" truecount="4" falsecount="0"/>
        <line num="518" count="3" type="stmt"/>
        <line num="521" count="3" type="cond" truecount="1" falsecount="1"/>
        <line num="527" count="3" type="stmt"/>
        <line num="537" count="3" type="cond" truecount="2" falsecount="0"/>
        <line num="538" count="3" type="cond" truecount="2" falsecount="0"/>
        <line num="539" count="3" type="cond" truecount="2" falsecount="0"/>
        <line num="540" count="3" type="stmt"/>
        <line num="541" count="3" type="cond" truecount="2" falsecount="0"/>
        <line num="542" count="2" type="stmt"/>
        <line num="545" count="2" type="cond" truecount="1" falsecount="1"/>
        <line num="554" count="2" type="cond" truecount="1" falsecount="1"/>
        <line num="555" count="2" type="cond" truecount="1" falsecount="1"/>
        <line num="556" count="2" type="cond" truecount="1" falsecount="1"/>
        <line num="557" count="2" type="stmt"/>
        <line num="558" count="4" type="stmt"/>
        <line num="559" count="4" type="stmt"/>
        <line num="561" count="2" type="cond" truecount="1" falsecount="1"/>
        <line num="562" count="2" type="stmt"/>
        <line num="567" count="2" type="stmt"/>
        <line num="568" count="2" type="cond" truecount="1" falsecount="1"/>
        <line num="569" count="2" type="stmt"/>
        <line num="572" count="2" type="cond" truecount="3" falsecount="1"/>
        <line num="576" count="2" type="stmt"/>
        <line num="580" count="1" type="cond" truecount="1" falsecount="1"/>
        <line num="581" count="1" type="cond" truecount="1" falsecount="1"/>
        <line num="582" count="1" type="cond" truecount="1" falsecount="1"/>
        <line num="583" count="1" type="stmt"/>
        <line num="584" count="1" type="stmt"/>
        <line num="585" count="1" type="cond" truecount="3" falsecount="1"/>
        <line num="586" count="1" type="stmt"/>
        <line num="589" count="1" type="cond" truecount="1" falsecount="1"/>
        <line num="593" count="1" type="stmt"/>
        <line num="597" count="1" type="stmt"/>
        <line num="598" count="1" type="stmt"/>
        <line num="599" count="1" type="stmt"/>
        <line num="600" count="1" type="cond" truecount="1" falsecount="1"/>
        <line num="601" count="1" type="stmt"/>
        <line num="604" count="1" type="cond" truecount="3" falsecount="1"/>
        <line num="608" count="1" type="stmt"/>
        <line num="612" count="1" type="cond" truecount="1" falsecount="1"/>
        <line num="613" count="1" type="stmt"/>
        <line num="617" count="2" type="stmt"/>
        <line num="627" count="2" type="cond" truecount="2" falsecount="0"/>
        <line num="628" count="2" type="cond" truecount="2" falsecount="0"/>
        <line num="629" count="2" type="stmt"/>
        <line num="635" count="2" type="stmt"/>
        <line num="636" count="2" type="cond" truecount="2" falsecount="0"/>
        <line num="637" count="2" type="cond" truecount="2" falsecount="0"/>
        <line num="638" count="2" type="cond" truecount="2" falsecount="0"/>
        <line num="639" count="1" type="stmt"/>
        <line num="642" count="1" type="cond" truecount="1" falsecount="1"/>
        <line num="643" count="1" type="cond" truecount="1" falsecount="3"/>
        <line num="644" count="1" type="stmt"/>
        <line num="654" count="2" type="stmt"/>
        <line num="658" count="1" type="cond" truecount="1" falsecount="1"/>
        <line num="659" count="1" type="stmt"/>
        <line num="663" count="3" type="cond" truecount="1" falsecount="1"/>
        <line num="664" count="3" type="cond" truecount="2" falsecount="0"/>
        <line num="665" count="2" type="stmt"/>
        <line num="666" count="2" type="stmt"/>
        <line num="667" count="2" type="cond" truecount="2" falsecount="0"/>
        <line num="668" count="1" type="stmt"/>
        <line num="669" count="1" type="cond" truecount="1" falsecount="1"/>
        <line num="670" count="1" type="stmt"/>
        <line num="673" count="1" type="cond" truecount="1" falsecount="1"/>
        <line num="680" count="2" type="stmt"/>
        <line num="681" count="2" type="cond" truecount="1" falsecount="1"/>
        <line num="682" count="2" type="cond" truecount="2" falsecount="0"/>
        <line num="683" count="2" type="cond" truecount="2" falsecount="0"/>
        <line num="684" count="1" type="stmt"/>
        <line num="687" count="1" type="cond" truecount="1" falsecount="1"/>
        <line num="693" count="1" type="stmt"/>
        <line num="694" count="1" type="stmt"/>
        <line num="701" count="1" type="stmt"/>
        <line num="710" count="6" type="stmt"/>
        <line num="711" count="6" type="stmt"/>
        <line num="712" count="6" type="cond" truecount="2" falsecount="0"/>
        <line num="713" count="6" type="stmt"/>
        <line num="715" count="6" type="cond" truecount="2" falsecount="0"/>
        <line num="716" count="6" type="stmt"/>
        <line num="717" count="6" type="stmt"/>
        <line num="718" count="6" type="cond" truecount="2" falsecount="0"/>
        <line num="720" count="6" type="cond" truecount="5" falsecount="0"/>
        <line num="721" count="1" type="stmt"/>
        <line num="729" count="1" type="stmt"/>
        <line num="733" count="1" type="cond" truecount="2" falsecount="2"/>
        <line num="738" count="5" type="cond" truecount="2" falsecount="0"/>
        <line num="739" count="1" type="stmt"/>
        <line num="742" count="1" type="cond" truecount="1" falsecount="1"/>
        <line num="748" count="4" type="stmt"/>
        <line num="756" count="4" type="stmt"/>
        <line num="758" count="6" type="stmt"/>
        <line num="762" count="4" type="stmt"/>
        <line num="763" count="4" type="stmt"/>
        <line num="764" count="4" type="cond" truecount="2" falsecount="0"/>
        <line num="765" count="4" type="cond" truecount="2" falsecount="0"/>
        <line num="766" count="4" type="cond" truecount="2" falsecount="0"/>
        <line num="767" count="4" type="stmt"/>
        <line num="768" count="4" type="cond" truecount="4" falsecount="0"/>
        <line num="769" count="2" type="stmt"/>
        <line num="775" count="2" type="stmt"/>
        <line num="777" count="4" type="stmt"/>
        <line num="781" count="1" type="stmt"/>
        <line num="782" count="1" type="stmt"/>
        <line num="783" count="1" type="stmt"/>
        <line num="784" count="1" type="stmt"/>
        <line num="790" count="1" type="stmt"/>
        <line num="794" count="5" type="stmt"/>
        <line num="799" count="5" type="stmt"/>
        <line num="800" count="5" type="cond" truecount="1" falsecount="1"/>
        <line num="801" count="5" type="cond" truecount="2" falsecount="0"/>
        <line num="802" count="2" type="stmt"/>
        <line num="806" count="5" type="cond" truecount="2" falsecount="0"/>
        <line num="807" count="5" type="cond" truecount="2" falsecount="0"/>
        <line num="808" count="1" type="stmt"/>
        <line num="809" count="1" type="stmt"/>
        <line num="815" count="1" type="cond" truecount="1" falsecount="1"/>
        <line num="816" count="1" type="stmt"/>
        <line num="817" count="1" type="stmt"/>
        <line num="818" count="1" type="stmt"/>
        <line num="820" count="0" type="stmt"/>
        <line num="823" count="4" type="stmt"/>
        <line num="829" count="4" type="stmt"/>
        <line num="831" count="5" type="stmt"/>
        <line num="848" count="1" type="stmt"/>
        <line num="849" count="1" type="stmt"/>
        <line num="852" count="3" type="cond" truecount="5" falsecount="1"/>
        <line num="886" count="26" type="stmt"/>
        <line num="889" count="1" type="stmt"/>
        <line num="903" count="45" type="cond" truecount="35" falsecount="0"/>
        <line num="905" count="1" type="stmt"/>
        <line num="906" count="1" type="stmt"/>
        <line num="907" count="1" type="stmt"/>
        <line num="911" count="1" type="stmt"/>
        <line num="912" count="1" type="stmt"/>
        <line num="913" count="1" type="stmt"/>
        <line num="917" count="1" type="stmt"/>
        <line num="918" count="1" type="stmt"/>
        <line num="919" count="1" type="stmt"/>
        <line num="923" count="2" type="cond" truecount="1" falsecount="1"/>
        <line num="924" count="2" type="cond" truecount="2" falsecount="0"/>
        <line num="925" count="2" type="cond" truecount="2" falsecount="0"/>
        <line num="926" count="2" type="cond" truecount="2" falsecount="0"/>
        <line num="927" count="1" type="stmt"/>
        <line num="929" count="2" type="stmt"/>
        <line num="933" count="1" type="stmt"/>
        <line num="934" count="1" type="cond" truecount="1" falsecount="1"/>
        <line num="935" count="1" type="cond" truecount="1" falsecount="1"/>
        <line num="938" count="1" type="stmt"/>
        <line num="943" count="1" type="stmt"/>
        <line num="944" count="1" type="stmt"/>
        <line num="948" count="1" type="stmt"/>
        <line num="954" count="1" type="cond" truecount="2" falsecount="0"/>
        <line num="956" count="1" type="cond" truecount="2" falsecount="0"/>
        <line num="958" count="1" type="stmt"/>
        <line num="959" count="1" type="stmt"/>
        <line num="960" count="1" type="stmt"/>
        <line num="961" count="1" type="stmt"/>
        <line num="963" count="1" type="cond" truecount="1" falsecount="1"/>
        <line num="964" count="1" type="cond" truecount="1" falsecount="1"/>
        <line num="965" count="1" type="cond" truecount="1" falsecount="1"/>
        <line num="967" count="1" type="cond" truecount="1" falsecount="1"/>
        <line num="968" count="1" type="cond" truecount="1" falsecount="1"/>
        <line num="969" count="0" type="stmt"/>
        <line num="970" count="0" type="stmt"/>
        <line num="971" count="0" type="cond" truecount="0" falsecount="2"/>
        <line num="972" count="0" type="cond" truecount="0" falsecount="2"/>
        <line num="973" count="0" type="cond" truecount="0" falsecount="4"/>
        <line num="974" count="0" type="cond" truecount="0" falsecount="4"/>
        <line num="975" count="0" type="stmt"/>
        <line num="977" count="0" type="stmt"/>
        <line num="978" count="0" type="stmt"/>
        <line num="984" count="0" type="stmt"/>
        <line num="985" count="0" type="cond" truecount="0" falsecount="2"/>
        <line num="986" count="0" type="stmt"/>
        <line num="989" count="0" type="stmt"/>
        <line num="993" count="0" type="stmt"/>
        <line num="995" count="1" type="stmt"/>
        <line num="1000" count="1" type="stmt"/>
        <line num="1003" count="1" type="stmt"/>
        <line num="1008" count="3" type="stmt"/>
        <line num="1009" count="3" type="stmt"/>
        <line num="1010" count="3" type="cond" truecount="2" falsecount="0"/>
        <line num="1011" count="2" type="stmt"/>
        <line num="1024" count="2" type="stmt"/>
        <line num="1025" count="2" type="stmt"/>
        <line num="1026" count="2" type="cond" truecount="3" falsecount="1"/>
        <line num="1027" count="2" type="stmt"/>
        <line num="1033" count="3" type="stmt"/>
        <line num="1038" count="3" type="stmt"/>
        <line num="1039" count="3" type="cond" truecount="5" falsecount="0"/>
        <line num="1040" count="2" type="stmt"/>
        <line num="1041" count="2" type="cond" truecount="1" falsecount="1"/>
        <line num="1042" count="2" type="stmt"/>
        <line num="1059" count="2" type="stmt"/>
        <line num="1060" count="2" type="stmt"/>
        <line num="1061" count="2" type="cond" truecount="3" falsecount="1"/>
        <line num="1062" count="2" type="stmt"/>
        <line num="1069" count="3" type="stmt"/>
        <line num="1074" count="4" type="stmt"/>
        <line num="1075" count="4" type="cond" truecount="4" falsecount="0"/>
        <line num="1076" count="3" type="stmt"/>
        <line num="1077" count="3" type="cond" truecount="2" falsecount="0"/>
        <line num="1079" count="2" type="stmt"/>
        <line num="1080" count="2" type="stmt"/>
        <line num="1081" count="2" type="stmt"/>
        <line num="1092" count="2" type="stmt"/>
        <line num="1093" count="2" type="cond" truecount="2" falsecount="0"/>
        <line num="1094" count="1" type="stmt"/>
        <line num="1096" count="2" type="stmt"/>
        <line num="1103" count="4" type="stmt"/>
        <line num="1107" count="1" type="stmt"/>
        <line num="1109" count="1" type="stmt"/>
        <line num="1110" count="1" type="stmt"/>
        <line num="1119" count="6" type="stmt"/>
        <line num="1120" count="6" type="stmt"/>
        <line num="1123" count="2" type="stmt"/>
        <line num="1124" count="2" type="stmt"/>
        <line num="1125" count="2" type="cond" truecount="4" falsecount="0"/>
        <line num="1126" count="1" type="stmt"/>
        <line num="1135" count="2" type="stmt"/>
        <line num="1139" count="2" type="stmt"/>
        <line num="1140" count="2" type="stmt"/>
        <line num="1141" count="2" type="stmt"/>
        <line num="1142" count="2" type="cond" truecount="2" falsecount="0"/>
        <line num="1143" count="1" type="stmt"/>
        <line num="1144" count="0" type="stmt"/>
        <line num="1147" count="2" type="stmt"/>
        <line num="1151" count="1" type="stmt"/>
        <line num="1152" count="1" type="stmt"/>
        <line num="1153" count="0" type="cond" truecount="0" falsecount="2"/>
        <line num="1154" count="0" type="stmt"/>
        <line num="1155" count="0" type="cond" truecount="0" falsecount="2"/>
        <line num="1156" count="0" type="stmt"/>
        <line num="1157" count="0" type="stmt"/>
        <line num="1160" count="0" type="stmt"/>
        <line num="1163" count="1" type="stmt"/>
        <line num="1167" count="1" type="stmt"/>
        <line num="1168" count="1" type="stmt"/>
        <line num="1169" count="1" type="stmt"/>
        <line num="1173" count="1" type="stmt"/>
        <line num="1174" count="1" type="stmt"/>
        <line num="1177" count="1" type="stmt"/>
        <line num="1178" count="1" type="stmt"/>
        <line num="1179" count="1" type="stmt"/>
        <line num="1180" count="1" type="stmt"/>
        <line num="1181" count="1" type="stmt"/>
        <line num="1185" count="1" type="stmt"/>
        <line num="1186" count="1" type="stmt"/>
        <line num="1187" count="1" type="cond" truecount="1" falsecount="1"/>
        <line num="1188" count="1" type="stmt"/>
        <line num="1189" count="1" type="stmt"/>
        <line num="1190" count="1" type="stmt"/>
        <line num="1191" count="1" type="stmt"/>
        <line num="1192" count="1" type="stmt"/>
        <line num="1194" count="1" type="stmt"/>
        <line num="1198" count="1" type="stmt"/>
        <line num="1199" count="1" type="stmt"/>
        <line num="1200" count="1" type="stmt"/>
        <line num="1201" count="1" type="stmt"/>
        <line num="1204" count="1" type="stmt"/>
        <line num="1205" count="1" type="stmt"/>
        <line num="1206" count="1" type="stmt"/>
        <line num="1210" count="1" type="stmt"/>
        <line num="1211" count="1" type="stmt"/>
        <line num="1212" count="1" type="stmt"/>
        <line num="1216" count="1" type="stmt"/>
        <line num="1217" count="1" type="cond" truecount="1" falsecount="1"/>
        <line num="1218" count="1" type="stmt"/>
        <line num="1219" count="1" type="stmt"/>
        <line num="1223" count="2" type="stmt"/>
        <line num="1224" count="2" type="cond" truecount="4" falsecount="0"/>
        <line num="1225" count="1" type="stmt"/>
        <line num="1227" count="2" type="stmt"/>
        <line num="1231" count="1" type="stmt"/>
        <line num="1232" count="1" type="stmt"/>
        <line num="1235" count="1" type="stmt"/>
        <line num="1236" count="1" type="stmt"/>
        <line num="1239" count="1" type="stmt"/>
        <line num="1240" count="1" type="stmt"/>
        <line num="1241" count="1" type="stmt"/>
        <line num="1245" count="1" type="stmt"/>
        <line num="1246" count="1" type="stmt"/>
        <line num="1249" count="1" type="stmt"/>
      </file>
      <file name="types.ts" path="/Users/kennethstott/PycharmProjects/constat/constat-ui/src/events/types.ts">
        <metrics statements="1" coveredstatements="1" conditionals="0" coveredconditionals="0" methods="0" coveredmethods="0"/>
        <line num="93" count="4" type="stmt"/>
      </file>
    </package>
    <package name="graphql">
      <metrics statements="297" coveredstatements="243" conditionals="137" coveredconditionals="109" methods="76" coveredmethods="50"/>
      <file name="cache-policies.ts" path="/Users/kennethstott/PycharmProjects/constat/constat-ui/src/graphql/cache-policies.ts">
        <metrics statements="1" coveredstatements="1" conditionals="0" coveredconditionals="0" methods="0" coveredmethods="0"/>
        <line num="13" count="3" type="stmt"/>
      </file>
      <file name="client.ts" path="/Users/kennethstott/PycharmProjects/constat/constat-ui/src/graphql/client.ts">
        <metrics statements="41" coveredstatements="14" conditionals="10" coveredconditionals="1" methods="20" coveredmethods="4"/>
        <line num="21" count="3" type="stmt"/>
        <line num="22" count="3" type="stmt"/>
        <line num="28" count="3" type="stmt"/>
        <line num="29" count="3" type="stmt"/>
        <line num="30" count="3" type="stmt"/>
        <line num="31" count="1" type="stmt"/>
        <line num="33" count="3" type="stmt"/>
        <line num="34" count="3" type="stmt"/>
        <line num="39" count="0" type="stmt"/>
        <line num="40" count="0" type="stmt"/>
        <line num="41" count="0" type="stmt"/>
        <line num="42" count="0" type="stmt"/>
        <line num="43" count="0" type="cond" truecount="0" falsecount="2"/>
        <line num="44" count="0" type="stmt"/>
        <line num="49" count="0" type="stmt"/>
        <line num="50" count="0" type="stmt"/>
        <line num="51" count="0" type="stmt"/>
        <line num="52" count="0" type="stmt"/>
        <line num="53" count="0" type="stmt"/>
        <line num="54" count="0" type="stmt"/>
        <line num="59" count="0" type="stmt"/>
        <line num="60" count="0" type="stmt"/>
        <line num="61" count="0" type="stmt"/>
        <line num="62" count="0" type="stmt"/>
        <line num="63" count="0" type="stmt"/>
        <line num="64" count="0" type="stmt"/>
        <line num="69" count="3" type="stmt"/>
        <line num="72" count="0" type="stmt"/>
        <line num="73" count="0" type="stmt"/>
        <line num="74" count="0" type="cond" truecount="0" falsecount="2"/>
        <line num="75" count="0" type="stmt"/>
        <line num="77" count="0" type="stmt"/>
        <line num="81" count="3" type="stmt"/>
        <line num="85" count="0" type="stmt"/>
        <line num="86" count="0" type="cond" truecount="0" falsecount="2"/>
        <line num="91" count="3" type="stmt"/>
        <line num="93" count="0" type="stmt"/>
        <line num="94" count="0" type="cond" truecount="0" falsecount="2"/>
        <line num="100" count="3" type="stmt"/>
        <line num="102" count="3" type="stmt"/>
        <line num="109" count="3" type="stmt"/>
      </file>
      <file name="ui-state.ts" path="/Users/kennethstott/PycharmProjects/constat/constat-ui/src/graphql/ui-state.ts">
        <metrics statements="255" coveredstatements="228" conditionals="127" coveredconditionals="108" methods="56" coveredmethods="46"/>
        <line num="15" count="2" type="stmt"/>
        <line num="16" count="2" type="stmt"/>
        <line num="17" count="2" type="stmt"/>
        <line num="18" count="2" type="stmt"/>
        <line num="19" count="2" type="stmt"/>
        <line num="20" count="2" type="stmt"/>
        <line num="23" count="2" type="stmt"/>
        <line num="28" count="2" type="stmt"/>
        <line num="29" count="2" type="stmt"/>
        <line num="30" count="2" type="cond" truecount="2" falsecount="0"/>
        <line num="31" count="2" type="stmt"/>
        <line num="35" count="2" type="cond" truecount="2" falsecount="0"/>
        <line num="36" count="1" type="stmt"/>
        <line num="37" count="1" type="stmt"/>
        <line num="42" count="2" type="stmt"/>
        <line num="43" count="2" type="stmt"/>
        <line num="44" count="2" type="cond" truecount="2" falsecount="0"/>
        <line num="45" count="2" type="stmt"/>
        <line num="49" count="1" type="stmt"/>
        <line num="50" count="1" type="stmt"/>
        <line num="55" count="2" type="cond" truecount="2" falsecount="0"/>
        <line num="56" count="2" type="cond" truecount="2" falsecount="0"/>
        <line num="59" count="2" type="stmt"/>
        <line num="60" count="2" type="stmt"/>
        <line num="62" count="1" type="stmt"/>
        <line num="65" count="2" type="stmt"/>
        <line num="69" count="2" type="stmt"/>
        <line num="70" count="2" type="cond" truecount="2" falsecount="0"/>
        <line num="71" count="1" type="stmt"/>
        <line num="72" count="1" type="stmt"/>
        <line num="77" count="2" type="stmt"/>
        <line num="78" count="3" type="stmt"/>
        <line num="79" count="2" type="cond" truecount="2" falsecount="0"/>
        <line num="80" count="1" type="stmt"/>
        <line num="81" count="1" type="stmt"/>
        <line num="101" count="14" type="stmt"/>
        <line num="102" count="14" type="cond" truecount="2" falsecount="0"/>
        <line num="103" count="12" type="cond" truecount="5" falsecount="0"/>
        <line num="105" count="2" type="cond" truecount="2" falsecount="0"/>
        <line num="106" count="1" type="stmt"/>
        <line num="108" count="2" type="cond" truecount="2" falsecount="0"/>
        <line num="109" count="1" type="stmt"/>
        <line num="111" count="3" type="cond" truecount="2" falsecount="0"/>
        <line num="112" count="1" type="stmt"/>
        <line num="114" count="2" type="cond" truecount="2" falsecount="0"/>
        <line num="115" count="1" type="stmt"/>
        <line num="117" count="2" type="cond" truecount="2" falsecount="0"/>
        <line num="118" count="1" type="stmt"/>
        <line num="120" count="6" type="stmt"/>
        <line num="126" count="0" type="cond" truecount="0" falsecount="4"/>
        <line num="127" count="0" type="stmt"/>
        <line num="128" count="0" type="stmt"/>
        <line num="129" count="0" type="stmt"/>
        <line num="134" count="0" type="stmt"/>
        <line num="137" count="0" type="stmt"/>
        <line num="138" count="0" type="stmt"/>
        <line num="139" count="0" type="stmt"/>
        <line num="144" count="0" type="stmt"/>
        <line num="148" count="0" type="stmt"/>
        <line num="151" count="0" type="stmt"/>
        <line num="157" count="0" type="stmt"/>
        <line num="158" count="0" type="cond" truecount="0" falsecount="2"/>
        <line num="160" count="0" type="stmt"/>
        <line num="166" count="0" type="stmt"/>
        <line num="167" count="0" type="cond" truecount="0" falsecount="2"/>
        <line num="170" count="0" type="cond" truecount="0" falsecount="4"/>
        <line num="171" count="0" type="stmt"/>
        <line num="172" count="0" type="stmt"/>
        <line num="177" count="0" type="stmt"/>
        <line num="180" count="2" type="stmt"/>
        <line num="183" count="2" type="stmt"/>
        <line num="187" count="2" type="stmt"/>
        <line num="188" count="2" type="cond" truecount="2" falsecount="0"/>
        <line num="189" count="2" type="stmt"/>
        <line num="203" count="2" type="stmt"/>
        <line num="206" count="2" type="stmt"/>
        <line num="210" count="1" type="stmt"/>
        <line num="215" count="2" type="stmt"/>
        <line num="218" count="1" type="stmt"/>
        <line num="224" count="2" type="cond" truecount="2" falsecount="0"/>
        <line num="225" count="2" type="cond" truecount="2" falsecount="0"/>
        <line num="228" count="4" type="stmt"/>
        <line num="229" count="4" type="cond" truecount="5" falsecount="0"/>
        <line num="230" count="2" type="stmt"/>
        <line num="232" count="2" type="stmt"/>
        <line num="234" count="4" type="stmt"/>
        <line num="239" count="2" type="cond" truecount="2" falsecount="0"/>
        <line num="240" count="2" type="cond" truecount="2" falsecount="0"/>
        <line num="243" count="2" type="stmt"/>
        <line num="244" count="2" type="stmt"/>
        <line num="245" count="2" type="stmt"/>
        <line num="251" count="2" type="cond" truecount="2" falsecount="0"/>
        <line num="252" count="2" type="cond" truecount="2" falsecount="0"/>
        <line num="255" count="3" type="stmt"/>
        <line num="256" count="3" type="stmt"/>
        <line num="260" count="1" type="stmt"/>
        <line num="265" count="2" type="stmt"/>
        <line num="270" count="2" type="stmt"/>
        <line num="271" count="2" type="cond" truecount="2" falsecount="0"/>
        <line num="276" count="2" type="stmt"/>
        <line num="277" count="2" type="stmt"/>
        <line num="278" count="2" type="stmt"/>
        <line num="281" count="2" type="stmt"/>
        <line num="282" count="2" type="cond" truecount="2" falsecount="0"/>
        <line num="283" count="1" type="stmt"/>
        <line num="284" count="1" type="stmt"/>
        <line num="288" count="2" type="stmt"/>
        <line num="291" count="1" type="stmt"/>
        <line num="292" count="1" type="stmt"/>
        <line num="327" count="2" type="stmt"/>
        <line num="328" count="2" type="stmt"/>
        <line num="329" count="2" type="stmt"/>
        <line num="330" count="2" type="stmt"/>
        <line num="331" count="2" type="stmt"/>
        <line num="332" count="2" type="stmt"/>
        <line num="333" count="2" type="stmt"/>
        <line num="334" count="2" type="stmt"/>
        <line num="337" count="12" type="stmt"/>
        <line num="338" count="12" type="stmt"/>
        <line num="339" count="12" type="cond" truecount="2" falsecount="0"/>
        <line num="340" count="2" type="stmt"/>
        <line num="341" count="2" type="stmt"/>
        <line num="342" count="2" type="stmt"/>
        <line num="344" count="10" type="stmt"/>
        <line num="345" count="10" type="stmt"/>
        <line num="346" count="10" type="stmt"/>
        <line num="351" count="5" type="stmt"/>
        <line num="352" count="5" type="stmt"/>
        <line num="356" count="1" type="stmt"/>
        <line num="360" count="1" type="stmt"/>
        <line num="361" count="2" type="stmt"/>
        <line num="362" count="1" type="stmt"/>
        <line num="366" count="3" type="stmt"/>
        <line num="367" count="1" type="cond" truecount="0" falsecount="2"/>
        <line num="371" count="1" type="stmt"/>
        <line num="372" count="1" type="stmt"/>
        <line num="373" count="1" type="stmt"/>
        <line num="374" count="1" type="stmt"/>
        <line num="375" count="1" type="stmt"/>
        <line num="376" count="1" type="stmt"/>
        <line num="377" count="1" type="stmt"/>
        <line num="378" count="1" type="stmt"/>
        <line num="383" count="2" type="stmt"/>
        <line num="389" count="2" type="stmt"/>
        <line num="392" count="4" type="stmt"/>
        <line num="393" count="4" type="cond" truecount="2" falsecount="0"/>
        <line num="394" count="3" type="stmt"/>
        <line num="395" count="4" type="stmt"/>
        <line num="399" count="2" type="stmt"/>
        <line num="400" count="2" type="cond" truecount="2" falsecount="0"/>
        <line num="401" count="1" type="stmt"/>
        <line num="402" count="1" type="stmt"/>
        <line num="403" count="1" type="stmt"/>
        <line num="415" count="2" type="stmt"/>
        <line num="417" count="2" type="stmt"/>
        <line num="420" count="5" type="stmt"/>
        <line num="421" count="5" type="stmt"/>
        <line num="422" count="5" type="stmt"/>
        <line num="426" count="3" type="stmt"/>
        <line num="451" count="2" type="stmt"/>
        <line num="452" count="2" type="stmt"/>
        <line num="453" count="2" type="stmt"/>
        <line num="454" count="2" type="stmt"/>
        <line num="455" count="2" type="stmt"/>
        <line num="456" count="2" type="stmt"/>
        <line num="457" count="2" type="stmt"/>
        <line num="459" count="2" type="stmt"/>
        <line num="460" count="1" type="stmt"/>
        <line num="461" count="2" type="stmt"/>
        <line num="464" count="1" type="stmt"/>
        <line num="465" count="1" type="stmt"/>
        <line num="466" count="1" type="stmt"/>
        <line num="467" count="1" type="stmt"/>
        <line num="468" count="1" type="stmt"/>
        <line num="472" count="1" type="stmt"/>
        <line num="476" count="3" type="stmt"/>
        <line num="477" count="3" type="stmt"/>
        <line num="478" count="3" type="stmt"/>
        <line num="480" count="3" type="stmt"/>
        <line num="481" count="3" type="stmt"/>
        <line num="482" count="3" type="stmt"/>
        <line num="483" count="3" type="stmt"/>
        <line num="484" count="3" type="stmt"/>
        <line num="485" count="3" type="cond" truecount="2" falsecount="0"/>
        <line num="486" count="3" type="stmt"/>
        <line num="490" count="22" type="stmt"/>
        <line num="491" count="22" type="stmt"/>
        <line num="493" count="22" type="cond" truecount="2" falsecount="0"/>
        <line num="494" count="1" type="stmt"/>
        <line num="495" count="1" type="stmt"/>
        <line num="496" count="1" type="stmt"/>
        <line num="497" count="1" type="stmt"/>
        <line num="498" count="1" type="stmt"/>
        <line num="500" count="21" type="cond" truecount="2" falsecount="0"/>
        <line num="501" count="1" type="stmt"/>
        <line num="502" count="1" type="stmt"/>
        <line num="503" count="1" type="stmt"/>
        <line num="504" count="1" type="stmt"/>
        <line num="505" count="1" type="stmt"/>
        <line num="507" count="20" type="cond" truecount="2" falsecount="0"/>
        <line num="508" count="1" type="stmt"/>
        <line num="509" count="1" type="stmt"/>
        <line num="510" count="1" type="stmt"/>
        <line num="511" count="1" type="stmt"/>
        <line num="512" count="1" type="stmt"/>
        <line num="514" count="19" type="cond" truecount="2" falsecount="0"/>
        <line num="515" count="2" type="stmt"/>
        <line num="516" count="2" type="cond" truecount="2" falsecount="0"/>
        <line num="517" count="2" type="cond" truecount="2" falsecount="0"/>
        <line num="518" count="1" type="stmt"/>
        <line num="519" count="1" type="stmt"/>
        <line num="521" count="1" type="stmt"/>
        <line num="522" count="1" type="stmt"/>
        <line num="524" count="2" type="stmt"/>
        <line num="527" count="17" type="cond" truecount="2" falsecount="0"/>
        <line num="528" count="3" type="cond" truecount="2" falsecount="0"/>
        <line num="529" count="3" type="cond" truecount="2" falsecount="0"/>
        <line num="530" count="2" type="stmt"/>
        <line num="531" count="2" type="stmt"/>
        <line num="532" count="2" type="cond" truecount="2" falsecount="0"/>
        <line num="533" count="1" type="stmt"/>
        <line num="534" count="1" type="stmt"/>
        <line num="536" count="2" type="stmt"/>
        <line num="539" count="14" type="cond" truecount="2" falsecount="0"/>
        <line num="541" count="13" type="stmt"/>
        <line num="542" count="13" type="cond" truecount="2" falsecount="0"/>
        <line num="549" count="22" type="cond" truecount="6" falsecount="0"/>
        <line num="551" count="7" type="stmt"/>
        <line num="557" count="7" type="stmt"/>
        <line num="558" count="7" type="stmt"/>
        <line num="559" count="7" type="stmt"/>
        <line num="562" count="1" type="stmt"/>
        <line num="563" count="1" type="stmt"/>
        <line num="564" count="1" type="stmt"/>
        <line num="567" count="1" type="stmt"/>
        <line num="568" count="1" type="stmt"/>
        <line num="569" count="1" type="stmt"/>
        <line num="572" count="2" type="stmt"/>
        <line num="584" count="2" type="stmt"/>
        <line num="585" count="2" type="stmt"/>
        <line num="588" count="1" type="stmt"/>
        <line num="589" count="1" type="stmt"/>
        <line num="590" count="1" type="stmt"/>
        <line num="593" count="1" type="stmt"/>
        <line num="594" count="1" type="stmt"/>
        <line num="595" count="1" type="stmt"/>
        <line num="603" count="0" type="stmt"/>
        <line num="604" count="0" type="stmt"/>
        <line num="605" count="0" type="stmt"/>
        <line num="607" count="0" type="cond" truecount="0" falsecount="2"/>
        <line num="608" count="0" type="stmt"/>
        <line num="609" count="0" type="cond" truecount="0" falsecount="2"/>
        <line num="610" count="0" type="stmt"/>
        <line num="619" count="16" type="stmt"/>
        <line num="628" count="16" type="stmt"/>
      </file>
    </package>
    <package name="graphql.operations">
      <metrics statements="117" coveredstatements="113" conditionals="190" coveredconditionals="142" methods="27" coveredmethods="23"/>
      <file name="auth.ts" path="/Users/kennethstott/PycharmProjects/constat/constat-ui/src/graphql/operations/auth.ts">
        <metrics statements="11" coveredstatements="11" conditionals="0" coveredconditionals="0" methods="0" coveredmethods="0"/>
        <line num="13" count="3" type="stmt"/>
        <line num="23" count="3" type="stmt"/>
        <line num="33" count="3" type="stmt"/>
        <line num="39" count="3" type="stmt"/>
        <line num="53" count="3" type="stmt"/>
        <line num="71" count="3" type="stmt"/>
        <line num="79" count="3" type="stmt"/>
        <line num="85" count="3" type="stmt"/>
        <line num="93" count="3" type="stmt"/>
        <line num="104" count="3" type="stmt"/>
        <line num="114" count="3" type="stmt"/>
      </file>
      <file name="data.ts" path="/Users/kennethstott/PycharmProjects/constat/constat-ui/src/graphql/operations/data.ts">
        <metrics statements="30" coveredstatements="30" conditionals="70" coveredconditionals="69" methods="11" coveredmethods="11"/>
        <line num="15" count="3" type="stmt"/>
        <line num="34" count="3" type="stmt"/>
        <line num="48" count="3" type="stmt"/>
        <line num="63" count="3" type="stmt"/>
        <line num="77" count="3" type="stmt"/>
        <line num="100" count="3" type="stmt"/>
        <line num="113" count="3" type="stmt"/>
        <line num="129" count="3" type="stmt"/>
        <line num="147" count="3" type="stmt"/>
        <line num="174" count="3" type="stmt"/>
        <line num="183" count="3" type="stmt"/>
        <line num="192" count="3" type="stmt"/>
        <line num="201" count="3" type="stmt"/>
        <line num="210" count="3" type="stmt"/>
        <line num="224" count="3" type="stmt"/>
        <line num="237" count="3" type="stmt"/>
        <line num="245" count="3" type="stmt"/>
        <line num="253" count="3" type="stmt"/>
        <line num="263" count="3" type="stmt"/>
        <line num="277" count="1" type="stmt"/>
        <line num="290" count="3" type="stmt"/>
        <line num="293" count="2" type="cond" truecount="2" falsecount="0"/>
        <line num="304" count="2" type="stmt"/>
        <line num="307" count="2" type="cond" truecount="2" falsecount="0"/>
        <line num="319" count="2" type="stmt"/>
        <line num="334" count="2" type="stmt"/>
        <line num="354" count="2" type="stmt"/>
        <line num="367" count="2" type="stmt"/>
        <line num="381" count="2" type="stmt"/>
        <line num="388" count="2" type="cond" truecount="2" falsecount="0"/>
      </file>
      <file name="execution.ts" path="/Users/kennethstott/PycharmProjects/constat/constat-ui/src/graphql/operations/execution.ts">
        <metrics statements="13" coveredstatements="12" conditionals="4" coveredconditionals="0" methods="1" coveredmethods="0"/>
        <line num="16" count="1" type="stmt"/>
        <line num="30" count="1" type="stmt"/>
        <line num="55" count="1" type="stmt"/>
        <line num="65" count="1" type="stmt"/>
        <line num="74" count="1" type="stmt"/>
        <line num="83" count="1" type="stmt"/>
        <line num="92" count="1" type="stmt"/>
        <line num="101" count="1" type="stmt"/>
        <line num="110" count="1" type="stmt"/>
        <line num="119" count="1" type="stmt"/>
        <line num="128" count="1" type="stmt"/>
        <line num="141" count="1" type="stmt"/>
        <line num="155" count="0" type="stmt"/>
      </file>
      <file name="learnings.ts" path="/Users/kennethstott/PycharmProjects/constat/constat-ui/src/graphql/operations/learnings.ts">
        <metrics statements="23" coveredstatements="20" conditionals="28" coveredconditionals="0" methods="3" coveredmethods="0"/>
        <line num="15" count="1" type="stmt"/>
        <line num="43" count="1" type="stmt"/>
        <line num="61" count="1" type="stmt"/>
        <line num="71" count="1" type="stmt"/>
        <line num="85" count="1" type="stmt"/>
        <line num="101" count="1" type="stmt"/>
        <line num="110" count="1" type="stmt"/>
        <line num="125" count="1" type="stmt"/>
        <line num="140" count="1" type="stmt"/>
        <line num="149" count="1" type="stmt"/>
        <line num="159" count="1" type="stmt"/>
        <line num="168" count="1" type="stmt"/>
        <line num="180" count="1" type="stmt"/>
        <line num="189" count="1" type="stmt"/>
        <line num="198" count="1" type="stmt"/>
        <line num="208" count="1" type="stmt"/>
        <line num="219" count="1" type="stmt"/>
        <line num="229" count="1" type="stmt"/>
        <line num="238" count="1" type="stmt"/>
        <line num="247" count="1" type="stmt"/>
        <line num="262" count="0" type="stmt"/>
        <line num="276" count="0" type="stmt"/>
        <line num="291" count="0" type="stmt"/>
      </file>
      <file name="sessions.ts" path="/Users/kennethstott/PycharmProjects/constat/constat-ui/src/graphql/operations/sessions.ts">
        <metrics statements="13" coveredstatements="13" conditionals="16" coveredconditionals="10" methods="1" coveredmethods="1"/>
        <line num="17" count="6" type="stmt"/>
        <line num="35" count="4" type="stmt"/>
        <line num="54" count="4" type="stmt"/>
        <line num="66" count="4" type="stmt"/>
        <line num="75" count="4" type="stmt"/>
        <line num="81" count="4" type="stmt"/>
        <line num="89" count="4" type="stmt"/>
        <line num="98" count="4" type="stmt"/>
        <line num="104" count="4" type="stmt"/>
        <line num="114" count="4" type="stmt"/>
        <line num="123" count="4" type="stmt"/>
        <line num="129" count="4" type="stmt"/>
        <line num="135" count="4" type="stmt"/>
      </file>
      <file name="state.ts" path="/Users/kennethstott/PycharmProjects/constat/constat-ui/src/graphql/operations/state.ts">
        <metrics statements="27" coveredstatements="27" conditionals="72" coveredconditionals="63" methods="11" coveredmethods="11"/>
        <line num="15" count="3" type="stmt"/>
        <line num="30" count="3" type="stmt"/>
        <line num="47" count="3" type="stmt"/>
        <line num="64" count="3" type="stmt"/>
        <line num="70" count="3" type="stmt"/>
        <line num="80" count="3" type="stmt"/>
        <line num="86" count="3" type="stmt"/>
        <line num="101" count="3" type="stmt"/>
        <line num="124" count="3" type="stmt"/>
        <line num="142" count="3" type="stmt"/>
        <line num="156" count="3" type="stmt"/>
        <line num="173" count="3" type="stmt"/>
        <line num="186" count="3" type="stmt"/>
        <line num="212" count="3" type="stmt"/>
        <line num="221" count="3" type="stmt"/>
        <line num="230" count="3" type="stmt"/>
        <line num="243" count="2" type="stmt"/>
        <line num="254" count="1" type="stmt"/>
        <line num="267" count="1" type="stmt"/>
        <line num="280" count="2" type="stmt"/>
        <line num="295" count="2" type="stmt"/>
        <line num="314" count="2" type="stmt"/>
        <line num="317" count="1" type="cond" truecount="2" falsecount="0"/>
        <line num="327" count="1" type="stmt"/>
        <line num="340" count="2" type="stmt"/>
        <line num="349" count="2" type="stmt"/>
        <line num="356" count="2" type="cond" truecount="2" falsecount="0"/>
      </file>
    </package>
    <package name="hooks">
      <metrics statements="81" coveredstatements="71" conditionals="20" coveredconditionals="12" methods="17" coveredmethods="15"/>
      <file name="usePasskey.ts" path="/Users/kennethstott/PycharmProjects/constat/constat-ui/src/hooks/usePasskey.ts">
        <metrics statements="66" coveredstatements="56" conditionals="14" coveredconditionals="6" methods="13" coveredmethods="11"/>
        <line num="58" count="1" type="stmt"/>
        <line num="61" count="10" type="stmt"/>
        <line num="62" count="10" type="stmt"/>
        <line num="64" count="10" type="stmt"/>
        <line num="65" count="10" type="stmt"/>
        <line num="66" count="10" type="stmt"/>
        <line num="67" count="10" type="stmt"/>
        <line num="69" count="10" type="stmt"/>
        <line num="70" count="1" type="stmt"/>
        <line num="71" count="1" type="stmt"/>
        <line num="72" count="1" type="stmt"/>
        <line num="74" count="1" type="stmt"/>
        <line num="75" count="1" type="stmt"/>
        <line num="78" count="1" type="stmt"/>
        <line num="82" count="1" type="cond" truecount="1" falsecount="1"/>
        <line num="83" count="0" type="stmt"/>
        <line num="87" count="1" type="stmt"/>
        <line num="88" count="1" type="stmt"/>
        <line num="95" count="0" type="cond" truecount="0" falsecount="2"/>
        <line num="96" count="0" type="stmt"/>
        <line num="97" count="0" type="stmt"/>
        <line num="99" count="1" type="stmt"/>
        <line num="103" count="10" type="stmt"/>
        <line num="104" count="2" type="stmt"/>
        <line num="105" count="2" type="stmt"/>
        <line num="106" count="2" type="stmt"/>
        <line num="108" count="2" type="stmt"/>
        <line num="109" count="2" type="stmt"/>
        <line num="112" count="2" type="stmt"/>
        <line num="113" count="2" type="stmt"/>
        <line num="120" count="2" type="stmt"/>
        <line num="124" count="2" type="cond" truecount="1" falsecount="1"/>
        <line num="125" count="0" type="stmt"/>
        <line num="129" count="2" type="stmt"/>
        <line num="130" count="2" type="stmt"/>
        <line num="131" count="2" type="cond" truecount="1" falsecount="1"/>
        <line num="134" count="2" type="stmt"/>
        <line num="135" count="2" type="stmt"/>
        <line num="143" count="2" type="stmt"/>
        <line num="145" count="0" type="cond" truecount="0" falsecount="2"/>
        <line num="146" count="0" type="stmt"/>
        <line num="147" count="0" type="stmt"/>
        <line num="149" count="2" type="stmt"/>
        <line num="153" count="10" type="stmt"/>
        <line num="154" count="2" type="stmt"/>
        <line num="155" count="2" type="stmt"/>
        <line num="156" count="1" type="stmt"/>
        <line num="158" count="1" type="stmt"/>
        <line num="162" count="10" type="stmt"/>
        <line num="194" count="4" type="stmt"/>
        <line num="195" count="4" type="cond" truecount="2" falsecount="0"/>
        <line num="196" count="4" type="stmt"/>
        <line num="197" count="4" type="stmt"/>
        <line num="198" count="32" type="stmt"/>
        <line num="199" count="4" type="stmt"/>
        <line num="203" count="13" type="stmt"/>
        <line num="204" count="13" type="stmt"/>
        <line num="205" count="104" type="stmt"/>
        <line num="206" count="13" type="stmt"/>
        <line num="210" count="1" type="stmt"/>
        <line num="218" count="1" type="stmt"/>
        <line num="223" count="0" type="stmt"/>
        <line num="234" count="2" type="stmt"/>
        <line num="238" count="0" type="stmt"/>
        <line num="251" count="1" type="stmt"/>
        <line num="266" count="2" type="stmt"/>
      </file>
      <file name="useSession.ts" path="/Users/kennethstott/PycharmProjects/constat/constat-ui/src/hooks/useSession.ts">
        <metrics statements="3" coveredstatements="3" conditionals="2" coveredconditionals="2" methods="1" coveredmethods="1"/>
        <line num="23" count="3" type="stmt"/>
        <line num="29" count="3" type="cond" truecount="2" falsecount="0"/>
        <line num="31" count="3" type="stmt"/>
      </file>
      <file name="useSessions.ts" path="/Users/kennethstott/PycharmProjects/constat/constat-ui/src/hooks/useSessions.ts">
        <metrics statements="12" coveredstatements="12" conditionals="4" coveredconditionals="4" methods="3" coveredmethods="3"/>
        <line num="31" count="8" type="stmt"/>
        <line num="35" count="8" type="stmt"/>
        <line num="36" count="8" type="stmt"/>
        <line num="38" count="8" type="cond" truecount="2" falsecount="0"/>
        <line num="39" count="8" type="cond" truecount="2" falsecount="0"/>
        <line num="41" count="8" type="stmt"/>
        <line num="42" count="1" type="stmt"/>
        <line num="46" count="1" type="stmt"/>
        <line num="49" count="8" type="stmt"/>
        <line num="50" count="1" type="stmt"/>
        <line num="54" count="1" type="stmt"/>
        <line num="57" count="8" type="stmt"/>
      </file>
    </package>
    <package name="store">
      <metrics statements="86" coveredstatements="84" conditionals="66" coveredconditionals="56" methods="9" coveredmethods="8"/>
      <file name="entityCache.ts" path="/Users/kennethstott/PycharmProjects/constat/constat-ui/src/store/entityCache.ts">
        <metrics statements="15" coveredstatements="14" conditionals="4" coveredconditionals="4" methods="5" coveredmethods="4"/>
        <line num="14" count="7" type="stmt"/>
        <line num="15" count="7" type="stmt"/>
        <line num="16" count="7" type="stmt"/>
        <line num="30" count="7" type="stmt"/>
        <line num="33" count="6" type="cond" truecount="2" falsecount="0"/>
        <line num="34" count="5" type="stmt"/>
        <line num="36" count="0" type="stmt"/>
        <line num="40" count="6" type="stmt"/>
        <line num="44" count="4" type="stmt"/>
        <line num="45" count="4" type="stmt"/>
        <line num="46" count="4" type="cond" truecount="2" falsecount="0"/>
        <line num="50" count="1" type="stmt"/>
        <line num="51" count="1" type="stmt"/>
        <line num="55" count="1" type="stmt"/>
        <line num="56" count="1" type="stmt"/>
      </file>
      <file name="entityCacheKeys.ts" path="/Users/kennethstott/PycharmProjects/constat/constat-ui/src/store/entityCacheKeys.ts">
        <metrics statements="71" coveredstatements="70" conditionals="62" coveredconditionals="52" methods="4" coveredmethods="4"/>
        <line num="14" count="3" type="stmt"/>
        <line num="15" count="3" type="stmt"/>
        <line num="16" count="3" type="stmt"/>
        <line num="17" count="3" type="stmt"/>
        <line num="20" count="3" type="stmt"/>
        <line num="21" count="3" type="stmt"/>
        <line num="22" count="3" type="stmt"/>
        <line num="23" count="3" type="stmt"/>
        <line num="24" count="3" type="stmt"/>
        <line num="27" count="3" type="stmt"/>
        <line num="28" count="3" type="stmt"/>
        <line num="29" count="3" type="stmt"/>
        <line num="30" count="3" type="stmt"/>
        <line num="31" count="3" type="stmt"/>
        <line num="32" count="3" type="stmt"/>
        <line num="33" count="3" type="stmt"/>
        <line num="34" count="3" type="stmt"/>
        <line num="35" count="3" type="stmt"/>
        <line num="36" count="3" type="stmt"/>
        <line num="37" count="3" type="stmt"/>
        <line num="38" count="3" type="stmt"/>
        <line num="39" count="3" type="stmt"/>
        <line num="40" count="3" type="stmt"/>
        <line num="41" count="3" type="stmt"/>
        <line num="42" count="3" type="stmt"/>
        <line num="45" count="3" type="stmt"/>
        <line num="46" count="3" type="stmt"/>
        <line num="47" count="3" type="stmt"/>
        <line num="48" count="3" type="stmt"/>
        <line num="49" count="3" type="stmt"/>
        <line num="103" count="3" type="cond" truecount="1" falsecount="1"/>
        <line num="104" count="3" type="stmt"/>
        <line num="115" count="3" type="stmt"/>
        <line num="116" count="3" type="cond" truecount="1" falsecount="1"/>
        <line num="117" count="3" type="stmt"/>
        <line num="120" count="3" type="stmt"/>
        <line num="121" count="3" type="stmt"/>
        <line num="122" count="1" type="stmt"/>
        <line num="123" count="1" type="stmt"/>
        <line num="124" count="1" type="cond" truecount="1" falsecount="1"/>
        <line num="125" count="1" type="stmt"/>
        <line num="126" count="1" type="cond" truecount="1" falsecount="1"/>
        <line num="127" count="1" type="cond" truecount="1" falsecount="1"/>
        <line num="128" count="1" type="stmt"/>
        <line num="133" count="3" type="stmt"/>
        <line num="134" count="3" type="stmt"/>
        <line num="135" count="3" type="stmt"/>
        <line num="136" count="3" type="stmt"/>
        <line num="138" count="3" type="stmt"/>
        <line num="139" count="2" type="stmt"/>
        <line num="140" count="2" type="stmt"/>
        <line num="141" count="2" type="cond" truecount="1" falsecount="1"/>
        <line num="142" count="0" type="stmt"/>
        <line num="147" count="3" type="stmt"/>
        <line num="148" count="3" type="stmt"/>
        <line num="149" count="2" type="stmt"/>
        <line num="150" count="2" type="cond" truecount="2" falsecount="0"/>
        <line num="151" count="1" type="cond" truecount="1" falsecount="1"/>
        <line num="152" count="1" type="stmt"/>
        <line num="160" count="3" type="stmt"/>
        <line num="161" count="2" type="cond" truecount="4" falsecount="0"/>
        <line num="162" count="2" type="cond" truecount="2" falsecount="0"/>
        <line num="163" count="1" type="stmt"/>
        <line num="164" count="2" type="stmt"/>
        <line num="165" count="2" type="stmt"/>
        <line num="168" count="2" type="stmt"/>
        <line num="169" count="2" type="cond" truecount="4" falsecount="0"/>
        <line num="172" count="2" type="cond" truecount="3" falsecount="1"/>
        <line num="175" count="2" type="cond" truecount="1" falsecount="1"/>
        <line num="177" count="2" type="stmt"/>
        <line num="203" count="3" type="stmt"/>
      </file>
    </package>
  </project>
</coverage>
