{"/Users/kennethstott/PycharmProjects/constat/constat-ui/src/api/client.ts": {"path":"/Users/kennethstott/PycharmProjects/constat/constat-ui/src/api/client.ts","statementMap":{"0":{"start":{"line":15,"column":17},"end":{"line":15,"column":null}},"1":{"start":{"line":18,"column":20},"end":{"line":18,"column":null}},"2":{"start":{"line":19,"column":31},"end":{"line":19,"column":null}},"3":{"start":{"line":20,"column":31},"end":{"line":20,"column":null}},"4":{"start":{"line":28,"column":8},"end":{"line":28,"column":null}},"5":{"start":{"line":24,"column":15},"end":{"line":24,"column":null}},"6":{"start":{"line":25,"column":15},"end":{"line":25,"column":null}},"7":{"start":{"line":26,"column":15},"end":{"line":26,"column":null}},"8":{"start":{"line":29,"column":8},"end":{"line":29,"column":null}},"9":{"start":{"line":34,"column":17},"end":{"line":34,"column":null}},"10":{"start":{"line":35,"column":4},"end":{"line":35,"column":null}},"11":{"start":{"line":40,"column":4},"end":{"line":42,"column":null}},"12":{"start":{"line":41,"column":8},"end":{"line":41,"column":null}},"13":{"start":{"line":44,"column":4},"end":{"line":46,"column":null}},"14":{"start":{"line":45,"column":8},"end":{"line":45,"column":null}},"15":{"start":{"line":47,"column":4},"end":{"line":47,"column":null}},"16":{"start":{"line":51,"column":4},"end":{"line":51,"column":null}},"17":{"start":{"line":51,"column":34},"end":{"line":51,"column":57}},"18":{"start":{"line":60,"column":4},"end":{"line":74,"column":null}},"19":{"start":{"line":60,"column":23},"end":{"line":60,"column":26}},"20":{"start":{"line":61,"column":8},"end":{"line":73,"column":null}},"21":{"start":{"line":62,"column":29},"end":{"line":62,"column":null}},"22":{"start":{"line":63,"column":12},"end":{"line":63,"column":null}},"23":{"start":{"line":65,"column":12},"end":{"line":65,"column":null}},"24":{"start":{"line":66,"column":12},"end":{"line":72,"column":null}},"25":{"start":{"line":67,"column":30},"end":{"line":67,"column":null}},"26":{"start":{"line":68,"column":16},"end":{"line":68,"column":null}},"27":{"start":{"line":69,"column":16},"end":{"line":69,"column":null}},"28":{"start":{"line":71,"column":16},"end":{"line":71,"column":null}},"29":{"start":{"line":75,"column":4},"end":{"line":75,"column":null}},"30":{"start":{"line":79,"column":4},"end":{"line":91,"column":null}},"31":{"start":{"line":81,"column":8},"end":{"line":83,"column":null}},"32":{"start":{"line":82,"column":12},"end":{"line":82,"column":null}},"33":{"start":{"line":85,"column":8},"end":{"line":89,"column":null}},"34":{"start":{"line":86,"column":12},"end":{"line":86,"column":null}},"35":{"start":{"line":90,"column":8},"end":{"line":90,"column":null}},"36":{"start":{"line":93,"column":4},"end":{"line":95,"column":null}},"37":{"start":{"line":94,"column":8},"end":{"line":94,"column":null}},"38":{"start":{"line":96,"column":4},"end":{"line":96,"column":null}},"39":{"start":{"line":100,"column":20},"end":{"line":100,"column":null}},"40":{"start":{"line":101,"column":4},"end":{"line":104,"column":null}},"41":{"start":{"line":102,"column":14},"end":{"line":102,"column":null}},"42":{"start":{"line":108,"column":20},"end":{"line":108,"column":null}},"43":{"start":{"line":109,"column":4},"end":{"line":116,"column":null}},"44":{"start":{"line":110,"column":14},"end":{"line":114,"column":null}},"45":{"start":{"line":120,"column":20},"end":{"line":120,"column":null}},"46":{"start":{"line":121,"column":4},"end":{"line":128,"column":null}},"47":{"start":{"line":122,"column":14},"end":{"line":126,"column":null}},"48":{"start":{"line":132,"column":20},"end":{"line":132,"column":null}},"49":{"start":{"line":133,"column":4},"end":{"line":140,"column":null}},"50":{"start":{"line":134,"column":14},"end":{"line":138,"column":null}},"51":{"start":{"line":144,"column":20},"end":{"line":144,"column":null}},"52":{"start":{"line":145,"column":4},"end":{"line":148,"column":null}},"53":{"start":{"line":146,"column":14},"end":{"line":146,"column":null}},"54":{"start":{"line":155,"column":21},"end":{"line":155,"column":null}},"55":{"start":{"line":156,"column":4},"end":{"line":156,"column":null}},"56":{"start":{"line":159,"column":20},"end":{"line":159,"column":null}},"57":{"start":{"line":161,"column":4},"end":{"line":168,"column":null}},"58":{"start":{"line":162,"column":14},"end":{"line":166,"column":null}},"59":{"start":{"line":175,"column":21},"end":{"line":175,"column":null}},"60":{"start":{"line":176,"column":4},"end":{"line":178,"column":null}},"61":{"start":{"line":177,"column":8},"end":{"line":177,"column":null}},"62":{"start":{"line":181,"column":20},"end":{"line":181,"column":null}},"63":{"start":{"line":183,"column":4},"end":{"line":190,"column":null}},"64":{"start":{"line":184,"column":14},"end":{"line":188,"column":null}}},"fnMap":{"0":{"name":"(anonymous_0)","decl":{"start":{"line":23,"column":4},"end":{"line":23,"column":null}},"loc":{"start":{"line":27,"column":6},"end":{"line":30,"column":null}},"line":27},"1":{"name":"getAuthHeaders","decl":{"start":{"line":33,"column":15},"end":{"line":33,"column":65}},"loc":{"start":{"line":33,"column":65},"end":{"line":36,"column":null}},"line":33},"2":{"name":"isRetryableError","decl":{"start":{"line":38,"column":9},"end":{"line":38,"column":26}},"loc":{"start":{"line":38,"column":51},"end":{"line":48,"column":null}},"line":38},"3":{"name":"sleep","decl":{"start":{"line":50,"column":15},"end":{"line":50,"column":21}},"loc":{"start":{"line":50,"column":48},"end":{"line":52,"column":null}},"line":50},"4":{"name":"(anonymous_4)","decl":{"start":{"line":51,"column":23},"end":{"line":51,"column":34}},"loc":{"start":{"line":51,"column":34},"end":{"line":51,"column":57}},"line":51},"5":{"name":"fetchWithRetry","decl":{"start":{"line":54,"column":15},"end":{"line":54,"column":null}},"loc":{"start":{"line":58,"column":14},"end":{"line":76,"column":null}},"line":58},"6":{"name":"handleResponse","decl":{"start":{"line":78,"column":15},"end":{"line":78,"column":33}},"loc":{"start":{"line":78,"column":65},"end":{"line":97,"column":null}},"line":78},"7":{"name":"get","decl":{"start":{"line":99,"column":22},"end":{"line":99,"column":29}},"loc":{"start":{"line":99,"column":55},"end":{"line":105,"column":null}},"line":99},"8":{"name":"(anonymous_8)","decl":{"start":{"line":102,"column":8},"end":{"line":102,"column":14}},"loc":{"start":{"line":102,"column":14},"end":{"line":102,"column":null}},"line":102},"9":{"name":"post","decl":{"start":{"line":107,"column":22},"end":{"line":107,"column":30}},"loc":{"start":{"line":107,"column":72},"end":{"line":117,"column":null}},"line":107},"10":{"name":"(anonymous_10)","decl":{"start":{"line":110,"column":8},"end":{"line":110,"column":14}},"loc":{"start":{"line":110,"column":14},"end":{"line":114,"column":null}},"line":110},"11":{"name":"put","decl":{"start":{"line":119,"column":22},"end":{"line":119,"column":29}},"loc":{"start":{"line":119,"column":70},"end":{"line":129,"column":null}},"line":119},"12":{"name":"(anonymous_12)","decl":{"start":{"line":122,"column":8},"end":{"line":122,"column":14}},"loc":{"start":{"line":122,"column":14},"end":{"line":126,"column":null}},"line":122},"13":{"name":"patch","decl":{"start":{"line":131,"column":22},"end":{"line":131,"column":31}},"loc":{"start":{"line":131,"column":72},"end":{"line":141,"column":null}},"line":131},"14":{"name":"(anonymous_14)","decl":{"start":{"line":134,"column":8},"end":{"line":134,"column":14}},"loc":{"start":{"line":134,"column":14},"end":{"line":138,"column":null}},"line":134},"15":{"name":"del","decl":{"start":{"line":143,"column":22},"end":{"line":143,"column":29}},"loc":{"start":{"line":143,"column":55},"end":{"line":149,"column":null}},"line":143},"16":{"name":"(anonymous_16)","decl":{"start":{"line":146,"column":8},"end":{"line":146,"column":14}},"loc":{"start":{"line":146,"column":14},"end":{"line":146,"column":null}},"line":146},"17":{"name":"uploadFile","decl":{"start":{"line":151,"column":22},"end":{"line":151,"column":null}},"loc":{"start":{"line":154,"column":20},"end":{"line":169,"column":null}},"line":154},"18":{"name":"(anonymous_18)","decl":{"start":{"line":162,"column":8},"end":{"line":162,"column":14}},"loc":{"start":{"line":162,"column":14},"end":{"line":166,"column":null}},"line":162},"19":{"name":"uploadFiles","decl":{"start":{"line":171,"column":22},"end":{"line":171,"column":null}},"loc":{"start":{"line":174,"column":20},"end":{"line":191,"column":null}},"line":174},"20":{"name":"(anonymous_20)","decl":{"start":{"line":176,"column":18},"end":{"line":176,"column":19}},"loc":{"start":{"line":176,"column":28},"end":{"line":178,"column":5}},"line":176},"21":{"name":"(anonymous_21)","decl":{"start":{"line":184,"column":8},"end":{"line":184,"column":14}},"loc":{"start":{"line":184,"column":14},"end":{"line":188,"column":null}},"line":184}},"branchMap":{"0":{"loc":{"start":{"line":40,"column":4},"end":{"line":42,"column":null}},"type":"if","locations":[{"start":{"line":40,"column":4},"end":{"line":42,"column":null}},{"start":{},"end":{}}],"line":40},"1":{"loc":{"start":{"line":40,"column":8},"end":{"line":40,"column":71}},"type":"binary-expr","locations":[{"start":{"line":40,"column":8},"end":{"line":40,"column":38}},{"start":{"line":40,"column":38},"end":{"line":40,"column":71}}],"line":40},"2":{"loc":{"start":{"line":44,"column":4},"end":{"line":46,"column":null}},"type":"if","locations":[{"start":{"line":44,"column":4},"end":{"line":46,"column":null}},{"start":{},"end":{}}],"line":44},"3":{"loc":{"start":{"line":44,"column":8},"end":{"line":44,"column":84}},"type":"binary-expr","locations":[{"start":{"line":44,"column":8},"end":{"line":44,"column":37}},{"start":{"line":44,"column":37},"end":{"line":44,"column":84}}],"line":44},"4":{"loc":{"start":{"line":57,"column":4},"end":{"line":57,"column":null}},"type":"default-arg","locations":[{"start":{"line":57,"column":14},"end":{"line":57,"column":null}}],"line":57},"5":{"loc":{"start":{"line":66,"column":12},"end":{"line":72,"column":null}},"type":"if","locations":[{"start":{"line":66,"column":12},"end":{"line":72,"column":null}},{"start":{"line":70,"column":19},"end":{"line":72,"column":null}}],"line":66},"6":{"loc":{"start":{"line":66,"column":16},"end":{"line":66,"column":62}},"type":"binary-expr","locations":[{"start":{"line":66,"column":16},"end":{"line":66,"column":37}},{"start":{"line":66,"column":37},"end":{"line":66,"column":62}}],"line":66},"7":{"loc":{"start":{"line":79,"column":4},"end":{"line":91,"column":null}},"type":"if","locations":[{"start":{"line":79,"column":4},"end":{"line":91,"column":null}},{"start":{},"end":{}}],"line":79},"8":{"loc":{"start":{"line":81,"column":8},"end":{"line":83,"column":null}},"type":"if","locations":[{"start":{"line":81,"column":8},"end":{"line":83,"column":null}},{"start":{},"end":{}}],"line":81},"9":{"loc":{"start":{"line":81,"column":12},"end":{"line":81,"column":56}},"type":"binary-expr","locations":[{"start":{"line":81,"column":12},"end":{"line":81,"column":39}},{"start":{"line":81,"column":39},"end":{"line":81,"column":56}}],"line":81},"10":{"loc":{"start":{"line":93,"column":4},"end":{"line":95,"column":null}},"type":"if","locations":[{"start":{"line":93,"column":4},"end":{"line":95,"column":null}},{"start":{},"end":{}}],"line":93},"11":{"loc":{"start":{"line":113,"column":18},"end":{"line":113,"column":null}},"type":"cond-expr","locations":[{"start":{"line":113,"column":25},"end":{"line":113,"column":48}},{"start":{"line":113,"column":48},"end":{"line":113,"column":null}}],"line":113}},"s":{"0":2,"1":2,"2":2,"3":2,"4":18,"5":18,"6":18,"7":18,"8":18,"9":20,"10":20,"11":15,"12":1,"13":14,"14":5,"15":9,"16":6,"17":6,"18":22,"19":22,"20":28,"21":28,"22":27,"23":16,"24":16,"25":6,"26":6,"27":6,"28":10,"29":0,"30":27,"31":15,"32":1,"33":15,"34":15,"35":15,"36":12,"37":1,"38":11,"39":14,"40":14,"41":20,"42":2,"43":2,"44":2,"45":1,"46":1,"47":1,"48":1,"49":1,"50":1,"51":2,"52":2,"53":2,"54":1,"55":1,"56":1,"57":1,"58":1,"59":1,"60":1,"61":2,"62":1,"63":1,"64":1},"f":{"0":18,"1":20,"2":15,"3":6,"4":6,"5":22,"6":27,"7":14,"8":20,"9":2,"10":2,"11":1,"12":1,"13":1,"14":1,"15":2,"16":2,"17":1,"18":1,"19":1,"20":2,"21":1},"b":{"0":[1,14],"1":[15,1],"2":[5,9],"3":[14,14],"4":[22],"5":[6,10],"6":[16,15],"7":[15,12],"8":[1,14],"9":[15,3],"10":[1,11],"11":[1,1]},"meta":{"lastBranch":12,"lastFunction":22,"lastStatement":65,"seen":{"s:15:17:15:Infinity":0,"s:18:20:18:Infinity":1,"s:19:31:19:Infinity":2,"s:20:31:20:Infinity":3,"f:23:4:23:Infinity":0,"s:28:8:28:Infinity":4,"s:24:15:24:Infinity":5,"s:25:15:25:Infinity":6,"s:26:15:26:Infinity":7,"s:29:8:29:Infinity":8,"f:33:15:33:65":1,"s:34:17:34:Infinity":9,"s:35:4:35:Infinity":10,"f:38:9:38:26":2,"b:40:4:42:Infinity:undefined:undefined:undefined:undefined":0,"s:40:4:42:Infinity":11,"b:40:8:40:38:40:38:40:71":1,"s:41:8:41:Infinity":12,"b:44:4:46:Infinity:undefined:undefined:undefined:undefined":2,"s:44:4:46:Infinity":13,"b:44:8:44:37:44:37:44:84":3,"s:45:8:45:Infinity":14,"s:47:4:47:Infinity":15,"f:50:15:50:21":3,"s:51:4:51:Infinity":16,"f:51:23:51:34":4,"s:51:34:51:57":17,"f:54:15:54:Infinity":5,"b:57:14:57:Infinity":4,"s:60:4:74:Infinity":18,"s:60:23:60:26":19,"s:61:8:73:Infinity":20,"s:62:29:62:Infinity":21,"s:63:12:63:Infinity":22,"s:65:12:65:Infinity":23,"b:66:12:72:Infinity:70:19:72:Infinity":5,"s:66:12:72:Infinity":24,"b:66:16:66:37:66:37:66:62":6,"s:67:30:67:Infinity":25,"s:68:16:68:Infinity":26,"s:69:16:69:Infinity":27,"s:71:16:71:Infinity":28,"s:75:4:75:Infinity":29,"f:78:15:78:33":6,"b:79:4:91:Infinity:undefined:undefined:undefined:undefined":7,"s:79:4:91:Infinity":30,"b:81:8:83:Infinity:undefined:undefined:undefined:undefined":8,"s:81:8:83:Infinity":31,"b:81:12:81:39:81:39:81:56":9,"s:82:12:82:Infinity":32,"s:85:8:89:Infinity":33,"s:86:12:86:Infinity":34,"s:90:8:90:Infinity":35,"b:93:4:95:Infinity:undefined:undefined:undefined:undefined":10,"s:93:4:95:Infinity":36,"s:94:8:94:Infinity":37,"s:96:4:96:Infinity":38,"f:99:22:99:29":7,"s:100:20:100:Infinity":39,"s:101:4:104:Infinity":40,"f:102:8:102:14":8,"s:102:14:102:Infinity":41,"f:107:22:107:30":9,"s:108:20:108:Infinity":42,"s:109:4:116:Infinity":43,"f:110:8:110:14":10,"s:110:14:114:Infinity":44,"b:113:25:113:48:113:48:113:Infinity":11,"f:119:22:119:29":11,"s:120:20:120:Infinity":45,"s:121:4:128:Infinity":46,"f:122:8:122:14":12,"s:122:14:126:Infinity":47,"f:131:22:131:31":13,"s:132:20:132:Infinity":48,"s:133:4:140:Infinity":49,"f:134:8:134:14":14,"s:134:14:138:Infinity":50,"f:143:22:143:29":15,"s:144:20:144:Infinity":51,"s:145:4:148:Infinity":52,"f:146:8:146:14":16,"s:146:14:146:Infinity":53,"f:151:22:151:Infinity":17,"s:155:21:155:Infinity":54,"s:156:4:156:Infinity":55,"s:159:20:159:Infinity":56,"s:161:4:168:Infinity":57,"f:162:8:162:14":18,"s:162:14:166:Infinity":58,"f:171:22:171:Infinity":19,"s:175:21:175:Infinity":59,"s:176:4:178:Infinity":60,"f:176:18:176:19":20,"s:177:8:177:Infinity":61,"s:181:20:181:Infinity":62,"s:183:4:190:Infinity":63,"f:184:8:184:14":21,"s:184:14:188:Infinity":64}}}
,"/Users/kennethstott/PycharmProjects/constat/constat-ui/src/config/auth-helpers.ts": {"path":"/Users/kennethstott/PycharmProjects/constat/constat-ui/src/config/auth-helpers.ts","statementMap":{"0":{"start":{"line":18,"column":2},"end":{"line":18,"column":null}},"1":{"start":{"line":18,"column":22},"end":{"line":18,"column":null}},"2":{"start":{"line":19,"column":2},"end":{"line":19,"column":null}},"3":{"start":{"line":24,"column":42},"end":{"line":24,"column":null}},"4":{"start":{"line":25,"column":2},"end":{"line":28,"column":null}},"5":{"start":{"line":26,"column":18},"end":{"line":26,"column":null}},"6":{"start":{"line":27,"column":4},"end":{"line":27,"column":null}},"7":{"start":{"line":27,"column":15},"end":{"line":27,"column":null}},"8":{"start":{"line":29,"column":2},"end":{"line":29,"column":null}}},"fnMap":{"0":{"name":"getToken","decl":{"start":{"line":17,"column":22},"end":{"line":17,"column":57}},"loc":{"start":{"line":17,"column":57},"end":{"line":20,"column":null}},"line":17},"1":{"name":"getAuthHeaders","decl":{"start":{"line":23,"column":22},"end":{"line":23,"column":72}},"loc":{"start":{"line":23,"column":72},"end":{"line":30,"column":null}},"line":23}},"branchMap":{"0":{"loc":{"start":{"line":18,"column":2},"end":{"line":18,"column":null}},"type":"if","locations":[{"start":{"line":18,"column":2},"end":{"line":18,"column":null}},{"start":{},"end":{}}],"line":18},"1":{"loc":{"start":{"line":25,"column":2},"end":{"line":28,"column":null}},"type":"if","locations":[{"start":{"line":25,"column":2},"end":{"line":28,"column":null}},{"start":{},"end":{}}],"line":25},"2":{"loc":{"start":{"line":27,"column":4},"end":{"line":27,"column":null}},"type":"if","locations":[{"start":{"line":27,"column":4},"end":{"line":27,"column":null}},{"start":{},"end":{}}],"line":27}},"s":{"0":5,"1":1,"2":4,"3":3,"4":3,"5":2,"6":2,"7":1,"8":3},"f":{"0":5,"1":3},"b":{"0":[1,4],"1":[2,1],"2":[1,1]},"meta":{"lastBranch":3,"lastFunction":2,"lastStatement":9,"seen":{"f:17:22:17:57":0,"b:18:2:18:Infinity:undefined:undefined:undefined:undefined":0,"s:18:2:18:Infinity":0,"s:18:22:18:Infinity":1,"s:19:2:19:Infinity":2,"f:23:22:23:72":1,"s:24:42:24:Infinity":3,"b:25:2:28:Infinity:undefined:undefined:undefined:undefined":1,"s:25:2:28:Infinity":4,"s:26:18:26:Infinity":5,"b:27:4:27:Infinity:undefined:undefined:undefined:undefined":2,"s:27:4:27:Infinity":6,"s:27:15:27:Infinity":7,"s:29:2:29:Infinity":8}}}
,"/Users/kennethstott/PycharmProjects/constat/constat-ui/src/config/firebase.ts": {"path":"/Users/kennethstott/PycharmProjects/constat/constat-ui/src/config/firebase.ts","statementMap":{"0":{"start":{"line":32,"column":23},"end":{"line":39,"column":null}},"1":{"start":{"line":42,"column":30},"end":{"line":42,"column":null}},"2":{"start":{"line":45,"column":30},"end":{"line":45,"column":null}},"3":{"start":{"line":46,"column":24},"end":{"line":46,"column":null}},"4":{"start":{"line":47,"column":48},"end":{"line":47,"column":null}},"5":{"start":{"line":49,"column":0},"end":{"line":53,"column":null}},"6":{"start":{"line":50,"column":2},"end":{"line":50,"column":null}},"7":{"start":{"line":51,"column":2},"end":{"line":51,"column":null}},"8":{"start":{"line":52,"column":2},"end":{"line":52,"column":null}},"9":{"start":{"line":57,"column":2},"end":{"line":60,"column":null}},"10":{"start":{"line":58,"column":4},"end":{"line":58,"column":null}},"11":{"start":{"line":59,"column":4},"end":{"line":59,"column":null}},"12":{"start":{"line":61,"column":17},"end":{"line":61,"column":null}},"13":{"start":{"line":62,"column":2},"end":{"line":62,"column":null}},"14":{"start":{"line":66,"column":2},"end":{"line":69,"column":null}},"15":{"start":{"line":67,"column":4},"end":{"line":67,"column":null}},"16":{"start":{"line":68,"column":4},"end":{"line":68,"column":null}},"17":{"start":{"line":70,"column":17},"end":{"line":70,"column":null}},"18":{"start":{"line":71,"column":2},"end":{"line":71,"column":null}},"19":{"start":{"line":75,"column":2},"end":{"line":78,"column":null}},"20":{"start":{"line":76,"column":4},"end":{"line":76,"column":null}},"21":{"start":{"line":77,"column":4},"end":{"line":77,"column":null}},"22":{"start":{"line":79,"column":17},"end":{"line":79,"column":null}},"23":{"start":{"line":81,"column":2},"end":{"line":83,"column":null}},"24":{"start":{"line":82,"column":4},"end":{"line":82,"column":null}},"25":{"start":{"line":84,"column":2},"end":{"line":84,"column":null}},"26":{"start":{"line":88,"column":2},"end":{"line":91,"column":null}},"27":{"start":{"line":89,"column":4},"end":{"line":89,"column":null}},"28":{"start":{"line":90,"column":4},"end":{"line":90,"column":null}},"29":{"start":{"line":92,"column":2},"end":{"line":92,"column":null}},"30":{"start":{"line":97,"column":2},"end":{"line":100,"column":null}},"31":{"start":{"line":98,"column":4},"end":{"line":98,"column":null}},"32":{"start":{"line":99,"column":4},"end":{"line":99,"column":null}},"33":{"start":{"line":102,"column":29},"end":{"line":106,"column":null}},"34":{"start":{"line":108,"column":2},"end":{"line":108,"column":null}},"35":{"start":{"line":110,"column":2},"end":{"line":110,"column":null}},"36":{"start":{"line":114,"column":2},"end":{"line":116,"column":null}},"37":{"start":{"line":115,"column":4},"end":{"line":115,"column":null}},"38":{"start":{"line":117,"column":2},"end":{"line":117,"column":null}},"39":{"start":{"line":121,"column":2},"end":{"line":124,"column":null}},"40":{"start":{"line":122,"column":4},"end":{"line":122,"column":null}},"41":{"start":{"line":123,"column":4},"end":{"line":123,"column":null}},"42":{"start":{"line":126,"column":2},"end":{"line":128,"column":null}},"43":{"start":{"line":127,"column":4},"end":{"line":127,"column":null}},"44":{"start":{"line":131,"column":22},"end":{"line":131,"column":null}},"45":{"start":{"line":132,"column":2},"end":{"line":134,"column":null}},"46":{"start":{"line":133,"column":4},"end":{"line":133,"column":null}},"47":{"start":{"line":136,"column":17},"end":{"line":136,"column":null}},"48":{"start":{"line":138,"column":2},"end":{"line":138,"column":null}},"49":{"start":{"line":139,"column":2},"end":{"line":139,"column":null}},"50":{"start":{"line":143,"column":2},"end":{"line":145,"column":null}},"51":{"start":{"line":144,"column":4},"end":{"line":144,"column":null}},"52":{"start":{"line":146,"column":2},"end":{"line":146,"column":null}},"53":{"start":{"line":150,"column":2},"end":{"line":152,"column":null}},"54":{"start":{"line":151,"column":4},"end":{"line":151,"column":null}},"55":{"start":{"line":153,"column":15},"end":{"line":153,"column":null}},"56":{"start":{"line":154,"column":2},"end":{"line":156,"column":null}},"57":{"start":{"line":155,"column":4},"end":{"line":155,"column":null}},"58":{"start":{"line":157,"column":2},"end":{"line":157,"column":null}},"59":{"start":{"line":161,"column":2},"end":{"line":165,"column":null}},"60":{"start":{"line":163,"column":4},"end":{"line":163,"column":null}},"61":{"start":{"line":164,"column":4},"end":{"line":164,"column":null}},"62":{"start":{"line":166,"column":2},"end":{"line":166,"column":null}}},"fnMap":{"0":{"name":"signInWithGoogle","decl":{"start":{"line":56,"column":22},"end":{"line":56,"column":63}},"loc":{"start":{"line":56,"column":63},"end":{"line":63,"column":null}},"line":56},"1":{"name":"signInWithEmail","decl":{"start":{"line":65,"column":22},"end":{"line":65,"column":38}},"loc":{"start":{"line":65,"column":93},"end":{"line":72,"column":null}},"line":65},"2":{"name":"signUpWithEmail","decl":{"start":{"line":74,"column":22},"end":{"line":74,"column":38}},"loc":{"start":{"line":74,"column":93},"end":{"line":85,"column":null}},"line":74},"3":{"name":"resetPassword","decl":{"start":{"line":87,"column":22},"end":{"line":87,"column":36}},"loc":{"start":{"line":87,"column":66},"end":{"line":93,"column":null}},"line":87},"4":{"name":"sendEmailLink","decl":{"start":{"line":96,"column":22},"end":{"line":96,"column":36}},"loc":{"start":{"line":96,"column":66},"end":{"line":111,"column":null}},"line":96},"5":{"name":"checkEmailLink","decl":{"start":{"line":113,"column":16},"end":{"line":113,"column":42}},"loc":{"start":{"line":113,"column":42},"end":{"line":118,"column":null}},"line":113},"6":{"name":"completeEmailLinkSignIn","decl":{"start":{"line":120,"column":22},"end":{"line":120,"column":46}},"loc":{"start":{"line":120,"column":84},"end":{"line":140,"column":null}},"line":120},"7":{"name":"logOut","decl":{"start":{"line":142,"column":22},"end":{"line":142,"column":46}},"loc":{"start":{"line":142,"column":46},"end":{"line":147,"column":null}},"line":142},"8":{"name":"getIdToken","decl":{"start":{"line":149,"column":22},"end":{"line":149,"column":59}},"loc":{"start":{"line":149,"column":59},"end":{"line":158,"column":null}},"line":149},"9":{"name":"subscribeToAuthChanges","decl":{"start":{"line":160,"column":16},"end":{"line":160,"column":39}},"loc":{"start":{"line":160,"column":90},"end":{"line":167,"column":null}},"line":160},"10":{"name":"(anonymous_10)","decl":{"start":{"line":164,"column":11},"end":{"line":164,"column":17}},"loc":{"start":{"line":164,"column":17},"end":{"line":164,"column":null}},"line":164}},"branchMap":{"0":{"loc":{"start":{"line":49,"column":0},"end":{"line":53,"column":null}},"type":"if","locations":[{"start":{"line":49,"column":0},"end":{"line":53,"column":null}},{"start":{},"end":{}}],"line":49},"1":{"loc":{"start":{"line":49,"column":4},"end":{"line":49,"column":46}},"type":"binary-expr","locations":[{"start":{"line":49,"column":4},"end":{"line":49,"column":23}},{"start":{"line":49,"column":23},"end":{"line":49,"column":46}}],"line":49},"2":{"loc":{"start":{"line":57,"column":2},"end":{"line":60,"column":null}},"type":"if","locations":[{"start":{"line":57,"column":2},"end":{"line":60,"column":null}},{"start":{},"end":{}}],"line":57},"3":{"loc":{"start":{"line":57,"column":6},"end":{"line":57,"column":50}},"type":"binary-expr","locations":[{"start":{"line":57,"column":6},"end":{"line":57,"column":24}},{"start":{"line":57,"column":24},"end":{"line":57,"column":33}},{"start":{"line":57,"column":33},"end":{"line":57,"column":50}}],"line":57},"4":{"loc":{"start":{"line":66,"column":2},"end":{"line":69,"column":null}},"type":"if","locations":[{"start":{"line":66,"column":2},"end":{"line":69,"column":null}},{"start":{},"end":{}}],"line":66},"5":{"loc":{"start":{"line":66,"column":6},"end":{"line":66,"column":31}},"type":"binary-expr","locations":[{"start":{"line":66,"column":6},"end":{"line":66,"column":24}},{"start":{"line":66,"column":24},"end":{"line":66,"column":31}}],"line":66},"6":{"loc":{"start":{"line":75,"column":2},"end":{"line":78,"column":null}},"type":"if","locations":[{"start":{"line":75,"column":2},"end":{"line":78,"column":null}},{"start":{},"end":{}}],"line":75},"7":{"loc":{"start":{"line":75,"column":6},"end":{"line":75,"column":31}},"type":"binary-expr","locations":[{"start":{"line":75,"column":6},"end":{"line":75,"column":24}},{"start":{"line":75,"column":24},"end":{"line":75,"column":31}}],"line":75},"8":{"loc":{"start":{"line":81,"column":2},"end":{"line":83,"column":null}},"type":"if","locations":[{"start":{"line":81,"column":2},"end":{"line":83,"column":null}},{"start":{},"end":{}}],"line":81},"9":{"loc":{"start":{"line":88,"column":2},"end":{"line":91,"column":null}},"type":"if","locations":[{"start":{"line":88,"column":2},"end":{"line":91,"column":null}},{"start":{},"end":{}}],"line":88},"10":{"loc":{"start":{"line":88,"column":6},"end":{"line":88,"column":31}},"type":"binary-expr","locations":[{"start":{"line":88,"column":6},"end":{"line":88,"column":24}},{"start":{"line":88,"column":24},"end":{"line":88,"column":31}}],"line":88},"11":{"loc":{"start":{"line":97,"column":2},"end":{"line":100,"column":null}},"type":"if","locations":[{"start":{"line":97,"column":2},"end":{"line":100,"column":null}},{"start":{},"end":{}}],"line":97},"12":{"loc":{"start":{"line":97,"column":6},"end":{"line":97,"column":31}},"type":"binary-expr","locations":[{"start":{"line":97,"column":6},"end":{"line":97,"column":24}},{"start":{"line":97,"column":24},"end":{"line":97,"column":31}}],"line":97},"13":{"loc":{"start":{"line":114,"column":2},"end":{"line":116,"column":null}},"type":"if","locations":[{"start":{"line":114,"column":2},"end":{"line":116,"column":null}},{"start":{},"end":{}}],"line":114},"14":{"loc":{"start":{"line":114,"column":6},"end":{"line":114,"column":31}},"type":"binary-expr","locations":[{"start":{"line":114,"column":6},"end":{"line":114,"column":24}},{"start":{"line":114,"column":24},"end":{"line":114,"column":31}}],"line":114},"15":{"loc":{"start":{"line":121,"column":2},"end":{"line":124,"column":null}},"type":"if","locations":[{"start":{"line":121,"column":2},"end":{"line":124,"column":null}},{"start":{},"end":{}}],"line":121},"16":{"loc":{"start":{"line":121,"column":6},"end":{"line":121,"column":31}},"type":"binary-expr","locations":[{"start":{"line":121,"column":6},"end":{"line":121,"column":24}},{"start":{"line":121,"column":24},"end":{"line":121,"column":31}}],"line":121},"17":{"loc":{"start":{"line":126,"column":2},"end":{"line":128,"column":null}},"type":"if","locations":[{"start":{"line":126,"column":2},"end":{"line":128,"column":null}},{"start":{},"end":{}}],"line":126},"18":{"loc":{"start":{"line":131,"column":22},"end":{"line":131,"column":null}},"type":"binary-expr","locations":[{"start":{"line":131,"column":22},"end":{"line":131,"column":31}},{"start":{"line":131,"column":31},"end":{"line":131,"column":null}}],"line":131},"19":{"loc":{"start":{"line":132,"column":2},"end":{"line":134,"column":null}},"type":"if","locations":[{"start":{"line":132,"column":2},"end":{"line":134,"column":null}},{"start":{},"end":{}}],"line":132},"20":{"loc":{"start":{"line":143,"column":2},"end":{"line":145,"column":null}},"type":"if","locations":[{"start":{"line":143,"column":2},"end":{"line":145,"column":null}},{"start":{},"end":{}}],"line":143},"21":{"loc":{"start":{"line":143,"column":6},"end":{"line":143,"column":31}},"type":"binary-expr","locations":[{"start":{"line":143,"column":6},"end":{"line":143,"column":24}},{"start":{"line":143,"column":24},"end":{"line":143,"column":31}}],"line":143},"22":{"loc":{"start":{"line":150,"column":2},"end":{"line":152,"column":null}},"type":"if","locations":[{"start":{"line":150,"column":2},"end":{"line":152,"column":null}},{"start":{},"end":{}}],"line":150},"23":{"loc":{"start":{"line":154,"column":2},"end":{"line":156,"column":null}},"type":"if","locations":[{"start":{"line":154,"column":2},"end":{"line":156,"column":null}},{"start":{},"end":{}}],"line":154},"24":{"loc":{"start":{"line":161,"column":2},"end":{"line":165,"column":null}},"type":"if","locations":[{"start":{"line":161,"column":2},"end":{"line":165,"column":null}},{"start":{},"end":{}}],"line":161},"25":{"loc":{"start":{"line":161,"column":6},"end":{"line":161,"column":31}},"type":"binary-expr","locations":[{"start":{"line":161,"column":6},"end":{"line":161,"column":24}},{"start":{"line":161,"column":24},"end":{"line":161,"column":31}}],"line":161}},"s":{"0":28,"1":28,"2":28,"3":28,"4":28,"5":28,"6":16,"7":16,"8":16,"9":2,"10":1,"11":1,"12":1,"13":1,"14":2,"15":1,"16":1,"17":1,"18":1,"19":2,"20":1,"21":1,"22":1,"23":1,"24":1,"25":1,"26":2,"27":1,"28":1,"29":1,"30":2,"31":1,"32":1,"33":1,"34":1,"35":1,"36":2,"37":1,"38":1,"39":5,"40":1,"41":1,"42":4,"43":1,"44":3,"45":5,"46":1,"47":2,"48":2,"49":2,"50":2,"51":1,"52":1,"53":3,"54":1,"55":2,"56":3,"57":1,"58":1,"59":2,"60":1,"61":1,"62":1},"f":{"0":2,"1":2,"2":2,"3":2,"4":2,"5":2,"6":5,"7":2,"8":3,"9":2,"10":1},"b":{"0":[16,12],"1":[28,16],"2":[1,1],"3":[2,1,1],"4":[1,1],"5":[2,1],"6":[1,1],"7":[2,1],"8":[1,0],"9":[1,1],"10":[2,1],"11":[1,1],"12":[2,1],"13":[1,1],"14":[2,1],"15":[1,4],"16":[5,4],"17":[1,3],"18":[3,2],"19":[1,4],"20":[1,1],"21":[2,1],"22":[1,2],"23":[1,2],"24":[1,1],"25":[2,1]},"meta":{"lastBranch":26,"lastFunction":11,"lastStatement":63,"seen":{"s:32:23:39:Infinity":0,"s:42:30:42:Infinity":1,"s:45:30:45:Infinity":2,"s:46:24:46:Infinity":3,"s:47:48:47:Infinity":4,"b:49:0:53:Infinity:undefined:undefined:undefined:undefined":0,"s:49:0:53:Infinity":5,"b:49:4:49:23:49:23:49:46":1,"s:50:2:50:Infinity":6,"s:51:2:51:Infinity":7,"s:52:2:52:Infinity":8,"f:56:22:56:63":0,"b:57:2:60:Infinity:undefined:undefined:undefined:undefined":2,"s:57:2:60:Infinity":9,"b:57:6:57:24:57:24:57:33:57:33:57:50":3,"s:58:4:58:Infinity":10,"s:59:4:59:Infinity":11,"s:61:17:61:Infinity":12,"s:62:2:62:Infinity":13,"f:65:22:65:38":1,"b:66:2:69:Infinity:undefined:undefined:undefined:undefined":4,"s:66:2:69:Infinity":14,"b:66:6:66:24:66:24:66:31":5,"s:67:4:67:Infinity":15,"s:68:4:68:Infinity":16,"s:70:17:70:Infinity":17,"s:71:2:71:Infinity":18,"f:74:22:74:38":2,"b:75:2:78:Infinity:undefined:undefined:undefined:undefined":6,"s:75:2:78:Infinity":19,"b:75:6:75:24:75:24:75:31":7,"s:76:4:76:Infinity":20,"s:77:4:77:Infinity":21,"s:79:17:79:Infinity":22,"b:81:2:83:Infinity:undefined:undefined:undefined:undefined":8,"s:81:2:83:Infinity":23,"s:82:4:82:Infinity":24,"s:84:2:84:Infinity":25,"f:87:22:87:36":3,"b:88:2:91:Infinity:undefined:undefined:undefined:undefined":9,"s:88:2:91:Infinity":26,"b:88:6:88:24:88:24:88:31":10,"s:89:4:89:Infinity":27,"s:90:4:90:Infinity":28,"s:92:2:92:Infinity":29,"f:96:22:96:36":4,"b:97:2:100:Infinity:undefined:undefined:undefined:undefined":11,"s:97:2:100:Infinity":30,"b:97:6:97:24:97:24:97:31":12,"s:98:4:98:Infinity":31,"s:99:4:99:Infinity":32,"s:102:29:106:Infinity":33,"s:108:2:108:Infinity":34,"s:110:2:110:Infinity":35,"f:113:16:113:42":5,"b:114:2:116:Infinity:undefined:undefined:undefined:undefined":13,"s:114:2:116:Infinity":36,"b:114:6:114:24:114:24:114:31":14,"s:115:4:115:Infinity":37,"s:117:2:117:Infinity":38,"f:120:22:120:46":6,"b:121:2:124:Infinity:undefined:undefined:undefined:undefined":15,"s:121:2:124:Infinity":39,"b:121:6:121:24:121:24:121:31":16,"s:122:4:122:Infinity":40,"s:123:4:123:Infinity":41,"b:126:2:128:Infinity:undefined:undefined:undefined:undefined":17,"s:126:2:128:Infinity":42,"s:127:4:127:Infinity":43,"s:131:22:131:Infinity":44,"b:131:22:131:31:131:31:131:Infinity":18,"b:132:2:134:Infinity:undefined:undefined:undefined:undefined":19,"s:132:2:134:Infinity":45,"s:133:4:133:Infinity":46,"s:136:17:136:Infinity":47,"s:138:2:138:Infinity":48,"s:139:2:139:Infinity":49,"f:142:22:142:46":7,"b:143:2:145:Infinity:undefined:undefined:undefined:undefined":20,"s:143:2:145:Infinity":50,"b:143:6:143:24:143:24:143:31":21,"s:144:4:144:Infinity":51,"s:146:2:146:Infinity":52,"f:149:22:149:59":8,"b:150:2:152:Infinity:undefined:undefined:undefined:undefined":22,"s:150:2:152:Infinity":53,"s:151:4:151:Infinity":54,"s:153:15:153:Infinity":55,"b:154:2:156:Infinity:undefined:undefined:undefined:undefined":23,"s:154:2:156:Infinity":56,"s:155:4:155:Infinity":57,"s:157:2:157:Infinity":58,"f:160:16:160:39":9,"b:161:2:165:Infinity:undefined:undefined:undefined:undefined":24,"s:161:2:165:Infinity":59,"b:161:6:161:24:161:24:161:31":25,"s:163:4:163:Infinity":60,"s:164:4:164:Infinity":61,"f:164:11:164:17":10,"s:166:2:166:Infinity":62}}}
,"/Users/kennethstott/PycharmProjects/constat/constat-ui/src/contexts/AuthContext.tsx": {"path":"/Users/kennethstott/PycharmProjects/constat/constat-ui/src/contexts/AuthContext.tsx","statementMap":{"0":{"start":{"line":31,"column":13},"end":{"line":31,"column":null}},"1":{"start":{"line":75,"column":6},"end":{"line":75,"column":null}},"2":{"start":{"line":78,"column":22},"end":{"line":78,"column":null}},"3":{"start":{"line":79,"column":24},"end":{"line":79,"column":null}},"4":{"start":{"line":80,"column":28},"end":{"line":80,"column":null}},"5":{"start":{"line":81,"column":36},"end":{"line":81,"column":null}},"6":{"start":{"line":82,"column":29},"end":{"line":82,"column":null}},"7":{"start":{"line":83,"column":8},"end":{"line":83,"column":null}},"8":{"start":{"line":85,"column":22},"end":{"line":85,"column":null}},"9":{"start":{"line":86,"column":23},"end":{"line":86,"column":null}},"10":{"start":{"line":89,"column":25},"end":{"line":91,"column":null}},"11":{"start":{"line":93,"column":46},"end":{"line":93,"column":null}},"12":{"start":{"line":96,"column":2},"end":{"line":110,"column":null}},"13":{"start":{"line":97,"column":4},"end":{"line":97,"column":null}},"14":{"start":{"line":97,"column":22},"end":{"line":97,"column":null}},"15":{"start":{"line":98,"column":10},"end":{"line":108,"column":null}},"16":{"start":{"line":99,"column":6},"end":{"line":99,"column":null}},"17":{"start":{"line":100,"column":6},"end":{"line":105,"column":null}},"18":{"start":{"line":101,"column":24},"end":{"line":101,"column":null}},"19":{"start":{"line":102,"column":8},"end":{"line":102,"column":null}},"20":{"start":{"line":104,"column":8},"end":{"line":104,"column":null}},"21":{"start":{"line":106,"column":6},"end":{"line":106,"column":null}},"22":{"start":{"line":107,"column":6},"end":{"line":107,"column":null}},"23":{"start":{"line":109,"column":4},"end":{"line":109,"column":null}},"24":{"start":{"line":112,"column":29},"end":{"line":113,"column":null}},"25":{"start":{"line":113,"column":4},"end":{"line":113,"column":null}},"26":{"start":{"line":115,"column":8},"end":{"line":128,"column":null}},"27":{"start":{"line":116,"column":4},"end":{"line":116,"column":null}},"28":{"start":{"line":117,"column":4},"end":{"line":117,"column":null}},"29":{"start":{"line":118,"column":4},"end":{"line":127,"column":null}},"30":{"start":{"line":119,"column":23},"end":{"line":119,"column":null}},"31":{"start":{"line":120,"column":6},"end":{"line":120,"column":null}},"32":{"start":{"line":122,"column":22},"end":{"line":122,"column":null}},"33":{"start":{"line":123,"column":6},"end":{"line":123,"column":null}},"34":{"start":{"line":124,"column":6},"end":{"line":124,"column":null}},"35":{"start":{"line":126,"column":6},"end":{"line":126,"column":null}},"36":{"start":{"line":130,"column":8},"end":{"line":147,"column":null}},"37":{"start":{"line":131,"column":4},"end":{"line":131,"column":null}},"38":{"start":{"line":132,"column":4},"end":{"line":132,"column":null}},"39":{"start":{"line":133,"column":4},"end":{"line":146,"column":null}},"40":{"start":{"line":134,"column":36},"end":{"line":134,"column":null}},"41":{"start":{"line":135,"column":23},"end":{"line":138,"column":null}},"42":{"start":{"line":139,"column":6},"end":{"line":139,"column":null}},"43":{"start":{"line":141,"column":22},"end":{"line":141,"column":null}},"44":{"start":{"line":142,"column":6},"end":{"line":142,"column":null}},"45":{"start":{"line":143,"column":6},"end":{"line":143,"column":null}},"46":{"start":{"line":145,"column":6},"end":{"line":145,"column":null}},"47":{"start":{"line":149,"column":8},"end":{"line":160,"column":null}},"48":{"start":{"line":150,"column":4},"end":{"line":150,"column":null}},"49":{"start":{"line":150,"column":22},"end":{"line":150,"column":null}},"50":{"start":{"line":151,"column":4},"end":{"line":151,"column":null}},"51":{"start":{"line":152,"column":4},"end":{"line":152,"column":null}},"52":{"start":{"line":153,"column":4},"end":{"line":159,"column":null}},"53":{"start":{"line":154,"column":6},"end":{"line":154,"column":null}},"54":{"start":{"line":156,"column":22},"end":{"line":156,"column":null}},"55":{"start":{"line":157,"column":6},"end":{"line":157,"column":null}},"56":{"start":{"line":158,"column":6},"end":{"line":158,"column":null}},"57":{"start":{"line":162,"column":8},"end":{"line":189,"column":null}},"58":{"start":{"line":163,"column":4},"end":{"line":163,"column":null}},"59":{"start":{"line":164,"column":4},"end":{"line":164,"column":null}},"60":{"start":{"line":165,"column":4},"end":{"line":188,"column":null}},"61":{"start":{"line":167,"column":25},"end":{"line":167,"column":null}},"62":{"start":{"line":168,"column":21},"end":{"line":168,"column":null}},"63":{"start":{"line":169,"column":23},"end":{"line":169,"column":null}},"64":{"start":{"line":170,"column":23},"end":{"line":170,"column":null}},"65":{"start":{"line":171,"column":6},"end":{"line":171,"column":null}},"66":{"start":{"line":171,"column":21},"end":{"line":171,"column":null}},"67":{"start":{"line":173,"column":46},"end":{"line":173,"column":null}},"68":{"start":{"line":174,"column":32},"end":{"line":174,"column":null}},"69":{"start":{"line":176,"column":48},"end":{"line":176,"column":null}},"70":{"start":{"line":177,"column":23},"end":{"line":180,"column":null}},"71":{"start":{"line":181,"column":6},"end":{"line":181,"column":null}},"72":{"start":{"line":183,"column":22},"end":{"line":183,"column":null}},"73":{"start":{"line":184,"column":6},"end":{"line":184,"column":null}},"74":{"start":{"line":185,"column":6},"end":{"line":185,"column":null}},"75":{"start":{"line":187,"column":6},"end":{"line":187,"column":null}},"76":{"start":{"line":191,"column":8},"end":{"line":209,"column":null}},"77":{"start":{"line":192,"column":4},"end":{"line":192,"column":null}},"78":{"start":{"line":192,"column":22},"end":{"line":192,"column":null}},"79":{"start":{"line":193,"column":4},"end":{"line":193,"column":null}},"80":{"start":{"line":194,"column":4},"end":{"line":194,"column":null}},"81":{"start":{"line":195,"column":4},"end":{"line":208,"column":null}},"82":{"start":{"line":196,"column":21},"end":{"line":196,"column":null}},"83":{"start":{"line":197,"column":6},"end":{"line":202,"column":null}},"84":{"start":{"line":198,"column":8},"end":{"line":198,"column":null}},"85":{"start":{"line":199,"column":8},"end":{"line":199,"column":null}},"86":{"start":{"line":200,"column":8},"end":{"line":200,"column":null}},"87":{"start":{"line":201,"column":8},"end":{"line":201,"column":null}},"88":{"start":{"line":204,"column":22},"end":{"line":204,"column":null}},"89":{"start":{"line":205,"column":6},"end":{"line":205,"column":null}},"90":{"start":{"line":206,"column":6},"end":{"line":206,"column":null}},"91":{"start":{"line":207,"column":6},"end":{"line":207,"column":null}},"92":{"start":{"line":211,"column":8},"end":{"line":225,"column":null}},"93":{"start":{"line":212,"column":4},"end":{"line":212,"column":null}},"94":{"start":{"line":212,"column":22},"end":{"line":212,"column":null}},"95":{"start":{"line":213,"column":4},"end":{"line":213,"column":null}},"96":{"start":{"line":214,"column":4},"end":{"line":214,"column":null}},"97":{"start":{"line":215,"column":4},"end":{"line":224,"column":null}},"98":{"start":{"line":216,"column":6},"end":{"line":216,"column":null}},"99":{"start":{"line":217,"column":6},"end":{"line":217,"column":null}},"100":{"start":{"line":218,"column":6},"end":{"line":218,"column":null}},"101":{"start":{"line":220,"column":22},"end":{"line":220,"column":null}},"102":{"start":{"line":221,"column":6},"end":{"line":221,"column":null}},"103":{"start":{"line":222,"column":6},"end":{"line":222,"column":null}},"104":{"start":{"line":223,"column":6},"end":{"line":223,"column":null}},"105":{"start":{"line":227,"column":8},"end":{"line":240,"column":null}},"106":{"start":{"line":228,"column":4},"end":{"line":228,"column":null}},"107":{"start":{"line":228,"column":22},"end":{"line":228,"column":null}},"108":{"start":{"line":229,"column":4},"end":{"line":229,"column":null}},"109":{"start":{"line":230,"column":4},"end":{"line":230,"column":null}},"110":{"start":{"line":231,"column":4},"end":{"line":239,"column":null}},"111":{"start":{"line":232,"column":6},"end":{"line":232,"column":null}},"112":{"start":{"line":233,"column":6},"end":{"line":233,"column":null}},"113":{"start":{"line":235,"column":22},"end":{"line":235,"column":null}},"114":{"start":{"line":236,"column":6},"end":{"line":236,"column":null}},"115":{"start":{"line":237,"column":6},"end":{"line":237,"column":null}},"116":{"start":{"line":238,"column":6},"end":{"line":238,"column":null}},"117":{"start":{"line":242,"column":8},"end":{"line":255,"column":null}},"118":{"start":{"line":243,"column":4},"end":{"line":243,"column":null}},"119":{"start":{"line":243,"column":22},"end":{"line":243,"column":null}},"120":{"start":{"line":244,"column":4},"end":{"line":244,"column":null}},"121":{"start":{"line":245,"column":4},"end":{"line":245,"column":null}},"122":{"start":{"line":246,"column":4},"end":{"line":254,"column":null}},"123":{"start":{"line":247,"column":6},"end":{"line":247,"column":null}},"124":{"start":{"line":248,"column":6},"end":{"line":248,"column":null}},"125":{"start":{"line":250,"column":22},"end":{"line":250,"column":null}},"126":{"start":{"line":251,"column":6},"end":{"line":251,"column":null}},"127":{"start":{"line":252,"column":6},"end":{"line":252,"column":null}},"128":{"start":{"line":253,"column":6},"end":{"line":253,"column":null}},"129":{"start":{"line":257,"column":8},"end":{"line":269,"column":null}},"130":{"start":{"line":258,"column":4},"end":{"line":258,"column":null}},"131":{"start":{"line":258,"column":22},"end":{"line":258,"column":null}},"132":{"start":{"line":259,"column":4},"end":{"line":259,"column":null}},"133":{"start":{"line":260,"column":4},"end":{"line":260,"column":null}},"134":{"start":{"line":261,"column":4},"end":{"line":268,"column":null}},"135":{"start":{"line":262,"column":6},"end":{"line":262,"column":null}},"136":{"start":{"line":264,"column":22},"end":{"line":264,"column":null}},"137":{"start":{"line":265,"column":6},"end":{"line":265,"column":null}},"138":{"start":{"line":266,"column":6},"end":{"line":266,"column":null}},"139":{"start":{"line":267,"column":6},"end":{"line":267,"column":null}},"140":{"start":{"line":271,"column":8},"end":{"line":274,"column":null}},"141":{"start":{"line":272,"column":4},"end":{"line":272,"column":null}},"142":{"start":{"line":272,"column":22},"end":{"line":272,"column":null}},"143":{"start":{"line":273,"column":4},"end":{"line":273,"column":null}},"144":{"start":{"line":276,"column":8},"end":{"line":292,"column":null}},"145":{"start":{"line":277,"column":4},"end":{"line":277,"column":null}},"146":{"start":{"line":278,"column":4},"end":{"line":278,"column":null}},"147":{"start":{"line":279,"column":4},"end":{"line":291,"column":null}},"148":{"start":{"line":280,"column":6},"end":{"line":280,"column":null}},"149":{"start":{"line":281,"column":6},"end":{"line":283,"column":null}},"150":{"start":{"line":282,"column":8},"end":{"line":282,"column":null}},"151":{"start":{"line":284,"column":6},"end":{"line":284,"column":null}},"152":{"start":{"line":285,"column":6},"end":{"line":285,"column":null}},"153":{"start":{"line":287,"column":22},"end":{"line":287,"column":null}},"154":{"start":{"line":288,"column":6},"end":{"line":288,"column":null}},"155":{"start":{"line":290,"column":6},"end":{"line":290,"column":null}},"156":{"start":{"line":294,"column":8},"end":{"line":297,"column":null}},"157":{"start":{"line":295,"column":4},"end":{"line":295,"column":null}},"158":{"start":{"line":295,"column":22},"end":{"line":295,"column":null}},"159":{"start":{"line":296,"column":4},"end":{"line":296,"column":null}},"160":{"start":{"line":299,"column":8},"end":{"line":302,"column":null}},"161":{"start":{"line":300,"column":4},"end":{"line":300,"column":null}},"162":{"start":{"line":300,"column":22},"end":{"line":300,"column":null}},"163":{"start":{"line":301,"column":4},"end":{"line":301,"column":null}},"164":{"start":{"line":304,"column":8},"end":{"line":304,"column":null}},"165":{"start":{"line":304,"column":48},"end":{"line":304,"column":68}},"166":{"start":{"line":305,"column":8},"end":{"line":305,"column":null}},"167":{"start":{"line":305,"column":39},"end":{"line":305,"column":60}},"168":{"start":{"line":307,"column":34},"end":{"line":333,"column":null}},"169":{"start":{"line":335,"column":2},"end":{"line":335,"column":null}},"170":{"start":{"line":339,"column":8},"end":{"line":339,"column":null}},"171":{"start":{"line":340,"column":2},"end":{"line":340,"column":null}},"172":{"start":{"line":340,"column":12},"end":{"line":340,"column":null}},"173":{"start":{"line":341,"column":2},"end":{"line":341,"column":null}}},"fnMap":{"0":{"name":"AuthProvider","decl":{"start":{"line":77,"column":16},"end":{"line":77,"column":29}},"loc":{"start":{"line":77,"column":68},"end":{"line":336,"column":null}},"line":77},"1":{"name":"(anonymous_1)","decl":{"start":{"line":96,"column":12},"end":{"line":96,"column":18}},"loc":{"start":{"line":96,"column":18},"end":{"line":110,"column":5}},"line":96},"2":{"name":"(anonymous_2)","decl":{"start":{"line":98,"column":47},"end":{"line":98,"column":54}},"loc":{"start":{"line":98,"column":65},"end":{"line":108,"column":5}},"line":98},"3":{"name":"(anonymous_3)","decl":{"start":{"line":112,"column":29},"end":{"line":112,"column":30}},"loc":{"start":{"line":113,"column":4},"end":{"line":113,"column":null}},"line":113},"4":{"name":"(anonymous_4)","decl":{"start":{"line":115,"column":28},"end":{"line":115,"column":35}},"loc":{"start":{"line":115,"column":71},"end":{"line":128,"column":5}},"line":115},"5":{"name":"(anonymous_5)","decl":{"start":{"line":130,"column":31},"end":{"line":130,"column":38}},"loc":{"start":{"line":130,"column":93},"end":{"line":147,"column":5}},"line":130},"6":{"name":"(anonymous_6)","decl":{"start":{"line":149,"column":38},"end":{"line":149,"column":50}},"loc":{"start":{"line":149,"column":50},"end":{"line":160,"column":5}},"line":149},"7":{"name":"(anonymous_7)","decl":{"start":{"line":162,"column":41},"end":{"line":162,"column":53}},"loc":{"start":{"line":162,"column":53},"end":{"line":189,"column":5}},"line":162},"8":{"name":"(anonymous_8)","decl":{"start":{"line":191,"column":37},"end":{"line":191,"column":44}},"loc":{"start":{"line":191,"column":80},"end":{"line":209,"column":5}},"line":191},"9":{"name":"(anonymous_9)","decl":{"start":{"line":211,"column":40},"end":{"line":211,"column":47}},"loc":{"start":{"line":211,"column":83},"end":{"line":225,"column":5}},"line":211},"10":{"name":"(anonymous_10)","decl":{"start":{"line":227,"column":42},"end":{"line":227,"column":49}},"loc":{"start":{"line":227,"column":67},"end":{"line":240,"column":5}},"line":227},"11":{"name":"(anonymous_11)","decl":{"start":{"line":242,"column":44},"end":{"line":242,"column":51}},"loc":{"start":{"line":242,"column":69},"end":{"line":255,"column":5}},"line":242},"12":{"name":"(anonymous_12)","decl":{"start":{"line":257,"column":42},"end":{"line":257,"column":49}},"loc":{"start":{"line":257,"column":68},"end":{"line":269,"column":5}},"line":257},"13":{"name":"(anonymous_13)","decl":{"start":{"line":271,"column":40},"end":{"line":271,"column":46}},"loc":{"start":{"line":271,"column":46},"end":{"line":274,"column":5}},"line":271},"14":{"name":"(anonymous_14)","decl":{"start":{"line":276,"column":29},"end":{"line":276,"column":41}},"loc":{"start":{"line":276,"column":41},"end":{"line":292,"column":5}},"line":276},"15":{"name":"(anonymous_15)","decl":{"start":{"line":294,"column":29},"end":{"line":294,"column":30}},"loc":{"start":{"line":294,"column":50},"end":{"line":297,"column":5}},"line":294},"16":{"name":"(anonymous_16)","decl":{"start":{"line":299,"column":31},"end":{"line":299,"column":32}},"loc":{"start":{"line":299,"column":53},"end":{"line":302,"column":5}},"line":299},"17":{"name":"(anonymous_17)","decl":{"start":{"line":304,"column":31},"end":{"line":304,"column":32}},"loc":{"start":{"line":304,"column":48},"end":{"line":304,"column":68}},"line":304},"18":{"name":"(anonymous_18)","decl":{"start":{"line":305,"column":33},"end":{"line":305,"column":39}},"loc":{"start":{"line":305,"column":39},"end":{"line":305,"column":60}},"line":305},"19":{"name":"useAuth","decl":{"start":{"line":338,"column":16},"end":{"line":338,"column":44}},"loc":{"start":{"line":338,"column":44},"end":{"line":342,"column":null}},"line":338}},"branchMap":{"0":{"loc":{"start":{"line":90,"column":10},"end":{"line":90,"column":null}},"type":"binary-expr","locations":[{"start":{"line":90,"column":10},"end":{"line":90,"column":27}},{"start":{"line":90,"column":27},"end":{"line":90,"column":null}}],"line":90},"1":{"loc":{"start":{"line":93,"column":46},"end":{"line":93,"column":null}},"type":"binary-expr","locations":[{"start":{"line":93,"column":46},"end":{"line":93,"column":73}},{"start":{"line":93,"column":73},"end":{"line":93,"column":null}}],"line":93},"2":{"loc":{"start":{"line":97,"column":4},"end":{"line":97,"column":null}},"type":"if","locations":[{"start":{"line":97,"column":4},"end":{"line":97,"column":null}},{"start":{},"end":{}}],"line":97},"3":{"loc":{"start":{"line":100,"column":6},"end":{"line":105,"column":null}},"type":"if","locations":[{"start":{"line":100,"column":6},"end":{"line":105,"column":null}},{"start":{"line":103,"column":13},"end":{"line":105,"column":null}}],"line":100},"4":{"loc":{"start":{"line":122,"column":22},"end":{"line":122,"column":null}},"type":"cond-expr","locations":[{"start":{"line":122,"column":45},"end":{"line":122,"column":59}},{"start":{"line":122,"column":59},"end":{"line":122,"column":null}}],"line":122},"5":{"loc":{"start":{"line":137,"column":48},"end":{"line":137,"column":60}},"type":"binary-expr","locations":[{"start":{"line":137,"column":48},"end":{"line":137,"column":57}},{"start":{"line":137,"column":57},"end":{"line":137,"column":60}}],"line":137},"6":{"loc":{"start":{"line":141,"column":22},"end":{"line":141,"column":null}},"type":"cond-expr","locations":[{"start":{"line":141,"column":45},"end":{"line":141,"column":59}},{"start":{"line":141,"column":59},"end":{"line":141,"column":null}}],"line":141},"7":{"loc":{"start":{"line":150,"column":4},"end":{"line":150,"column":null}},"type":"if","locations":[{"start":{"line":150,"column":4},"end":{"line":150,"column":null}},{"start":{},"end":{}}],"line":150},"8":{"loc":{"start":{"line":156,"column":22},"end":{"line":156,"column":null}},"type":"cond-expr","locations":[{"start":{"line":156,"column":45},"end":{"line":156,"column":59}},{"start":{"line":156,"column":59},"end":{"line":156,"column":null}}],"line":156},"9":{"loc":{"start":{"line":170,"column":23},"end":{"line":170,"column":null}},"type":"binary-expr","locations":[{"start":{"line":170,"column":23},"end":{"line":170,"column":65}},{"start":{"line":170,"column":65},"end":{"line":170,"column":null}}],"line":170},"10":{"loc":{"start":{"line":171,"column":6},"end":{"line":171,"column":null}},"type":"if","locations":[{"start":{"line":171,"column":6},"end":{"line":171,"column":null}},{"start":{},"end":{}}],"line":171},"11":{"loc":{"start":{"line":183,"column":22},"end":{"line":183,"column":null}},"type":"cond-expr","locations":[{"start":{"line":183,"column":45},"end":{"line":183,"column":59}},{"start":{"line":183,"column":59},"end":{"line":183,"column":null}}],"line":183},"12":{"loc":{"start":{"line":192,"column":4},"end":{"line":192,"column":null}},"type":"if","locations":[{"start":{"line":192,"column":4},"end":{"line":192,"column":null}},{"start":{},"end":{}}],"line":192},"13":{"loc":{"start":{"line":197,"column":6},"end":{"line":202,"column":null}},"type":"if","locations":[{"start":{"line":197,"column":6},"end":{"line":202,"column":null}},{"start":{},"end":{}}],"line":197},"14":{"loc":{"start":{"line":197,"column":10},"end":{"line":197,"column":43}},"type":"binary-expr","locations":[{"start":{"line":197,"column":10},"end":{"line":197,"column":20}},{"start":{"line":197,"column":20},"end":{"line":197,"column":43}}],"line":197},"15":{"loc":{"start":{"line":204,"column":22},"end":{"line":204,"column":null}},"type":"cond-expr","locations":[{"start":{"line":204,"column":45},"end":{"line":204,"column":59}},{"start":{"line":204,"column":59},"end":{"line":204,"column":null}}],"line":204},"16":{"loc":{"start":{"line":205,"column":20},"end":{"line":205,"column":70}},"type":"binary-expr","locations":[{"start":{"line":205,"column":20},"end":{"line":205,"column":51}},{"start":{"line":205,"column":51},"end":{"line":205,"column":70}}],"line":205},"17":{"loc":{"start":{"line":212,"column":4},"end":{"line":212,"column":null}},"type":"if","locations":[{"start":{"line":212,"column":4},"end":{"line":212,"column":null}},{"start":{},"end":{}}],"line":212},"18":{"loc":{"start":{"line":220,"column":22},"end":{"line":220,"column":null}},"type":"cond-expr","locations":[{"start":{"line":220,"column":45},"end":{"line":220,"column":59}},{"start":{"line":220,"column":59},"end":{"line":220,"column":null}}],"line":220},"19":{"loc":{"start":{"line":221,"column":20},"end":{"line":221,"column":77}},"type":"binary-expr","locations":[{"start":{"line":221,"column":20},"end":{"line":221,"column":51}},{"start":{"line":221,"column":51},"end":{"line":221,"column":77}}],"line":221},"20":{"loc":{"start":{"line":228,"column":4},"end":{"line":228,"column":null}},"type":"if","locations":[{"start":{"line":228,"column":4},"end":{"line":228,"column":null}},{"start":{},"end":{}}],"line":228},"21":{"loc":{"start":{"line":235,"column":22},"end":{"line":235,"column":null}},"type":"cond-expr","locations":[{"start":{"line":235,"column":45},"end":{"line":235,"column":59}},{"start":{"line":235,"column":59},"end":{"line":235,"column":null}}],"line":235},"22":{"loc":{"start":{"line":236,"column":20},"end":{"line":236,"column":79}},"type":"binary-expr","locations":[{"start":{"line":236,"column":20},"end":{"line":236,"column":51}},{"start":{"line":236,"column":51},"end":{"line":236,"column":79}}],"line":236},"23":{"loc":{"start":{"line":243,"column":4},"end":{"line":243,"column":null}},"type":"if","locations":[{"start":{"line":243,"column":4},"end":{"line":243,"column":null}},{"start":{},"end":{}}],"line":243},"24":{"loc":{"start":{"line":250,"column":22},"end":{"line":250,"column":null}},"type":"cond-expr","locations":[{"start":{"line":250,"column":45},"end":{"line":250,"column":59}},{"start":{"line":250,"column":59},"end":{"line":250,"column":null}}],"line":250},"25":{"loc":{"start":{"line":251,"column":20},"end":{"line":251,"column":80}},"type":"binary-expr","locations":[{"start":{"line":251,"column":20},"end":{"line":251,"column":51}},{"start":{"line":251,"column":51},"end":{"line":251,"column":80}}],"line":251},"26":{"loc":{"start":{"line":258,"column":4},"end":{"line":258,"column":null}},"type":"if","locations":[{"start":{"line":258,"column":4},"end":{"line":258,"column":null}},{"start":{},"end":{}}],"line":258},"27":{"loc":{"start":{"line":264,"column":22},"end":{"line":264,"column":null}},"type":"cond-expr","locations":[{"start":{"line":264,"column":45},"end":{"line":264,"column":59}},{"start":{"line":264,"column":59},"end":{"line":264,"column":null}}],"line":264},"28":{"loc":{"start":{"line":265,"column":20},"end":{"line":265,"column":79}},"type":"binary-expr","locations":[{"start":{"line":265,"column":20},"end":{"line":265,"column":51}},{"start":{"line":265,"column":51},"end":{"line":265,"column":79}}],"line":265},"29":{"loc":{"start":{"line":272,"column":4},"end":{"line":272,"column":null}},"type":"if","locations":[{"start":{"line":272,"column":4},"end":{"line":272,"column":null}},{"start":{},"end":{}}],"line":272},"30":{"loc":{"start":{"line":281,"column":6},"end":{"line":283,"column":null}},"type":"if","locations":[{"start":{"line":281,"column":6},"end":{"line":283,"column":null}},{"start":{},"end":{}}],"line":281},"31":{"loc":{"start":{"line":287,"column":22},"end":{"line":287,"column":null}},"type":"cond-expr","locations":[{"start":{"line":287,"column":45},"end":{"line":287,"column":59}},{"start":{"line":287,"column":59},"end":{"line":287,"column":null}}],"line":287},"32":{"loc":{"start":{"line":295,"column":4},"end":{"line":295,"column":null}},"type":"if","locations":[{"start":{"line":295,"column":4},"end":{"line":295,"column":null}},{"start":{},"end":{}}],"line":295},"33":{"loc":{"start":{"line":296,"column":11},"end":{"line":296,"column":null}},"type":"binary-expr","locations":[{"start":{"line":296,"column":11},"end":{"line":296,"column":49}},{"start":{"line":296,"column":49},"end":{"line":296,"column":null}}],"line":296},"34":{"loc":{"start":{"line":300,"column":4},"end":{"line":300,"column":null}},"type":"if","locations":[{"start":{"line":300,"column":4},"end":{"line":300,"column":null}},{"start":{},"end":{}}],"line":300},"35":{"loc":{"start":{"line":301,"column":11},"end":{"line":301,"column":null}},"type":"binary-expr","locations":[{"start":{"line":301,"column":11},"end":{"line":301,"column":46}},{"start":{"line":301,"column":46},"end":{"line":301,"column":null}}],"line":301},"36":{"loc":{"start":{"line":310,"column":21},"end":{"line":310,"column":null}},"type":"binary-expr","locations":[{"start":{"line":310,"column":21},"end":{"line":310,"column":37}},{"start":{"line":310,"column":37},"end":{"line":310,"column":47}},{"start":{"line":310,"column":47},"end":{"line":310,"column":null}}],"line":310},"37":{"loc":{"start":{"line":312,"column":12},"end":{"line":312,"column":null}},"type":"cond-expr","locations":[{"start":{"line":312,"column":27},"end":{"line":312,"column":40}},{"start":{"line":312,"column":40},"end":{"line":312,"column":null}}],"line":312},"38":{"loc":{"start":{"line":312,"column":40},"end":{"line":312,"column":null}},"type":"binary-expr","locations":[{"start":{"line":312,"column":40},"end":{"line":312,"column":53}},{"start":{"line":312,"column":53},"end":{"line":312,"column":null}}],"line":312},"39":{"loc":{"start":{"line":313,"column":13},"end":{"line":313,"column":null}},"type":"binary-expr","locations":[{"start":{"line":313,"column":13},"end":{"line":313,"column":30}},{"start":{"line":313,"column":30},"end":{"line":313,"column":null}}],"line":313},"40":{"loc":{"start":{"line":340,"column":2},"end":{"line":340,"column":null}},"type":"if","locations":[{"start":{"line":340,"column":2},"end":{"line":340,"column":null}},{"start":{},"end":{}}],"line":340}},"s":{"0":2,"1":2,"2":89,"3":89,"4":89,"5":89,"6":89,"7":89,"8":89,"9":89,"10":89,"11":89,"12":89,"13":52,"14":37,"15":15,"16":2,"17":2,"18":1,"19":1,"20":1,"21":2,"22":2,"23":15,"24":89,"25":5,"26":89,"27":2,"28":2,"29":2,"30":2,"31":1,"32":1,"33":1,"34":1,"35":2,"36":89,"37":2,"38":2,"39":2,"40":2,"41":2,"42":1,"43":1,"44":1,"45":1,"46":2,"47":89,"48":3,"49":1,"50":2,"51":2,"52":2,"53":2,"54":1,"55":1,"56":1,"57":89,"58":1,"59":1,"60":1,"61":1,"62":1,"63":1,"64":1,"65":1,"66":1,"67":0,"68":0,"69":0,"70":0,"71":0,"72":1,"73":1,"74":1,"75":1,"76":89,"77":3,"78":1,"79":2,"80":2,"81":2,"82":2,"83":1,"84":1,"85":1,"86":1,"87":1,"88":1,"89":1,"90":1,"91":1,"92":89,"93":3,"94":1,"95":2,"96":2,"97":2,"98":2,"99":1,"100":1,"101":1,"102":1,"103":1,"104":1,"105":89,"106":3,"107":1,"108":2,"109":2,"110":2,"111":2,"112":1,"113":1,"114":1,"115":1,"116":1,"117":89,"118":3,"119":1,"120":2,"121":2,"122":2,"123":2,"124":1,"125":1,"126":1,"127":1,"128":1,"129":89,"130":2,"131":1,"132":1,"133":1,"134":1,"135":1,"136":1,"137":1,"138":1,"139":1,"140":89,"141":2,"142":1,"143":1,"144":89,"145":3,"146":3,"147":3,"148":3,"149":2,"150":1,"151":2,"152":2,"153":1,"154":1,"155":3,"156":89,"157":90,"158":60,"159":30,"160":89,"161":64,"162":45,"163":19,"164":89,"165":2,"166":89,"167":1,"168":89,"169":89,"170":92,"171":92,"172":4,"173":87},"f":{"0":89,"1":52,"2":2,"3":5,"4":2,"5":2,"6":3,"7":1,"8":3,"9":3,"10":3,"11":3,"12":2,"13":2,"14":3,"15":90,"16":64,"17":2,"18":1,"19":92},"b":{"0":[89,30],"1":[89,85],"2":[37,15],"3":[1,1],"4":[1,0],"5":[2,1],"6":[1,0],"7":[1,2],"8":[1,0],"9":[1,1],"10":[1,0],"11":[1,0],"12":[1,2],"13":[1,0],"14":[1,1],"15":[1,0],"16":[1,0],"17":[1,2],"18":[1,0],"19":[1,0],"20":[1,2],"21":[1,0],"22":[1,0],"23":[1,2],"24":[1,0],"25":[1,0],"26":[1,1],"27":[1,0],"28":[1,0],"29":[1,1],"30":[1,1],"31":[1,0],"32":[60,30],"33":[30,30],"34":[45,19],"35":[19,19],"36":[89,30,30],"37":[57,30],"38":[30,30],"39":[89,30],"40":[4,88]},"meta":{"lastBranch":41,"lastFunction":20,"lastStatement":174,"seen":{"s:31:13:31:Infinity":0,"s:75:6:75:Infinity":1,"f:77:16:77:29":0,"s:78:22:78:Infinity":2,"s:79:24:79:Infinity":3,"s:80:28:80:Infinity":4,"s:81:36:81:Infinity":5,"s:82:29:82:Infinity":6,"s:83:8:83:Infinity":7,"s:85:22:85:Infinity":8,"s:86:23:86:Infinity":9,"s:89:25:91:Infinity":10,"b:90:10:90:27:90:27:90:Infinity":0,"s:93:46:93:Infinity":11,"b:93:46:93:73:93:73:93:Infinity":1,"s:96:2:110:Infinity":12,"f:96:12:96:18":1,"b:97:4:97:Infinity:undefined:undefined:undefined:undefined":2,"s:97:4:97:Infinity":13,"s:97:22:97:Infinity":14,"s:98:10:108:Infinity":15,"f:98:47:98:54":2,"s:99:6:99:Infinity":16,"b:100:6:105:Infinity:103:13:105:Infinity":3,"s:100:6:105:Infinity":17,"s:101:24:101:Infinity":18,"s:102:8:102:Infinity":19,"s:104:8:104:Infinity":20,"s:106:6:106:Infinity":21,"s:107:6:107:Infinity":22,"s:109:4:109:Infinity":23,"s:112:29:113:Infinity":24,"f:112:29:112:30":3,"s:113:4:113:Infinity":25,"s:115:8:128:Infinity":26,"f:115:28:115:35":4,"s:116:4:116:Infinity":27,"s:117:4:117:Infinity":28,"s:118:4:127:Infinity":29,"s:119:23:119:Infinity":30,"s:120:6:120:Infinity":31,"s:122:22:122:Infinity":32,"b:122:45:122:59:122:59:122:Infinity":4,"s:123:6:123:Infinity":33,"s:124:6:124:Infinity":34,"s:126:6:126:Infinity":35,"s:130:8:147:Infinity":36,"f:130:31:130:38":5,"s:131:4:131:Infinity":37,"s:132:4:132:Infinity":38,"s:133:4:146:Infinity":39,"s:134:36:134:Infinity":40,"s:135:23:138:Infinity":41,"b:137:48:137:57:137:57:137:60":5,"s:139:6:139:Infinity":42,"s:141:22:141:Infinity":43,"b:141:45:141:59:141:59:141:Infinity":6,"s:142:6:142:Infinity":44,"s:143:6:143:Infinity":45,"s:145:6:145:Infinity":46,"s:149:8:160:Infinity":47,"f:149:38:149:50":6,"b:150:4:150:Infinity:undefined:undefined:undefined:undefined":7,"s:150:4:150:Infinity":48,"s:150:22:150:Infinity":49,"s:151:4:151:Infinity":50,"s:152:4:152:Infinity":51,"s:153:4:159:Infinity":52,"s:154:6:154:Infinity":53,"s:156:22:156:Infinity":54,"b:156:45:156:59:156:59:156:Infinity":8,"s:157:6:157:Infinity":55,"s:158:6:158:Infinity":56,"s:162:8:189:Infinity":57,"f:162:41:162:53":7,"s:163:4:163:Infinity":58,"s:164:4:164:Infinity":59,"s:165:4:188:Infinity":60,"s:167:25:167:Infinity":61,"s:168:21:168:Infinity":62,"s:169:23:169:Infinity":63,"s:170:23:170:Infinity":64,"b:170:23:170:65:170:65:170:Infinity":9,"b:171:6:171:Infinity:undefined:undefined:undefined:undefined":10,"s:171:6:171:Infinity":65,"s:171:21:171:Infinity":66,"s:173:46:173:Infinity":67,"s:174:32:174:Infinity":68,"s:176:48:176:Infinity":69,"s:177:23:180:Infinity":70,"s:181:6:181:Infinity":71,"s:183:22:183:Infinity":72,"b:183:45:183:59:183:59:183:Infinity":11,"s:184:6:184:Infinity":73,"s:185:6:185:Infinity":74,"s:187:6:187:Infinity":75,"s:191:8:209:Infinity":76,"f:191:37:191:44":8,"b:192:4:192:Infinity:undefined:undefined:undefined:undefined":12,"s:192:4:192:Infinity":77,"s:192:22:192:Infinity":78,"s:193:4:193:Infinity":79,"s:194:4:194:Infinity":80,"s:195:4:208:Infinity":81,"s:196:21:196:Infinity":82,"b:197:6:202:Infinity:undefined:undefined:undefined:undefined":13,"s:197:6:202:Infinity":83,"b:197:10:197:20:197:20:197:43":14,"s:198:8:198:Infinity":84,"s:199:8:199:Infinity":85,"s:200:8:200:Infinity":86,"s:201:8:201:Infinity":87,"s:204:22:204:Infinity":88,"b:204:45:204:59:204:59:204:Infinity":15,"s:205:6:205:Infinity":89,"b:205:20:205:51:205:51:205:70":16,"s:206:6:206:Infinity":90,"s:207:6:207:Infinity":91,"s:211:8:225:Infinity":92,"f:211:40:211:47":9,"b:212:4:212:Infinity:undefined:undefined:undefined:undefined":17,"s:212:4:212:Infinity":93,"s:212:22:212:Infinity":94,"s:213:4:213:Infinity":95,"s:214:4:214:Infinity":96,"s:215:4:224:Infinity":97,"s:216:6:216:Infinity":98,"s:217:6:217:Infinity":99,"s:218:6:218:Infinity":100,"s:220:22:220:Infinity":101,"b:220:45:220:59:220:59:220:Infinity":18,"s:221:6:221:Infinity":102,"b:221:20:221:51:221:51:221:77":19,"s:222:6:222:Infinity":103,"s:223:6:223:Infinity":104,"s:227:8:240:Infinity":105,"f:227:42:227:49":10,"b:228:4:228:Infinity:undefined:undefined:undefined:undefined":20,"s:228:4:228:Infinity":106,"s:228:22:228:Infinity":107,"s:229:4:229:Infinity":108,"s:230:4:230:Infinity":109,"s:231:4:239:Infinity":110,"s:232:6:232:Infinity":111,"s:233:6:233:Infinity":112,"s:235:22:235:Infinity":113,"b:235:45:235:59:235:59:235:Infinity":21,"s:236:6:236:Infinity":114,"b:236:20:236:51:236:51:236:79":22,"s:237:6:237:Infinity":115,"s:238:6:238:Infinity":116,"s:242:8:255:Infinity":117,"f:242:44:242:51":11,"b:243:4:243:Infinity:undefined:undefined:undefined:undefined":23,"s:243:4:243:Infinity":118,"s:243:22:243:Infinity":119,"s:244:4:244:Infinity":120,"s:245:4:245:Infinity":121,"s:246:4:254:Infinity":122,"s:247:6:247:Infinity":123,"s:248:6:248:Infinity":124,"s:250:22:250:Infinity":125,"b:250:45:250:59:250:59:250:Infinity":24,"s:251:6:251:Infinity":126,"b:251:20:251:51:251:51:251:80":25,"s:252:6:252:Infinity":127,"s:253:6:253:Infinity":128,"s:257:8:269:Infinity":129,"f:257:42:257:49":12,"b:258:4:258:Infinity:undefined:undefined:undefined:undefined":26,"s:258:4:258:Infinity":130,"s:258:22:258:Infinity":131,"s:259:4:259:Infinity":132,"s:260:4:260:Infinity":133,"s:261:4:268:Infinity":134,"s:262:6:262:Infinity":135,"s:264:22:264:Infinity":136,"b:264:45:264:59:264:59:264:Infinity":27,"s:265:6:265:Infinity":137,"b:265:20:265:51:265:51:265:79":28,"s:266:6:266:Infinity":138,"s:267:6:267:Infinity":139,"s:271:8:274:Infinity":140,"f:271:40:271:46":13,"b:272:4:272:Infinity:undefined:undefined:undefined:undefined":29,"s:272:4:272:Infinity":141,"s:272:22:272:Infinity":142,"s:273:4:273:Infinity":143,"s:276:8:292:Infinity":144,"f:276:29:276:41":14,"s:277:4:277:Infinity":145,"s:278:4:278:Infinity":146,"s:279:4:291:Infinity":147,"s:280:6:280:Infinity":148,"b:281:6:283:Infinity:undefined:undefined:undefined:undefined":30,"s:281:6:283:Infinity":149,"s:282:8:282:Infinity":150,"s:284:6:284:Infinity":151,"s:285:6:285:Infinity":152,"s:287:22:287:Infinity":153,"b:287:45:287:59:287:59:287:Infinity":31,"s:288:6:288:Infinity":154,"s:290:6:290:Infinity":155,"s:294:8:297:Infinity":156,"f:294:29:294:30":15,"b:295:4:295:Infinity:undefined:undefined:undefined:undefined":32,"s:295:4:295:Infinity":157,"s:295:22:295:Infinity":158,"s:296:4:296:Infinity":159,"b:296:11:296:49:296:49:296:Infinity":33,"s:299:8:302:Infinity":160,"f:299:31:299:32":16,"b:300:4:300:Infinity:undefined:undefined:undefined:undefined":34,"s:300:4:300:Infinity":161,"s:300:22:300:Infinity":162,"s:301:4:301:Infinity":163,"b:301:11:301:46:301:46:301:Infinity":35,"s:304:8:304:Infinity":164,"f:304:31:304:32":17,"s:304:48:304:68":165,"s:305:8:305:Infinity":166,"f:305:33:305:39":18,"s:305:39:305:60":167,"s:307:34:333:Infinity":168,"b:310:21:310:37:310:37:310:47:310:47:310:Infinity":36,"b:312:27:312:40:312:40:312:Infinity":37,"b:312:40:312:53:312:53:312:Infinity":38,"b:313:13:313:30:313:30:313:Infinity":39,"s:335:2:335:Infinity":169,"f:338:16:338:44":19,"s:339:8:339:Infinity":170,"b:340:2:340:Infinity:undefined:undefined:undefined:undefined":40,"s:340:2:340:Infinity":171,"s:340:12:340:Infinity":172,"s:341:2:341:Infinity":173}}}
,"/Users/kennethstott/PycharmProjects/constat/constat-ui/src/contexts/SessionContext.tsx": {"path":"/Users/kennethstott/PycharmProjects/constat/constat-ui/src/contexts/SessionContext.tsx","statementMap":{"0":{"start":{"line":188,"column":6},"end":{"line":188,"column":null}},"1":{"start":{"line":191,"column":17},"end":{"line":191,"column":null}},"2":{"start":{"line":194,"column":33},"end":{"line":194,"column":null}},"3":{"start":{"line":195,"column":56},"end":{"line":195,"column":null}},"4":{"start":{"line":196,"column":38},"end":{"line":196,"column":null}},"5":{"start":{"line":197,"column":48},"end":{"line":197,"column":null}},"6":{"start":{"line":198,"column":26},"end":{"line":198,"column":null}},"7":{"start":{"line":199,"column":38},"end":{"line":199,"column":null}},"8":{"start":{"line":202,"column":28},"end":{"line":202,"column":null}},"9":{"start":{"line":205,"column":8},"end":{"line":205,"column":null}},"10":{"start":{"line":206,"column":8},"end":{"line":206,"column":null}},"11":{"start":{"line":207,"column":8},"end":{"line":207,"column":null}},"12":{"start":{"line":208,"column":8},"end":{"line":208,"column":null}},"13":{"start":{"line":209,"column":8},"end":{"line":209,"column":null}},"14":{"start":{"line":210,"column":8},"end":{"line":210,"column":null}},"15":{"start":{"line":213,"column":2},"end":{"line":213,"column":null}},"16":{"start":{"line":213,"column":20},"end":{"line":213,"column":53}},"17":{"start":{"line":214,"column":2},"end":{"line":214,"column":null}},"18":{"start":{"line":214,"column":20},"end":{"line":214,"column":47}},"19":{"start":{"line":215,"column":2},"end":{"line":215,"column":null}},"20":{"start":{"line":215,"column":20},"end":{"line":215,"column":49}},"21":{"start":{"line":218,"column":8},"end":{"line":218,"column":null}},"22":{"start":{"line":219,"column":8},"end":{"line":219,"column":null}},"23":{"start":{"line":220,"column":8},"end":{"line":220,"column":null}},"24":{"start":{"line":221,"column":8},"end":{"line":221,"column":null}},"25":{"start":{"line":222,"column":8},"end":{"line":222,"column":null}},"26":{"start":{"line":223,"column":8},"end":{"line":223,"column":null}},"27":{"start":{"line":224,"column":8},"end":{"line":224,"column":null}},"28":{"start":{"line":227,"column":8},"end":{"line":227,"column":null}},"29":{"start":{"line":227,"column":60},"end":{"line":227,"column":65}},"30":{"start":{"line":233,"column":8},"end":{"line":240,"column":null}},"31":{"start":{"line":234,"column":4},"end":{"line":234,"column":null}},"32":{"start":{"line":235,"column":4},"end":{"line":235,"column":null}},"33":{"start":{"line":236,"column":4},"end":{"line":239,"column":null}},"34":{"start":{"line":237,"column":6},"end":{"line":237,"column":null}},"35":{"start":{"line":238,"column":6},"end":{"line":238,"column":null}},"36":{"start":{"line":242,"column":8},"end":{"line":297,"column":null}},"37":{"start":{"line":243,"column":4},"end":{"line":285,"column":null}},"38":{"start":{"line":250,"column":10},"end":{"line":250,"column":null}},"39":{"start":{"line":250,"column":37},"end":{"line":250,"column":null}},"40":{"start":{"line":251,"column":16},"end":{"line":251,"column":null}},"41":{"start":{"line":254,"column":10},"end":{"line":256,"column":null}},"42":{"start":{"line":255,"column":12},"end":{"line":255,"column":null}},"43":{"start":{"line":259,"column":10},"end":{"line":259,"column":null}},"44":{"start":{"line":262,"column":10},"end":{"line":262,"column":null}},"45":{"start":{"line":265,"column":10},"end":{"line":279,"column":null}},"46":{"start":{"line":270,"column":12},"end":{"line":278,"column":null}},"47":{"start":{"line":271,"column":29},"end":{"line":271,"column":null}},"48":{"start":{"line":272,"column":14},"end":{"line":277,"column":null}},"49":{"start":{"line":273,"column":29},"end":{"line":273,"column":null}},"50":{"start":{"line":274,"column":16},"end":{"line":274,"column":null}},"51":{"start":{"line":276,"column":16},"end":{"line":276,"column":null}},"52":{"start":{"line":282,"column":10},"end":{"line":282,"column":null}},"53":{"start":{"line":283,"column":10},"end":{"line":283,"column":null}},"54":{"start":{"line":286,"column":4},"end":{"line":286,"column":null}},"55":{"start":{"line":288,"column":4},"end":{"line":295,"column":null}},"56":{"start":{"line":289,"column":6},"end":{"line":294,"column":null}},"57":{"start":{"line":294,"column":24},"end":{"line":294,"column":64}},"58":{"start":{"line":304,"column":8},"end":{"line":304,"column":null}},"59":{"start":{"line":306,"column":8},"end":{"line":309,"column":null}},"60":{"start":{"line":307,"column":45},"end":{"line":307,"column":null}},"61":{"start":{"line":315,"column":8},"end":{"line":396,"column":null}},"62":{"start":{"line":316,"column":16},"end":{"line":316,"column":null}},"63":{"start":{"line":317,"column":4},"end":{"line":317,"column":null}},"64":{"start":{"line":318,"column":4},"end":{"line":318,"column":null}},"65":{"start":{"line":319,"column":4},"end":{"line":319,"column":null}},"66":{"start":{"line":321,"column":22},"end":{"line":323,"column":null}},"67":{"start":{"line":325,"column":21},"end":{"line":328,"column":null}},"68":{"start":{"line":329,"column":10},"end":{"line":329,"column":null}},"69":{"start":{"line":331,"column":38},"end":{"line":331,"column":null}},"70":{"start":{"line":332,"column":4},"end":{"line":382,"column":null}},"71":{"start":{"line":333,"column":64},"end":{"line":345,"column":null}},"72":{"start":{"line":336,"column":34},"end":{"line":336,"column":89}},"73":{"start":{"line":339,"column":34},"end":{"line":342,"column":12}},"74":{"start":{"line":347,"column":6},"end":{"line":365,"column":null}},"75":{"start":{"line":348,"column":37},"end":{"line":348,"column":null}},"76":{"start":{"line":349,"column":8},"end":{"line":362,"column":null}},"77":{"start":{"line":350,"column":10},"end":{"line":360,"column":null}},"78":{"start":{"line":350,"column":84},"end":{"line":360,"column":12}},"79":{"start":{"line":361,"column":10},"end":{"line":361,"column":null}},"80":{"start":{"line":364,"column":8},"end":{"line":364,"column":null}},"81":{"start":{"line":367,"column":6},"end":{"line":375,"column":null}},"82":{"start":{"line":368,"column":48},"end":{"line":368,"column":null}},"83":{"start":{"line":369,"column":8},"end":{"line":372,"column":null}},"84":{"start":{"line":370,"column":10},"end":{"line":370,"column":null}},"85":{"start":{"line":371,"column":10},"end":{"line":371,"column":null}},"86":{"start":{"line":374,"column":8},"end":{"line":374,"column":null}},"87":{"start":{"line":377,"column":6},"end":{"line":381,"column":null}},"88":{"start":{"line":378,"column":8},"end":{"line":378,"column":null}},"89":{"start":{"line":380,"column":8},"end":{"line":380,"column":null}},"90":{"start":{"line":384,"column":10},"end":{"line":384,"column":null}},"91":{"start":{"line":386,"column":4},"end":{"line":386,"column":null}},"92":{"start":{"line":387,"column":4},"end":{"line":387,"column":null}},"93":{"start":{"line":388,"column":4},"end":{"line":388,"column":null}},"94":{"start":{"line":389,"column":4},"end":{"line":389,"column":null}},"95":{"start":{"line":391,"column":4},"end":{"line":391,"column":null}},"96":{"start":{"line":393,"column":4},"end":{"line":395,"column":null}},"97":{"start":{"line":394,"column":6},"end":{"line":394,"column":null}},"98":{"start":{"line":402,"column":8},"end":{"line":420,"column":null}},"99":{"start":{"line":404,"column":6},"end":{"line":404,"column":null}},"100":{"start":{"line":405,"column":6},"end":{"line":413,"column":null}},"101":{"start":{"line":406,"column":8},"end":{"line":408,"column":null}},"102":{"start":{"line":407,"column":10},"end":{"line":407,"column":null}},"103":{"start":{"line":409,"column":8},"end":{"line":409,"column":null}},"104":{"start":{"line":410,"column":8},"end":{"line":410,"column":null}},"105":{"start":{"line":412,"column":8},"end":{"line":412,"column":null}},"106":{"start":{"line":414,"column":6},"end":{"line":414,"column":null}},"107":{"start":{"line":415,"column":6},"end":{"line":417,"column":null}},"108":{"start":{"line":416,"column":8},"end":{"line":416,"column":null}},"109":{"start":{"line":426,"column":8},"end":{"line":428,"column":null}},"110":{"start":{"line":427,"column":4},"end":{"line":427,"column":null}},"111":{"start":{"line":427,"column":31},"end":{"line":427,"column":69}},"112":{"start":{"line":434,"column":8},"end":{"line":442,"column":null}},"113":{"start":{"line":435,"column":17},"end":{"line":435,"column":null}},"114":{"start":{"line":436,"column":4},"end":{"line":436,"column":null}},"115":{"start":{"line":436,"column":15},"end":{"line":436,"column":null}},"116":{"start":{"line":437,"column":4},"end":{"line":440,"column":null}},"117":{"start":{"line":441,"column":4},"end":{"line":441,"column":null}},"118":{"start":{"line":448,"column":8},"end":{"line":584,"column":null}},"119":{"start":{"line":449,"column":17},"end":{"line":449,"column":null}},"120":{"start":{"line":450,"column":4},"end":{"line":450,"column":null}},"121":{"start":{"line":450,"column":15},"end":{"line":450,"column":null}},"122":{"start":{"line":452,"column":52},"end":{"line":452,"column":null}},"123":{"start":{"line":455,"column":26},"end":{"line":455,"column":null}},"124":{"start":{"line":456,"column":20},"end":{"line":456,"column":null}},"125":{"start":{"line":457,"column":4},"end":{"line":462,"column":null}},"126":{"start":{"line":458,"column":18},"end":{"line":458,"column":null}},"127":{"start":{"line":459,"column":6},"end":{"line":461,"column":null}},"128":{"start":{"line":460,"column":8},"end":{"line":460,"column":null}},"129":{"start":{"line":465,"column":22},"end":{"line":465,"column":null}},"130":{"start":{"line":466,"column":4},"end":{"line":468,"column":null}},"131":{"start":{"line":467,"column":6},"end":{"line":467,"column":null}},"132":{"start":{"line":471,"column":23},"end":{"line":471,"column":null}},"133":{"start":{"line":472,"column":4},"end":{"line":504,"column":null}},"134":{"start":{"line":473,"column":25},"end":{"line":473,"column":null}},"135":{"start":{"line":474,"column":6},"end":{"line":483,"column":null}},"136":{"start":{"line":484,"column":6},"end":{"line":502,"column":null}},"137":{"start":{"line":485,"column":23},"end":{"line":485,"column":null}},"138":{"start":{"line":486,"column":8},"end":{"line":495,"column":null}},"139":{"start":{"line":497,"column":20},"end":{"line":497,"column":null}},"140":{"start":{"line":498,"column":8},"end":{"line":501,"column":null}},"141":{"start":{"line":503,"column":6},"end":{"line":503,"column":null}},"142":{"start":{"l
[...]
,"/Users/kennethstott/PycharmProjects/constat/constat-ui/src/store/entityCacheKeys.ts": {"path":"/Users/kennethstott/PycharmProjects/constat/constat-ui/src/store/entityCacheKeys.ts","statementMap":{"0":{"start":{"line":14,"column":26},"end":{"line":14,"column":null}},"1":{"start":{"line":15,"column":26},"end":{"line":15,"column":null}},"2":{"start":{"line":16,"column":31},"end":{"line":16,"column":null}},"3":{"start":{"line":17,"column":26},"end":{"line":17,"column":null}},"4":{"start":{"line":20,"column":23},"end":{"line":20,"column":null}},"5":{"start":{"line":21,"column":31},"end":{"line":21,"column":null}},"6":{"start":{"line":22,"column":32},"end":{"line":22,"column":null}},"7":{"start":{"line":23,"column":27},"end":{"line":23,"column":null}},"8":{"start":{"line":24,"column":28},"end":{"line":24,"column":null}},"9":{"start":{"line":27,"column":23},"end":{"line":27,"column":null}},"10":{"start":{"line":28,"column":31},"end":{"line":28,"column":null}},"11":{"start":{"line":29,"column":29},"end":{"line":29,"column":null}},"12":{"start":{"line":30,"column":25},"end":{"line":30,"column":null}},"13":{"start":{"line":31,"column":28},"end":{"line":31,"column":null}},"14":{"start":{"line":32,"column":26},"end":{"line":32,"column":null}},"15":{"start":{"line":33,"column":25},"end":{"line":33,"column":null}},"16":{"start":{"line":34,"column":30},"end":{"line":34,"column":null}},"17":{"start":{"line":35,"column":30},"end":{"line":35,"column":null}},"18":{"start":{"line":36,"column":34},"end":{"line":36,"column":null}},"19":{"start":{"line":37,"column":28},"end":{"line":37,"column":null}},"20":{"start":{"line":38,"column":32},"end":{"line":38,"column":null}},"21":{"start":{"line":39,"column":27},"end":{"line":39,"column":null}},"22":{"start":{"line":40,"column":23},"end":{"line":40,"column":null}},"23":{"start":{"line":41,"column":26},"end":{"line":41,"column":null}},"24":{"start":{"line":42,"column":35},"end":{"line":42,"column":null}},"25":{"start":{"line":45,"column":26},"end":{"line":45,"column":null}},"26":{"start":{"line":46,"column":23},"end":{"line":46,"column":null}},"27":{"start":{"line":47,"column":25},"end":{"line":47,"column":null}},"28":{"start":{"line":48,"column":29},"end":{"line":48,"column":null}},"29":{"start":{"line":49,"column":30},"end":{"line":49,"column":null}},"30":{"start":{"line":103,"column":15},"end":{"line":103,"column":null}},"31":{"start":{"line":104,"column":2},"end":{"line":111,"column":null}},"32":{"start":{"line":104,"column":48},"end":{"line":111,"column":4}},"33":{"start":{"line":115,"column":19},"end":{"line":115,"column":null}},"34":{"start":{"line":116,"column":19},"end":{"line":116,"column":null}},"35":{"start":{"line":117,"column":18},"end":{"line":117,"column":null}},"36":{"start":{"line":120,"column":21},"end":{"line":120,"column":null}},"37":{"start":{"line":121,"column":2},"end":{"line":130,"column":null}},"38":{"start":{"line":122,"column":17},"end":{"line":122,"column":null}},"39":{"start":{"line":123,"column":17},"end":{"line":123,"column":null}},"40":{"start":{"line":124,"column":4},"end":{"line":124,"column":null}},"41":{"start":{"line":124,"column":31},"end":{"line":124,"column":null}},"42":{"start":{"line":125,"column":4},"end":{"line":125,"column":null}},"43":{"start":{"line":126,"column":4},"end":{"line":129,"column":null}},"44":{"start":{"line":127,"column":6},"end":{"line":127,"column":null}},"45":{"start":{"line":127,"column":33},"end":{"line":127,"column":null}},"46":{"start":{"line":128,"column":6},"end":{"line":128,"column":null}},"47":{"start":{"line":133,"column":21},"end":{"line":133,"column":null}},"48":{"start":{"line":134,"column":28},"end":{"line":134,"column":null}},"49":{"start":{"line":135,"column":70},"end":{"line":135,"column":null}},"50":{"start":{"line":136,"column":25},"end":{"line":136,"column":null}},"51":{"start":{"line":138,"column":2},"end":{"line":144,"column":null}},"52":{"start":{"line":139,"column":4},"end":{"line":139,"column":null}},"53":{"start":{"line":140,"column":21},"end":{"line":140,"column":null}},"54":{"start":{"line":141,"column":4},"end":{"line":143,"column":null}},"55":{"start":{"line":142,"column":6},"end":{"line":142,"column":null}},"56":{"start":{"line":147,"column":29},"end":{"line":147,"column":null}},"57":{"start":{"line":148,"column":2},"end":{"line":158,"column":null}},"58":{"start":{"line":149,"column":16},"end":{"line":149,"column":null}},"59":{"start":{"line":150,"column":4},"end":{"line":157,"column":null}},"60":{"start":{"line":151,"column":6},"end":{"line":151,"column":null}},"61":{"start":{"line":151,"column":40},"end":{"line":151,"column":null}},"62":{"start":{"line":152,"column":6},"end":{"line":156,"column":null}},"63":{"start":{"line":160,"column":16},"end":{"line":202,"column":null}},"64":{"start":{"line":161,"column":29},"end":{"line":161,"column":null}},"65":{"start":{"line":162,"column":4},"end":{"line":163,"column":null}},"66":{"start":{"line":162,"column":39},"end":{"line":162,"column":null}},"67":{"start":{"line":163,"column":9},"end":{"line":163,"column":null}},"68":{"start":{"line":164,"column":17},"end":{"line":164,"column":null}},"69":{"start":{"line":165,"column":21},"end":{"line":165,"column":null}},"70":{"start":{"line":168,"column":21},"end":{"line":168,"column":null}},"71":{"start":{"line":169,"column":23},"end":{"line":169,"column":null}},"72":{"start":{"line":172,"column":10},"end":{"line":172,"column":null}},"73":{"start":{"line":175,"column":26},"end":{"line":175,"column":null}},"74":{"start":{"line":177,"column":4},"end":{"line":201,"column":null}},"75":{"start":{"line":203,"column":2},"end":{"line":203,"column":null}}},"fnMap":{"0":{"name":"inflateRelationships","decl":{"start":{"line":102,"column":16},"end":{"line":102,"column":37}},"loc":{"start":{"line":102,"column":84},"end":{"line":112,"column":null}},"line":102},"1":{"name":"(anonymous_1)","decl":{"start":{"line":104,"column":34},"end":{"line":104,"column":35}},"loc":{"start":{"line":104,"column":48},"end":{"line":111,"column":4}},"line":104},"2":{"name":"inflateToGlossaryTerms","decl":{"start":{"line":114,"column":16},"end":{"line":114,"column":39}},"loc":{"start":{"line":114,"column":140},"end":{"line":204,"column":null}},"line":114},"3":{"name":"(anonymous_3)","decl":{"start":{"line":160,"column":32},"end":{"line":160,"column":33}},"loc":{"start":{"line":160,"column":43},"end":{"line":202,"column":3}},"line":160}},"branchMap":{"0":{"loc":{"start":{"line":103,"column":15},"end":{"line":103,"column":null}},"type":"binary-expr","locations":[{"start":{"line":103,"column":15},"end":{"line":103,"column":43}},{"start":{"line":103,"column":43},"end":{"line":103,"column":null}}],"line":103},"1":{"loc":{"start":{"line":116,"column":19},"end":{"line":116,"column":null}},"type":"binary-expr","locations":[{"start":{"line":116,"column":19},"end":{"line":116,"column":42}},{"start":{"line":116,"column":42},"end":{"line":116,"column":null}}],"line":116},"2":{"loc":{"start":{"line":124,"column":4},"end":{"line":124,"column":null}},"type":"if","locations":[{"start":{"line":124,"column":4},"end":{"line":124,"column":null}},{"start":{},"end":{}}],"line":124},"3":{"loc":{"start":{"line":126,"column":4},"end":{"line":129,"column":null}},"type":"if","locations":[{"start":{"line":126,"column":4},"end":{"line":129,"column":null}},{"start":{},"end":{}}],"line":126},"4":{"loc":{"start":{"line":127,"column":6},"end":{"line":127,"column":null}},"type":"if","locations":[{"start":{"line":127,"column":6},"end":{"line":127,"column":null}},{"start":{},"end":{}}],"line":127},"5":{"loc":{"start":{"line":141,"column":4},"end":{"line":143,"column":null}},"type":"if","locations":[{"start":{"line":141,"column":4},"end":{"line":143,"column":null}},{"start":{},"end":{}}],"line":141},"6":{"loc":{"start":{"line":150,"column":4},"end":{"line":157,"column":null}},"type":"if","locations":[{"start":{"line":150,"column":4},"end":{"line":157,"column":null}},{"start":{},"end":{}}],"line":150},"7":{"loc":{"start":{"line":151,"column":6},"end":{"line":151,"column":null}},"type":"if","locations":[{"start":{"line":151,"column":6},"end":{"line":151,"column":null}},{"start":{},"end":{}}],"line":151},"8":{"loc":{"start":{"line":155,"column":21},"end":{"line":155,"column":null}},"type":"binary-expr","locations":[{"start":{"line":155,"column":21},"end":{"line":155,"column":42}},{"start":{"line":155,"column":42},"end":{"line":155,"column":null}}],"line":155},"9":{"loc":{"start":{"line":161,"column":29},"end":{"line":161,"column":null}},"type":"binary-expr","locations":[{"start":{"line":161,"column":29},"end":{"line":161,"column":55}},{"start":{"line":161,"column":55},"end":{"line":161,"column":null}}],"line":161},"10":{"loc":{"start":{"line":161,"column":55},"end":{"line":161,"column":null}},"type":"cond-expr","locations":[{"start":{"line":161,"column":74},"end":{"line":161,"column":86}},{"start":{"line":161,"column":86},"end":{"line":161,"column":null}}],"line":161},"11":{"loc":{"start":{"line":162,"column":4},"end":{"line":163,"column":null}},"type":"if","locations":[{"start":{"line":162,"column":4},"end":{"line":163,"column":null}},{"start":{"line":163,"column":9},"end":{"line":163,"column":null}}],"line":162},"12":{"loc":{"start":{"line":169,"column":23},"end":{"line":169,"column":null}},"type":"cond-expr","locations":[{"start":{"line":169,"column":34},"end":{"line":169,"column":73}},{"start":{"line":169,"column":73},"end":{"line":169,"column":null}}],"line":169},"13":{"loc":{"start":{"line":169,"column":34},"end":{"line":169,"column":73}},"type":"binary-expr","locations":[{"start":{"line":169,"column":34},"end":{"line":169,"column":66}},{"start":{"line":169,"column":66},"end":{"line":169,"column":73}}],"line":169},"14":{"loc":{"start":{"line":172,"column":10},"end":{"line":172,"column":null}},"type":"binary-expr","locations":[{"start":{"line":172,"column":22},"end":{"line":172,"column":82}},{"start":{"line":172,"column":82},"end":{"line":172,"column":null}}],"line":172},"15":{"loc":{"start":{"line":172,"column":22},"end":{"line":172,"column":82}},"type":"cond-expr","locations":[{"start":{"line":172,"column":33},"end":{"line":172,"column":68}},{"start":{"line":172,"column":68},"end":{"line":172,"column":82}}],"line":172},"16":{"loc":{"start":{"line":175,"column":26},"end":{"line":175,"column":null}},"type":"binary-expr","locations":[{"start":{"line":175,"column":26},"end":{"line":175,"column":64}},{"start":{"line":175,"column":64},"end":{"line":175,"column":null}}],"line":175},"17":{"loc":{"start":{"line":180,"column":18},"end":{"line":180,"column":null}},"type":"binary-expr","locations":[{"start":{"line":180,"column":18},"end":{"line":180,"column":38}},{"start":{"line":180,"column":38},"end":{"line":180,"column":null}}],"line":180},"18":{"loc":{"start":{"line":181,"column":14},"end":{"line":181,"column":null}},"type":"binary-expr","locations":[{"start":{"line":181,"column":14},"end":{"line":181,"column":30}},{"start":{"line":181,"column":30},"end":{"line":181,"column":null}}],"line":181},"19":{"loc":{"start":{"line":182,"column":19},"end":{"line":182,"column":null}},"type":"binary-expr","locations":[{"start":{"line":182,"column":19},"end":{"line":182,"column":40}},{"start":{"line":182,"column":40},"end":{"line":182,"column":null}}],"line":182},"20":{"loc":{"start":{"line":183,"column":17},"end":{"line":183,"column":null}},"type":"binary-expr","locations":[{"start":{"line":183,"column":17},"end":{"line":183,"column":29}},{"start":{"line":183,"column":29},"end":{"line":183,"column":null}}],"line":183},"21":{"loc":{"start":{"line":184,"column":19},"end":{"line":184,"column":null}},"type":"binary-expr","locations":[{"start":{"line":184,"column":19},"end":{"line":184,"column":71}},{"start":{"line":184,"column":71},"end":{"line":184,"column":null}}],"line":184},"22":{"loc":{"start":{"line":186,"column":15},"end":{"line":186,"column":null}},"type":"binary-expr","locations":[{"start":{"line":186,"column":15},"end":{"line":186,"column":32}},{"start":{"line":186,"column":32},"end":{"line":186,"column":null}}],"line":186},"23":{"loc":{"start":{"line":187,"column":21},"end":{"line":187,"column":null}},"type":"binary-expr","locations":[{"start":{"line":187,"column":21},"end":{"line":187,"column":44}},{"start":{"line":187,"column":44},"end":{"line":187,"column":null}}],"line":187},"24":{"loc":{"start":{"line":191,"column":17},"end":{"line":191,"column":null}},"type":"binary-expr","locations":[{"start":{"line":191,"column":17},"end":{"line":191,"column":29}},{"start":{"line":191,"column":29},"end":{"line":191,"column":null}}],"line":191},"25":{"loc":{"start":{"line":192,"column":19},"end":{"line":192,"column":null}},"type":"binary-expr","locations":[{"start":{"line":192,"column":19},"end":{"line":192,"column":31}},{"start":{"line":192,"column":31},"end":{"line":192,"column":null}}],"line":192},"26":{"loc":{"start":{"line":193,"column":16},"end":{"line":193,"column":null}},"type":"binary-expr","locations":[{"start":{"line":193,"column":16},"end":{"line":193,"column":34}},{"start":{"line":193,"column":34},"end":{"line":193,"column":null}}],"line":193},"27":{"loc":{"start":{"line":194,"column":12},"end":{"line":194,"column":null}},"type":"binary-expr","locations":[{"start":{"line":194,"column":12},"end":{"line":194,"column":26}},{"start":{"line":194,"column":26},"end":{"line":194,"column":null}}],"line":194},"28":{"loc":{"start":{"line":195,"column":15},"end":{"line":195,"column":null}},"type":"binary-expr","locations":[{"start":{"line":195,"column":15},"end":{"line":195,"column":32}},{"start":{"line":195,"column":32},"end":{"line":195,"column":null}}],"line":195},"29":{"loc":{"start":{"line":197,"column":24},"end":{"line":197,"column":null}},"type":"binary-expr","locations":[{"start":{"line":197,"column":24},"end":{"line":197,"column":42}},{"start":{"line":197,"column":42},"end":{"line":197,"column":null}}],"line":197},"30":{"loc":{"start":{"line":200,"column":24},"end":{"line":200,"column":null}},"type":"binary-expr","locations":[{"start":{"line":200,"column":24},"end":{"line":200,"column":50}},{"start":{"line":200,"column":50},"end":{"line":200,"column":null}}],"line":200}},"s":{"0":3,"1":3,"2":3,"3":3,"4":3,"5":3,"6":3,"7":3,"8":3,"9":3,"10":3,"11":3,"12":3,"13":3,"14":3,"15":3,"16":3,"17":3,"18":3,"19":3,"20":3,"21":3,"22":3,"23":3,"24":3,"25":3,"26":3,"27":3,"28":3,"29":3,"30":3,"31":3,"32":1,"33":3,"34":3,"35":3,"36":3,"37":3,"38":1,"39":1,"40":1,"41":1,"42":1,"43":1,"44":1,"45":1,"46":1,"47":3,"48":3,"49":3,"50":3,"51":3,"52":2,"53":2,"54":2,"55":0,"56":3,"57":3,"58":2,"59":2,"60":1,"61":1,"62":1,"63":3,"64":2,"65":2,"66":1,"67":1,"68":2,"69":2,"70":2,"71":2,"72":2,"73":2,"74":2,"75":3},"f":{"0":3,"1":1,"2":3,"3":2},"b":{"0":[3,0],"1":[3,0],"2":[1,0],"3":[1,0],"4":[1,0],"5":[0,2],"6":[1,1],"7":[1,0],"8":[1,1],"9":[2,2],"10":[1,1],"11":[1,1],"12":[1,1],"13":[1,1],"14":[2,2],"15":[0,2],"16":[2,0],"17":[2,1],"18":[2,2],"19":[2,2],"20":[2,1],"21":[2,2],"22":[2,0],"23":[2,2],"24":[2,2],"25":[2,2],"26":[2,2],"27":[2,2],"28":[2,2],"29":[2,2],"30":[2,2]},"meta":{"lastBranch":31,"lastFunction":4,"lastStatement":76,"seen":{"s:14:26:14:Infinity":0,"s:15:26:15:Infinity":1,"s:16:31:16:Infinity":2,"s:17:26:17:Infinity":3,"s:20:23:20:Infinity":4,"s:21:31:21:Infinity":5,"s:22:32:22:Infinity":6,"s:23:27:23:Infinity":7,"s:24:28:24:Infinity":8,"s:27:23:27:Infinity":9,"s:28:31:28:Infinity":10,"s:29:29:29:Infinity":11,"s:30:25:30:Infinity":12,"s:31:28:31:Infinity":13,"s:32:26:32:Infinity":14,"s:33:25:33:Infinity":15,"s:34:30:34:Infinity":16,"s:35:30:35:Infinity":17,"s:36:34:36:Infinity":18,"s:37:28:37:Infinity":19,"s:38:32:38:Infinity":20,"s:39:27:39:Infinity":21,"s:40:23:40:Infinity":22,"s:41:26:41:Infinity":23,"s:42:35:42:Infinity":24,"s:45:26:45:Infinity":25,"s:46:23:46:Infinity":26,"s:47:25:47:Infinity":27,"s:48:29:48:Infinity":28,"s:49:30:49:Infinity":29,"f:102:16:102:37":0,"s:103:15:103:Infinity":30,"b:103:15:103:43:103:43:103:Infinity":0,"s:104:2:111:Infinity":31,"f:104:34:104:35":1,"s:104:48:111:4":32,"f:114:16:114:39":2,"s:115:19:115:Infinity":33,"s:116:19:116:Infinity":34,"b:116:19:116:42:116:42:116:Infinity":1,"s:117:18:117:Infinity":35,"s:120:21:120:Infinity":36,"s:121:2:130:Infinity":37,"s:122:17:122:Infinity":38,"s:123:17:123:Infinity":39,"b:124:4:124:Infinity:undefined:undefined:undefined:undefined":2,"s:124:4:124:Infinity":40,"s:124:31:124:Infinity":41,"s:125:4:125:Infinity":42,"b:126:4:129:Infinity:undefined:undefined:undefined:undefined":3,"s:126:4:129:Infinity":43,"b:127:6:127:Infinity:undefined:undefined:undefined:undefined":4,"s:127:6:127:Infinity":44,"s:127:33:127:Infinity":45,"s:128:6:128:Infinity":46,"s:133:21:133:Infinity":47,"s:134:28:134:Infinity":48,"s:135:70:135:Infinity":49,"s:136:25:136:Infinity":50,"s:138:2:144:Infinity":51,"s:139:4:139:Infinity":52,"s:140:21:140:Infinity":53,"b:141:4:143:Infinity:undefined:undefined:undefined:undefined":5,"s:141:4:143:Infinity":54,"s:142:6:142:Infinity":55,"s:147:29:147:Infinity":56,"s:148:2:158:Infinity":57,"s:149:16:149:Infinity":58,"b:150:4:157:Infinity:undefined:undefined:undefined:undefined":6,"s:150:4:157:Infinity":59,"b:151:6:151:Infinity:undefined:undefined:undefined:undefined":7,"s:151:6:151:Infinity":60,"s:151:40:151:Infinity":61,"s:152:6:156:Infinity":62,"b:155:21:155:42:155:42:155:Infinity":8,"s:160:16:202:Infinity":63,"f:160:32:160:33":3,"s:161:29:161:Infinity":64,"b:161:29:161:55:161:55:161:Infinity":9,"b:161:74:161:86:161:86:161:Infinity":10,"b:162:4:163:Infinity:163:9:163:Infinity":11,"s:162:4:163:Infinity":65,"s:162:39:162:Infinity":66,"s:163:9:163:Infinity":67,"s:164:17:164:Infinity":68,"s:165:21:165:Infinity":69,"s:168:21:168:Infinity":70,"s:169:23:169:Infinity":71,"b:169:34:169:73:169:73:169:Infinity":12,"b:169:34:169:66:169:66:169:73":13,"s:172:10:172:Infinity":72,"b:172:22:172:82:172:82:172:Infinity":14,"b:172:33:172:68:172:68:172:82":15,"s:175:26:175:Infinity":73,"b:175:26:175:64:175:64:175:Infinity":16,"s:177:4:201:Infinity":74,"b:180:18:180:38:180:38:180:Infinity":17,"b:181:14:181:30:181:30:181:Infinity":18,"b:182:19:182:40:182:40:182:Infinity":19,"b:183:17:183:29:183:29:183:Infinity":20,"b:184:19:184:71:184:71:184:Infinity":21,"b:186:15:186:32:186:32:186:Infinity":22,"b:187:21:187:44:187:44:187:Infinity":23,"b:191:17:191:29:191:29:191:Infinity":24,"b:192:19:192:31:192:31:192:Infinity":25,"b:193:16:193:34:193:34:193:Infinity":26,"b:194:12:194:26:194:26:194:Infinity":27,"b:195:15:195:32:195:32:195:Infinity":28,"b:197:24:197:42:197:42:197:Infinity":29,"b:200:24:200:50:200:50:200:Infinity":30,"s:203:2:203:Infinity":75}}}
}
